<?xml version="1.0" encoding="UTF-8"?>
<!-- Generated by org.testng.reporters.JUnitXMLReporter -->
<testsuite ignored="0" hostname="Anish" failures="1" tests="6" name="Test" time="0.128" errors="0" timestamp="2025-09-24T07:29:23 IST">
  <testcase classname="org.ecommerce.AndroidBaseTest" name="@BeforeClass ConfigureAppium" time="0.032">
    <failure type="io.appium.java_client.service.local.InvalidServerInstanceException" message="The main Appium script does not exist at &amp;apos;\\usr\local\lib\node_modules\appium\build\lib\main.js&amp;apos;">
      <![CDATA[io.appium.java_client.service.local.InvalidServerInstanceException: The main Appium script does not exist at '\\usr\local\lib\node_modules\appium\build\lib\main.js'
at io.appium.java_client.service.local.AppiumServiceBuilder.validatePath(AppiumServiceBuilder.java:129)
at io.appium.java_client.service.local.AppiumServiceBuilder.loadPathToMainScript(AppiumServiceBuilder.java:293)
at io.appium.java_client.service.local.AppiumServiceBuilder.createArgs(AppiumServiceBuilder.java:360)
at io.appium.java_client.service.local.AppiumServiceBuilder.createArgs(AppiumServiceBuilder.java:57)
at org.openqa.selenium.remote.service.DriverService$Builder.build(DriverService.java:496)
at org.stc.utils.AppiumUtils.startAppiumServer(AppiumUtils.java:49)
at org.ecommerce.AndroidBaseTest.ConfigureAppium(AndroidBaseTest.java:33)
at java.base/java.util.ArrayList.forEach(ArrayList.java:1511)
... Removed 25 stack frames]]>
    </failure>
  </testcase> <!-- @BeforeClass ConfigureAppium -->
  <testcase classname="org.ecommerce.AndroidBaseTest" name="@AfterClass tearDown" time="0.007">
    <failure type="java.lang.NullPointerException" message="Cannot invoke &amp;quot;io.appium.java_client.android.AndroidDriver.quit()&amp;quot; because &amp;quot;this.driver&amp;quot; is null">
      <![CDATA[java.lang.NullPointerException: Cannot invoke "io.appium.java_client.android.AndroidDriver.quit()" because "this.driver" is null
at org.ecommerce.AndroidBaseTest.tearDown(AndroidBaseTest.java:55)
at java.base/java.util.ArrayList.forEach(ArrayList.java:1511)
... Removed 26 stack frames]]>
    </failure>
  </testcase> <!-- @AfterClass tearDown -->
  <testcase classname="org.ecommerce.AndroidBaseTest" name="@BeforeClass ConfigureAppium" time="0.003">
    <failure type="io.appium.java_client.service.local.InvalidServerInstanceException" message="The main Appium script does not exist at &amp;apos;\\usr\local\lib\node_modules\appium\build\lib\main.js&amp;apos;">
      <![CDATA[io.appium.java_client.service.local.InvalidServerInstanceException: The main Appium script does not exist at '\\usr\local\lib\node_modules\appium\build\lib\main.js'
at io.appium.java_client.service.local.AppiumServiceBuilder.validatePath(AppiumServiceBuilder.java:129)
at io.appium.java_client.service.local.AppiumServiceBuilder.loadPathToMainScript(AppiumServiceBuilder.java:293)
at io.appium.java_client.service.local.AppiumServiceBuilder.createArgs(AppiumServiceBuilder.java:360)
at io.appium.java_client.service.local.AppiumServiceBuilder.createArgs(AppiumServiceBuilder.java:57)
at org.openqa.selenium.remote.service.DriverService$Builder.build(DriverService.java:496)
at org.stc.utils.AppiumUtils.startAppiumServer(AppiumUtils.java:49)
at org.ecommerce.AndroidBaseTest.ConfigureAppium(AndroidBaseTest.java:33)
at java.base/java.util.ArrayList.forEach(ArrayList.java:1511)
... Removed 25 stack frames]]>
    </failure>
  </testcase> <!-- @BeforeClass ConfigureAppium -->
  <testcase classname="org.ecommerce.AndroidBaseTest" name="@AfterClass tearDown" time="0.0">
    <failure type="java.lang.NullPointerException" message="Cannot invoke &amp;quot;io.appium.java_client.android.AndroidDriver.quit()&amp;quot; because &amp;quot;this.driver&amp;quot; is null">
      <![CDATA[java.lang.NullPointerException: Cannot invoke "io.appium.java_client.android.AndroidDriver.quit()" because "this.driver" is null
at org.ecommerce.AndroidBaseTest.tearDown(AndroidBaseTest.java:55)
at java.base/java.util.ArrayList.forEach(ArrayList.java:1511)
... Removed 26 stack frames]]>
    </failure>
  </testcase> <!-- @AfterClass tearDown -->
  <testcase classname="DataProviderFirst.DataProvider1" name="homePage" time="0.0">
    <failure type="java.lang.RuntimeException" message="java.nio.file.AccessDeniedException: C:\Users\Anishkumar\eclipse-workspaceMobile\appiumDesign\src\test\java\org\ecommerce\testdata">
      <![CDATA[java.lang.RuntimeException: java.nio.file.AccessDeniedException: C:\Users\Anishkumar\eclipse-workspaceMobile\appiumDesign\src\test\java\org\ecommerce\testdata
at java.base/java.util.ArrayList.forEach(ArrayList.java:1511)
Caused by: java.nio.file.AccessDeniedException: C:\Users\Anishkumar\eclipse-workspaceMobile\appiumDesign\src\test\java\org\ecommerce\testdata
at java.base/sun.nio.fs.WindowsException.translateToIOException(WindowsException.java:89)
at java.base/sun.nio.fs.WindowsException.rethrowAsIOException(WindowsException.java:103)
at java.base/sun.nio.fs.WindowsException.rethrowAsIOException(WindowsException.java:108)
at java.base/sun.nio.fs.WindowsFileSystemProvider.newByteChannel(WindowsFileSystemProvider.java:236)
at java.base/java.nio.file.Files.newByteChannel(Files.java:380)
at java.base/java.nio.file.Files.newByteChannel(Files.java:432)
at java.base/java.nio.file.spi.FileSystemProvider.newInputStream(FileSystemProvider.java:422)
at java.base/java.nio.file.Files.newInputStream(Files.java:160)
at org.apache.commons.io.FileUtils.lambda$readFileToString$14(FileUtils.java:2768)
at org.apache.commons.io.IOUtils.toString(IOUtils.java:3204)
at org.apache.commons.io.IOUtils.toString(IOUtils.java:3179)
at org.apache.commons.io.FileUtils.readFileToString(FileUtils.java:2768)
at org.stc.utils.AppiumUtils.getJsonData(AppiumUtils.java:36)
at DataProviderFirst.DataProvider1.getData(DataProvider1.java:64)
... 25 more
... Removed 32 stack frames]]>
    </failure>
  </testcase> <!-- homePage -->
  <testcase classname="DataProviderFirst.DataProvider1" name="findProduct" time="0.0">
    <skipped/>
  </testcase> <!-- findProduct -->
  <testcase classname="DataProviderFirst.DataProvider1" name="addProduct" time="0.0">
    <skipped/>
  </testcase> <!-- addProduct -->
  <testcase classname="DataProviderFirst.DataProvider1" name="TC" time="0.0">
    <skipped/>
  </testcase> <!-- TC -->
  <testcase classname="DataProviderFirst.DataProvider1" name="proceed" time="0.0">
    <skipped/>
  </testcase> <!-- proceed -->
  <testcase classname="DataProviderFirst.DataProvider2" name="POM_App" time="0.0">
    <skipped/>
  </testcase> <!-- POM_App -->
</testsuite> <!-- Test -->
