<?xml version="1.0" encoding="UTF-8"?>
<testsuite xmlns:xsi="http://www.w3.org/2001/XMLSchema-instance" xsi:noNamespaceSchemaLocation="https://maven.apache.org/surefire/maven-surefire-plugin/xsd/surefire-test-report-3.0.xsd" version="3.0" name="TestSuite" time="31.753" tests="3" errors="0" skipped="1" failures="2">
  <properties>
[...]
</properties>
  <testcase name="ConfigureAppium" classname="DataProviderFirst.DataProvider2" time="29.739">
    <failure message="Could not start a new session. Response code 500. Message: An unknown server-side error occurred while processing the command. Original error: Could not find a connected Android device in 20000ms &#10;Host info: host: &apos;ANISH&apos;, ip: &apos;192.168.1.35&apos;&#10;Build info: version: &apos;4.13.0&apos;, revision: &apos;ba948ece5b*&apos;&#10;System info: os.name: &apos;Windows 11&apos;, os.arch: &apos;amd64&apos;, os.version: &apos;10.0&apos;, java.version: &apos;24.0.2&apos;&#10;Driver info: io.appium.java_client.android.AndroidDriver&#10;Command: [null, newSession {capabilities=[{appium:deviceName=AnishEmulator, platformName=ANDROID, appium:automationName=UIAutomator2, appium:app=C:\Users\Anishkumar\eclipse-workspaceMobile\appiumDesign//src//test//java//org//rsa//resources//General-Store.apk}], desiredCapabilities=Capabilities {appium:app: C:\Users\Anishkumar\eclipse..., appium:automationName: UIAutomator2, appium:deviceName: AnishEmulator, platformName: ANDROID}}]&#10;Capabilities {appium:app: C:\Users\Anishkumar\eclipse..., appium:automationName: UIAutomator2, appium:deviceName: AnishEmulator, platformName: ANDROID}" type="org.openqa.selenium.SessionNotCreatedException"><![CDATA[org.openqa.selenium.SessionNotCreatedException: 
Could not start a new session. Response code 500. Message: An unknown server-side error occurred while processing the command. Original error: Could not find a connected Android device in 20000ms 
Host info: host: 'ANISH', ip: '192.168.1.35'
Build info: version: '4.13.0', revision: 'ba948ece5b*'
System info: os.name: 'Windows 11', os.arch: 'amd64', os.version: '10.0', java.version: '24.0.2'
Driver info: io.appium.java_client.android.AndroidDriver
Command: [null, newSession {capabilities=[{appium:deviceName=AnishEmulator, platformName=ANDROID, appium:automationName=UIAutomator2, appium:app=C:\Users\Anishkumar\eclipse-workspaceMobile\appiumDesign//src//test//java//org//rsa//resources//General-Store.apk}], desiredCapabilities=Capabilities {appium:app: C:\Users\Anishkumar\eclipse..., appium:automationName: UIAutomator2, appium:deviceName: AnishEmulator, platformName: ANDROID}}]
Capabilities {appium:app: C:\Users\Anishkumar\eclipse..., appium:automationName: UIAutomator2, appium:deviceName: AnishEmulator, platformName: ANDROID}
	at org.openqa.selenium.remote.ProtocolHandshake.createSession(ProtocolHandshake.java:140)
	at java.base/jdk.internal.reflect.DirectMethodHandleAccessor.invoke(DirectMethodHandleAccessor.java:104)
	at java.base/java.lang.reflect.Method.invoke(Method.java:565)
	at io.appium.java_client.remote.AppiumProtocolHandshake.createSession(AppiumProtocolHandshake.java:133)
	at io.appium.java_client.remote.AppiumProtocolHandshake.createSession(AppiumProtocolHandshake.java:102)
	at io.appium.java_client.remote.AppiumCommandExecutor.createSession(AppiumCommandExecutor.java:182)
	at io.appium.java_client.remote.AppiumCommandExecutor.execute(AppiumCommandExecutor.java:250)
	at org.openqa.selenium.remote.RemoteWebDriver.execute(RemoteWebDriver.java:602)
	at io.appium.java_client.AppiumDriver.startSession(AppiumDriver.java:274)
	at org.openqa.selenium.remote.RemoteWebDriver.<init>(RemoteWebDriver.java:163)
	at io.appium.java_client.AppiumDriver.<init>(AppiumDriver.java:89)
	at io.appium.java_client.AppiumDriver.<init>(AppiumDriver.java:101)
	at io.appium.java_client.android.AndroidDriver.<init>(AndroidDriver.java:113)
	at org.ecommerce.AndroidBaseTest.ConfigureAppium(AndroidBaseTest.java:43)
	at java.base/jdk.internal.reflect.DirectMethodHandleAccessor.invoke(DirectMethodHandleAccessor.java:104)
	at java.base/java.lang.reflect.Method.invoke(Method.java:565)
	at org.testng.internal.invokers.MethodInvocationHelper.invokeMethod(MethodInvocationHelper.java:139)
	at org.testng.internal.invokers.MethodInvocationHelper.invokeMethodConsideringTimeout(MethodInvocationHelper.java:69)
	at org.testng.internal.invokers.ConfigInvoker.invokeConfigurationMethod(ConfigInvoker.java:390)
	at org.testng.internal.invokers.ConfigInvoker.invokeConfigurations(ConfigInvoker.java:325)
	at org.testng.internal.invokers.TestMethodWorker.invokeBeforeClassMethods(TestMethodWorker.java:180)
	at org.testng.internal.invokers.TestMethodWorker.run(TestMethodWorker.java:122)
	at java.base/java.util.ArrayList.forEach(ArrayList.java:1604)
	at org.testng.TestRunner.privateRun(TestRunner.java:848)
	at org.testng.TestRunner.run(TestRunner.java:621)
	at org.testng.SuiteRunner.runTest(SuiteRunner.java:443)
	at org.testng.SuiteRunner.runSequentially(SuiteRunner.java:437)
	at org.testng.SuiteRunner.privateRun(SuiteRunner.java:397)
	at org.testng.SuiteRunner.run(SuiteRunner.java:336)
	at org.testng.SuiteRunnerWorker.runSuite(SuiteRunnerWorker.java:52)
	at org.testng.SuiteRunnerWorker.run(SuiteRunnerWorker.java:95)
	at org.testng.TestNG.runSuitesSequentially(TestNG.java:1280)
	at org.testng.TestNG.runSuitesLocally(TestNG.java:1200)
	at org.testng.TestNG.runSuites(TestNG.java:1114)
	at org.testng.TestNG.run(TestNG.java:1082)
	at org.apache.maven.surefire.testng.TestNGExecutor.run(TestNGExecutor.java:308)
	at org.apache.maven.surefire.testng.TestNGXmlTestSuite.execute(TestNGXmlTestSuite.java:71)
	at org.apache.maven.surefire.testng.TestNGProvider.invoke(TestNGProvider.java:113)
	at org.apache.maven.surefire.booter.ForkedBooter.runSuitesInProcess(ForkedBooter.java:385)
	at org.apache.maven.surefire.booter.ForkedBooter.execute(ForkedBooter.java:162)
	at org.apache.maven.surefire.booter.ForkedBooter.run(ForkedBooter.java:507)
	at org.apache.maven.surefire.booter.ForkedBooter.main(ForkedBooter.java:495)
]]></failure>
    <system-out><![CDATA[127.0.0.1
&amp#27;[38;5;112m[Appium]&amp#27;[0m Welcome to Appium v2.19.0
&amp#27;[38;5;112m[Appium]&amp#27;[0m Non-default server args:
&amp#27;[38;5;112m[Appium]&amp#27;[0m { address: &amp#27;[32m'127.0.0.1'&amp#27;[39m, port: &amp#27;[33m4725&amp#27;[39m }
&amp#27;[38;5;112m[Appium]&amp#27;[0m The autodetected Appium home path: C:\Users\Anishkumar
&amp#27;[38;5;112m[Appium]&amp#27;[0m Attempting to load driver uiautomator2...
&amp#27;[38;5;112m[Appium]&amp#27;[0m Requiring driver at C:\Users\Anishkumar\node_modules\appium-uiautomator2-driver\build\index.js
&amp#27;[38;5;112m[Appium]&amp#27;[0m AndroidUiautomator2Driver has been successfully loaded in 1.897s
&amp#27;[38;5;112m[Appium]&amp#27;[0m Appium REST http interface listener started on http://127.0.0.1:4725
&amp#27;[38;5;112m[Appium]&amp#27;[0m Available drivers:
&amp#27;[38;5;112m[Appium]&amp#27;[0m   - uiautomator2@3.10.0 (automationName 'UiAutomator2')
&amp#27;[38;5;112m[Appium]&amp#27;[0m No plugins have been installed. Use the "appium plugin" command to install the one(s) you want to use.
&amp#27;[38;5;86m[HTTP]&amp#27;[0m &amp#27;[37m-->&amp#27;[39m &amp#27;[37mGET&amp#27;[39m &amp#27;[37m/status&amp#27;[39m &amp#27;[90m{}&amp#27;[39m
&amp#27;[38;5;109m[AppiumDriver@f60a]&amp#27;[0m Calling AppiumDriver.getStatus() with args: []
&amp#27;[38;5;109m[AppiumDriver@f60a]&amp#27;[0m Responding to client with driver.getStatus() result: {"ready":true,"message":"The server is ready to accept new connections","build":{"version":"2.19.0"}}
&amp#27;[38;5;86m[HTTP]&amp#27;[0m &amp#27;[37m<-- GET /status &amp#27;[39m&amp#27;[32m200&amp#27;[39m &amp#27;[90m4 ms - 111&amp#27;[39m &amp#27;[90m&amp#27;[39m
&amp#27;[38;5;86m[HTTP]&amp#27;[0m Request idempotency key: f7c4c6ac-41ba-4832-a90d-a44d4856d231
&amp#27;[38;5;86m[HTTP]&amp#27;[0m &amp#27;[37m-->&amp#27;[39m &amp#27;[37mPOST&amp#27;[39m &amp#27;[37m/session&amp#27;[39m &amp#27;[90m{"capabilities":{"firstMatch":[{}],"alwaysMatch":{"appium:app":"C:\\Users\\Anishkumar\\eclipse-workspaceMobile\\appiumDesign//src//test//java//org//rsa//resources//General-Store.apk","appium:automationName":"UIAutomator2","appium:deviceName":"AnishEmulator","platformName":"ANDROID"}}}&amp#27;[39m
&amp#27;[38;5;109m[AppiumDriver@f60a]&amp#27;[0m Calling AppiumDriver.createSession() with args: [null,null,{"firstMatch":[{}],"alwaysMatch":{"appium:app":"C:\\Users\\Anishkumar\\eclipse-workspaceMobile\\appiumDesign//src//test//java//org//rsa//resources//General-Store.apk","appium:automationName":"UIAutomator2","appium:deviceName":"AnishEmulator","platformName":"ANDROID"}}]
&amp#27;[38;5;109m[AppiumDriver@f60a]&amp#27;[0m Event 'newSessionRequested' logged at 1758707613978 (15:23:33 GMT+0530 (India Standard Time))
&amp#27;[38;5;112m[Appium]&amp#27;[0m Attempting to find matching driver for automationName 'UIAutomator2' and platformName 'ANDROID'
&amp#27;[38;5;112m[Appium]&amp#27;[0m The 'uiautomator2' driver was installed and matched caps.
&amp#27;[38;5;112m[Appium]&amp#27;[0m Will require it at C:\Users\Anishkumar\node_modules\appium-uiautomator2-driver
&amp#27;[38;5;112m[Appium]&amp#27;[0m Requiring driver at C:\Users\Anishkumar\node_modules\appium-uiautomator2-driver\build\index.js
&amp#27;[38;5;109m[AppiumDriver@f60a]&amp#27;[0m Appium v2.19.0 creating new AndroidUiautomator2Driver (v3.10.0) session
&amp#27;[38;5;109m[AppiumDriver@f60a]&amp#27;[0m Checking BaseDriver versions for Appium and AndroidUiautomator2Driver
&amp#27;[38;5;109m[AppiumDriver@f60a]&amp#27;[0m Appium's BaseDriver version is 9.18.0
&amp#27;[38;5;109m[AppiumDriver@f60a]&amp#27;[0m AndroidUiautomator2Driver's BaseDriver version is 9.15.0
&amp#27;[38;5;-182m[AndroidUiautomator2Driver@8472]&amp#27;[0m 
&amp#27;[38;5;-182m[AndroidUiautomator2Driver@8472]&amp#27;[0m Creating session with W3C capabilities: {
  "alwaysMatch": {
    "platformName": "ANDROID",
    "appium:app": "C:\\Users\\Anishkumar\\eclipse-workspaceMobile\\appiumDesign//src//test//java//org//rsa//resources//General-Store.apk",
    "appium:automationName": "UIAutomator2",
    "appium:deviceName": "AnishEmulator"
  },
  "firstMatch": [
    {}
  ]
}
&amp#27;[38;5;76m[fe9b9489]&amp#27;[0m&amp#27;[38;5;-182m[AndroidUiautomator2Driver@8472]&amp#27;[0m Session created with session id: fe9b9489-11ae-45c4-8df8-e47f8f645dce
&amp#27;[38;5;76m[fe9b9489]&amp#27;[0m&amp#27;[38;5;229m[ADB]&amp#27;[0m Found 2 'build-tools' folders under 'C:\Users\Anishkumar\AppData\Local\Android\Sdk' (newest first):
&amp#27;[38;5;76m[fe9b9489]&amp#27;[0m&amp#27;[38;5;229m[ADB]&amp#27;[0m     C:\Users\Anishkumar\AppData\Local\Android\Sdk\build-tools\34.0.0
&amp#27;[38;5;76m[fe9b9489]&amp#27;[0m&amp#27;[38;5;229m[ADB]&amp#27;[0m     C:\Users\Anishkumar\AppData\Local\Android\Sdk\build-tools\33.0.1
&amp#27;[38;5;76m[fe9b9489]&amp#27;[0m&amp#27;[38;5;229m[ADB]&amp#27;[0m Using 'adb.exe' from 'C:\Users\Anishkumar\AppData\Local\Android\Sdk\platform-tools\adb.exe'
&amp#27;[38;5;76m[fe9b9489]&amp#27;[0m&amp#27;[38;5;229m[ADB]&amp#27;[0m Running 'C:\Users\Anishkumar\AppData\Local\Android\Sdk\platform-tools\adb.exe -P 5037 start-server'
&amp#27;[38;5;76m[fe9b9489]&amp#27;[0m&amp#27;[38;5;-182m[AndroidUiautomator2Driver@8472]&amp#27;[0m Retrieving device list
&amp#27;[38;5;76m[fe9b9489]&amp#27;[0m&amp#27;[38;5;229m[ADB]&amp#27;[0m Trying to find connected Android devices
&amp#27;[38;5;76m[fe9b9489]&amp#27;[0m&amp#27;[38;5;229m[ADB]&amp#27;[0m Getting connected devices
&amp#27;[38;5;76m[fe9b9489]&amp#27;[0m&amp#27;[38;5;229m[ADB]&amp#27;[0m No connected devices have been detected
&amp#27;[38;5;76m[fe9b9489]&amp#27;[0m&amp#27;[38;5;229m[ADB]&amp#27;[0m Could not find online devices
&amp#27;[38;5;76m[fe9b9489]&amp#27;[0m&amp#27;[38;5;229m[ADB]&amp#27;[0m Reconnecting adb (target offline)
&amp#27;[38;5;76m[fe9b9489]&amp#27;[0m&amp#27;[38;5;229m[ADB]&amp#27;[0m Running 'C:\Users\Anishkumar\AppData\Local\Android\Sdk\platform-tools\adb.exe -P 5037 reconnect offline'
&amp#27;[38;5;76m[fe9b9489]&amp#27;[0m&amp#27;[38;5;229m[ADB]&amp#27;[0m Getting connected devices
&amp#27;[38;5;76m[fe9b9489]&amp#27;[0m&amp#27;[38;5;229m[ADB]&amp#27;[0m No connected devices have been detected
&amp#27;[38;5;76m[fe9b9489]&amp#27;[0m&amp#27;[38;5;229m[ADB]&amp#27;[0m Could not find online devices
&amp#27;[38;5;76m[fe9b9489]&amp#27;[0m&amp#27;[38;5;229m[ADB]&amp#27;[0m Reconnecting adb (target offline)
&amp#27;[38;5;76m[fe9b9489]&amp#27;[0m&amp#27;[38;5;229m[ADB]&amp#27;[0m Running 'C:\Users\Anishkumar\AppData\Local\Android\Sdk\platform-tools\adb.exe -P 5037 reconnect offline'
&amp#27;[38;5;76m[fe9b9489]&amp#27;[0m&amp#27;[38;5;229m[ADB]&amp#27;[0m Getting connected devices
&amp#27;[38;5;76m[fe9b9489]&amp#27;[0m&amp#27;[38;5;229m[ADB]&amp#27;[0m No connected devices have been detected
&amp#27;[38;5;76m[fe9b9489]&amp#27;[0m&amp#27;[38;5;229m[ADB]&amp#27;[0m Could not find online devices
&amp#27;[38;5;76m[fe9b9489]&amp#27;[0m&amp#27;[38;5;229m[ADB]&amp#27;[0m Reconnecting adb (target offline)
&amp#27;[38;5;76m[fe9b9489]&amp#27;[0m&amp#27;[38;5;229m[ADB]&amp#27;[0m Running 'C:\Users\Anishkumar\AppData\Local\Android\Sdk\platform-tools\adb.exe -P 5037 reconnect offline'
&amp#27;[38;5;76m[fe9b9489]&amp#27;[0m&amp#27;[38;5;229m[ADB]&amp#27;[0m Getting connected devices
&amp#27;[38;5;76m[fe9b9489]&amp#27;[0m&amp#27;[38;5;229m[ADB]&amp#27;[0m No connected devices have been detected
&amp#27;[38;5;76m[fe9b9489]&amp#27;[0m&amp#27;[38;5;229m[ADB]&amp#27;[0m Could not find online devices
&amp#27;[38;5;76m[fe9b9489]&amp#27;[0m&amp#27;[38;5;229m[ADB]&amp#27;[0m Reconnecting adb (target offline)
&amp#27;[38;5;76m[fe9b9489]&amp#27;[0m&amp#27;[38;5;229m[ADB]&amp#27;[0m Running 'C:\Users\Anishkumar\AppData\Local\Android\Sdk\platform-tools\adb.exe -P 5037 reconnect offline'
&amp#27;[38;5;76m[fe9b9489]&amp#27;[0m&amp#27;[38;5;229m[ADB]&amp#27;[0m Getting connected devices
&amp#27;[38;5;76m[fe9b9489]&amp#27;[0m&amp#27;[38;5;229m[ADB]&amp#27;[0m No connected devices have been detected
&amp#27;[38;5;76m[fe9b9489]&amp#27;[0m&amp#27;[38;5;229m[ADB]&amp#27;[0m Could not find online devices
&amp#27;[38;5;76m[fe9b9489]&amp#27;[0m&amp#27;[38;5;229m[ADB]&amp#27;[0m Reconnecting adb (target offline)
&amp#27;[38;5;76m[fe9b9489]&amp#27;[0m&amp#27;[38;5;229m[ADB]&amp#27;[0m Running 'C:\Users\Anishkumar\AppData\Local\Android\Sdk\platform-tools\adb.exe -P 5037 reconnect offline'
&amp#27;[38;5;76m[fe9b9489]&amp#27;[0m&amp#27;[38;5;229m[ADB]&amp#27;[0m Getting connected devices
&amp#27;[38;5;76m[fe9b9489]&amp#27;[0m&amp#27;[38;5;229m[ADB]&amp#27;[0m No connected devices have been detected
&amp#27;[38;5;76m[fe9b9489]&amp#27;[0m&amp#27;[38;5;229m[ADB]&amp#27;[0m Could not find online devices
&amp#27;[38;5;76m[fe9b9489]&amp#27;[0m&amp#27;[38;5;229m[ADB]&amp#27;[0m Reconnecting adb (target offline)
&amp#27;[38;5;76m[fe9b9489]&amp#27;[0m&amp#27;[38;5;229m[ADB]&amp#27;[0m Running 'C:\Users\Anishkumar\AppData\Local\Android\Sdk\platform-tools\adb.exe -P 5037 reconnect offline'
&amp#27;[38;5;76m[fe9b9489]&amp#27;[0m&amp#27;[38;5;229m[ADB]&amp#27;[0m Getting connected devices
&amp#27;[38;5;76m[fe9b9489]&amp#27;[0m&amp#27;[38;5;229m[ADB]&amp#27;[0m No connected devices have been detected
&amp#27;[38;5;76m[fe9b9489]&amp#27;[0m&amp#27;[38;5;229m[ADB]&amp#27;[0m Could not find online devices
&amp#27;[38;5;76m[fe9b9489]&amp#27;[0m&amp#27;[38;5;229m[ADB]&amp#27;[0m Reconnecting adb (target offline)
&amp#27;[38;5;76m[fe9b9489]&amp#27;[0m&amp#27;[38;5;229m[ADB]&amp#27;[0m Running 'C:\Users\Anishkumar\AppData\Local\Android\Sdk\platform-tools\adb.exe -P 5037 reconnect offline'
&amp#27;[38;5;76m[fe9b9489]&amp#27;[0m&amp#27;[38;5;229m[ADB]&amp#27;[0m Getting connected devices
&amp#27;[38;5;76m[fe9b9489]&amp#27;[0m&amp#27;[38;5;229m[ADB]&amp#27;[0m No connected devices have been detected
&amp#27;[38;5;76m[fe9b9489]&amp#27;[0m&amp#27;[38;5;229m[ADB]&amp#27;[0m Could not find online devices
&amp#27;[38;5;76m[fe9b9489]&amp#27;[0m&amp#27;[38;5;229m[ADB]&amp#27;[0m Reconnecting adb (target offline)
&amp#27;[38;5;76m[fe9b9489]&amp#27;[0m&amp#27;[38;5;229m[ADB]&amp#27;[0m Running 'C:\Users\Anishkumar\AppData\Local\Android\Sdk\platform-tools\adb.exe -P 5037 reconnect offline'
&amp#27;[38;5;76m[fe9b9489]&amp#27;[0m&amp#27;[38;5;229m[ADB]&amp#27;[0m Getting connected devices
&amp#27;[38;5;76m[fe9b9489]&amp#27;[0m&amp#27;[38;5;229m[ADB]&amp#27;[0m No connected devices have been detected
&amp#27;[38;5;76m[fe9b9489]&amp#27;[0m&amp#27;[38;5;229m[ADB]&amp#27;[0m Could not find online devices
&amp#27;[38;5;76m[fe9b9489]&amp#27;[0m&amp#27;[38;5;229m[ADB]&amp#27;[0m Reconnecting adb (target offline)
&amp#27;[38;5;76m[fe9b9489]&amp#27;[0m&amp#27;[38;5;229m[ADB]&amp#27;[0m Running 'C:\Users\Anishkumar\AppData\Local\Android\Sdk\platform-tools\adb.exe -P 5037 reconnect offline'
&amp#27;[38;5;76m[fe9b9489]&amp#27;[0m&amp#27;[38;5;229m[ADB]&amp#27;[0m Getting connected devices
&amp#27;[38;5;76m[fe9b9489]&amp#27;[0m&amp#27;[38;5;229m[ADB]&amp#27;[0m No connected devices have been detected
&amp#27;[38;5;76m[fe9b9489]&amp#27;[0m&amp#27;[38;5;229m[ADB]&amp#27;[0m Could not find online devices
&amp#27;[38;5;76m[fe9b9489]&amp#27;[0m&amp#27;[38;5;229m[ADB]&amp#27;[0m Reconnecting adb (target offline)
&amp#27;[38;5;76m[fe9b9489]&amp#27;[0m&amp#27;[38;5;229m[ADB]&amp#27;[0m Running 'C:\Users\Anishkumar\AppData\Local\Android\Sdk\platform-tools\adb.exe -P 5037 reconnect offline'
&amp#27;[38;5;76m[fe9b9489]&amp#27;[0m&amp#27;[38;5;229m[ADB]&amp#27;[0m Getting connected devices
&amp#27;[38;5;76m[fe9b9489]&amp#27;[0m&amp#27;[38;5;229m[ADB]&amp#27;[0m No connected devices have been detected
&amp#27;[38;5;76m[fe9b9489]&amp#27;[0m&amp#27;[38;5;229m[ADB]&amp#27;[0m Could not find online devices
&amp#27;[38;5;76m[fe9b9489]&amp#27;[0m&amp#27;[38;5;229m[ADB]&amp#27;[0m Reconnecting adb (target offline)
&amp#27;[38;5;76m[fe9b9489]&amp#27;[0m&amp#27;[38;5;229m[ADB]&amp#27;[0m Running 'C:\Users\Anishkumar\AppData\Local\Android\Sdk\platform-tools\adb.exe -P 5037 reconnect offline'
&amp#27;[38;5;76m[fe9b9489]&amp#27;[0m&amp#27;[38;5;229m[ADB]&amp#27;[0m Getting connected devices
&amp#27;[38;5;76m[fe9b9489]&amp#27;[0m&amp#27;[38;5;229m[ADB]&amp#27;[0m No connected devices have been detected
&amp#27;[38;5;76m[fe9b9489]&amp#27;[0m&amp#27;[38;5;229m[ADB]&amp#27;[0m Could not find online devices
&amp#27;[38;5;76m[fe9b9489]&amp#27;[0m&amp#27;[38;5;229m[ADB]&amp#27;[0m Reconnecting adb (target offline)
&amp#27;[38;5;76m[fe9b9489]&amp#27;[0m&amp#27;[38;5;229m[ADB]&amp#27;[0m Running 'C:\Users\Anishkumar\AppData\Local\Android\Sdk\platform-tools\adb.exe -P 5037 reconnect offline'
&amp#27;[38;5;76m[fe9b9489]&amp#27;[0m&amp#27;[38;5;229m[ADB]&amp#27;[0m Getting connected devices
&amp#27;[38;5;76m[fe9b9489]&amp#27;[0m&amp#27;[38;5;229m[ADB]&amp#27;[0m No connected devices have been detected
&amp#27;[38;5;76m[fe9b9489]&amp#27;[0m&amp#27;[38;5;229m[ADB]&amp#27;[0m Could not find online devices
&amp#27;[38;5;76m[fe9b9489]&amp#27;[0m&amp#27;[38;5;229m[ADB]&amp#27;[0m Reconnecting adb (target offline)
&amp#27;[38;5;76m[fe9b9489]&amp#27;[0m&amp#27;[38;5;229m[ADB]&amp#27;[0m Running 'C:\Users\Anishkumar\AppData\Local\Android\Sdk\platform-tools\adb.exe -P 5037 reconnect offline'
&amp#27;[38;5;76m[fe9b9489]&amp#27;[0m&amp#27;[38;5;229m[ADB]&amp#27;[0m Getting connected devices
&amp#27;[38;5;76m[fe9b9489]&amp#27;[0m&amp#27;[38;5;229m[ADB]&amp#27;[0m No connected devices have been detected
&amp#27;[38;5;76m[fe9b9489]&amp#27;[0m&amp#27;[38;5;229m[ADB]&amp#27;[0m Could not find online devices
&amp#27;[38;5;76m[fe9b9489]&amp#27;[0m&amp#27;[38;5;229m[ADB]&amp#27;[0m Reconnecting adb (target offline)
&amp#27;[38;5;76m[fe9b9489]&amp#27;[0m&amp#27;[38;5;229m[ADB]&amp#27;[0m Running 'C:\Users\Anishkumar\AppData\Local\Android\Sdk\platform-tools\adb.exe -P 5037 reconnect offline'
&amp#27;[38;5;76m[fe9b9489]&amp#27;[0m&amp#27;[38;5;229m[ADB]&amp#27;[0m Getting connected devices
&amp#27;[38;5;76m[fe9b9489]&amp#27;[0m&amp#27;[38;5;229m[ADB]&amp#27;[0m No connected devices have been detected
&amp#27;[38;5;76m[fe9b9489]&amp#27;[0m&amp#27;[38;5;229m[ADB]&amp#27;[0m Could not find online devices
&amp#27;[38;5;76m[fe9b9489]&amp#27;[0m&amp#27;[38;5;229m[ADB]&amp#27;[0m Reconnecting adb (target offline)
&amp#27;[38;5;76m[fe9b9489]&amp#27;[0m&amp#27;[38;5;229m[ADB]&amp#27;[0m Running 'C:\Users\Anishkumar\AppData\Local\Android\Sdk\platform-tools\adb.exe -P 5037 reconnect offline'
&amp#27;[38;5;76m[fe9b9489]&amp#27;[0m&amp#27;[38;5;229m[ADB]&amp#27;[0m Getting connected devices
&amp#27;[38;5;76m[fe9b9489]&amp#27;[0m&amp#27;[38;5;229m[ADB]&amp#27;[0m No connected devices have been detected
&amp#27;[38;5;76m[fe9b9489]&amp#27;[0m&amp#27;[38;5;229m[ADB]&amp#27;[0m Could not find online devices
&amp#27;[38;5;76m[fe9b9489]&amp#27;[0m&amp#27;[38;5;229m[ADB]&amp#27;[0m Reconnecting adb (target offline)
&amp#27;[38;5;76m[fe9b9489]&amp#27;[0m&amp#27;[38;5;229m[ADB]&amp#27;[0m Running 'C:\Users\Anishkumar\AppData\Local\Android\Sdk\platform-tools\adb.exe -P 5037 reconnect offline'
&amp#27;[38;5;76m[fe9b9489]&amp#27;[0m&amp#27;[38;5;229m[ADB]&amp#27;[0m Getting connected devices
&amp#27;[38;5;76m[fe9b9489]&amp#27;[0m&amp#27;[38;5;229m[ADB]&amp#27;[0m No connected devices have been detected
&amp#27;[38;5;76m[fe9b9489]&amp#27;[0m&amp#27;[38;5;229m[ADB]&amp#27;[0m Could not find online devices
&amp#27;[38;5;76m[fe9b9489]&amp#27;[0m&amp#27;[38;5;229m[ADB]&amp#27;[0m Reconnecting adb (target offline)
&amp#27;[38;5;76m[fe9b9489]&amp#27;[0m&amp#27;[38;5;229m[ADB]&amp#27;[0m Running 'C:\Users\Anishkumar\AppData\Local\Android\Sdk\platform-tools\adb.exe -P 5037 reconnect offline'
&amp#27;[38;5;76m[fe9b9489]&amp#27;[0m&amp#27;[38;5;229m[ADB]&amp#27;[0m Getting connected devices
&amp#27;[38;5;76m[fe9b9489]&amp#27;[0m&amp#27;[38;5;229m[ADB]&amp#27;[0m No connected devices have been detected
&amp#27;[38;5;76m[fe9b9489]&amp#27;[0m&amp#27;[38;5;229m[ADB]&amp#27;[0m Could not find online devices
&amp#27;[38;5;76m[fe9b9489]&amp#27;[0m&amp#27;[38;5;229m[ADB]&amp#27;[0m Reconnecting adb (target offline)
&amp#27;[38;5;76m[fe9b9489]&amp#27;[0m&amp#27;[38;5;229m[ADB]&amp#27;[0m Running 'C:\Users\Anishkumar\AppData\Local\Android\Sdk\platform-tools\adb.exe -P 5037 reconnect offline'
&amp#27;[38;5;76m[fe9b9489]&amp#27;[0m&amp#27;[38;5;229m[ADB]&amp#27;[0m Getting connected devices
&amp#27;[38;5;76m[fe9b9489]&amp#27;[0m&amp#27;[38;5;229m[ADB]&amp#27;[0m No connected devices have been detected
&amp#27;[38;5;76m[fe9b9489]&amp#27;[0m&amp#27;[38;5;229m[ADB]&amp#27;[0m Could not find online devices
&amp#27;[38;5;76m[fe9b9489]&amp#27;[0m&amp#27;[38;5;229m[ADB]&amp#27;[0m Reconnecting adb (target offline)
&amp#27;[38;5;76m[fe9b9489]&amp#27;[0m&amp#27;[38;5;229m[ADB]&amp#27;[0m Running 'C:\Users\Anishkumar\AppData\Local\Android\Sdk\platform-tools\adb.exe -P 5037 reconnect offline'
&amp#27;[38;5;76m[fe9b9489]&amp#27;[0m&amp#27;[38;5;229m[ADB]&amp#27;[0m Getting connected devices
&amp#27;[38;5;76m[fe9b9489]&amp#27;[0m&amp#27;[38;5;229m[ADB]&amp#27;[0m No connected devices have been detected
&amp#27;[38;5;76m[fe9b9489]&amp#27;[0m&amp#27;[38;5;229m[ADB]&amp#27;[0m Could not find online devices
&amp#27;[38;5;76m[fe9b9489]&amp#27;[0m&amp#27;[38;5;229m[ADB]&amp#27;[0m Reconnecting adb (target offline)
&amp#27;[38;5;76m[fe9b9489]&amp#27;[0m&amp#27;[38;5;229m[ADB]&amp#27;[0m Running 'C:\Users\Anishkumar\AppData\Local\Android\Sdk\platform-tools\adb.exe -P 5037 reconnect offline'
&amp#27;[38;5;76m[fe9b9489]&amp#27;[0m&amp#27;[38;5;229m[ADB]&amp#27;[0m Getting connected devices
&amp#27;[38;5;76m[fe9b9489]&amp#27;[0m&amp#27;[38;5;229m[ADB]&amp#27;[0m No connected devices have been detected
&amp#27;[38;5;76m[fe9b9489]&amp#27;[0m&amp#27;[38;5;229m[ADB]&amp#27;[0m Could not find online devices
&amp#27;[38;5;76m[fe9b9489]&amp#27;[0m&amp#27;[38;5;229m[ADB]&amp#27;[0m Reconnecting adb (target offline)
&amp#27;[38;5;76m[fe9b9489]&amp#27;[0m&amp#27;[38;5;229m[ADB]&amp#27;[0m Running 'C:\Users\Anishkumar\AppData\Local\Android\Sdk\platform-tools\adb.exe -P 5037 reconnect offline'
&amp#27;[38;5;76m[fe9b9489]&amp#27;[0m&amp#27;[38;5;229m[ADB]&amp#27;[0m Getting connected devices
&amp#27;[38;5;76m[fe9b9489]&amp#27;[0m&amp#27;[38;5;229m[ADB]&amp#27;[0m No connected devices have been detected
&amp#27;[38;5;76m[fe9b9489]&amp#27;[0m&amp#27;[38;5;229m[ADB]&amp#27;[0m Could not find online devices
&amp#27;[38;5;76m[fe9b9489]&amp#27;[0m&amp#27;[38;5;229m[ADB]&amp#27;[0m Reconnecting adb (target offline)
&amp#27;[38;5;76m[fe9b9489]&amp#27;[0m&amp#27;[38;5;229m[ADB]&amp#27;[0m Running 'C:\Users\Anishkumar\AppData\Local\Android\Sdk\platform-tools\adb.exe -P 5037 reconnect offline'
&amp#27;[38;5;76m[fe9b9489]&amp#27;[0m&amp#27;[38;5;229m[ADB]&amp#27;[0m Getting connected devices
&amp#27;[38;5;76m[fe9b9489]&amp#27;[0m&amp#27;[38;5;229m[ADB]&amp#27;[0m No connected devices have been detected
&amp#27;[38;5;76m[fe9b9489]&amp#27;[0m&amp#27;[38;5;229m[ADB]&amp#27;[0m Could not find online devices
&amp#27;[38;5;76m[fe9b9489]&amp#27;[0m&amp#27;[38;5;229m[ADB]&amp#27;[0m Reconnecting adb (target offline)
&amp#27;[38;5;76m[fe9b9489]&amp#27;[0m&amp#27;[38;5;229m[ADB]&amp#27;[0m Running 'C:\Users\Anishkumar\AppData\Local\Android\Sdk\platform-tools\adb.exe -P 5037 reconnect offline'
&amp#27;[38;5;76m[fe9b9489]&amp#27;[0m&amp#27;[38;5;229m[ADB]&amp#27;[0m Getting connected devices
&amp#27;[38;5;76m[fe9b9489]&amp#27;[0m&amp#27;[38;5;229m[ADB]&amp#27;[0m No connected devices have been detected
&amp#27;[38;5;76m[fe9b9489]&amp#27;[0m&amp#27;[38;5;229m[ADB]&amp#27;[0m Could not find online devices
&amp#27;[38;5;76m[fe9b9489]&amp#27;[0m&amp#27;[38;5;229m[ADB]&amp#27;[0m Reconnecting adb (target offline)
&amp#27;[38;5;76m[fe9b9489]&amp#27;[0m&amp#27;[38;5;229m[ADB]&amp#27;[0m Running 'C:\Users\Anishkumar\AppData\Local\Android\Sdk\platform-tools\adb.exe -P 5037 reconnect offline'
&amp#27;[38;5;76m[fe9b9489]&amp#27;[0m&amp#27;[38;5;229m[ADB]&amp#27;[0m Getting connected devices
&amp#27;[38;5;76m[fe9b9489]&amp#27;[0m&amp#27;[38;5;229m[ADB]&amp#27;[0m No connected devices have been detected
&amp#27;[38;5;76m[fe9b9489]&amp#27;[0m&amp#27;[38;5;229m[ADB]&amp#27;[0m Could not find online devices
&amp#27;[38;5;76m[fe9b9489]&amp#27;[0m&amp#27;[38;5;229m[ADB]&amp#27;[0m Reconnecting adb (target offline)
&amp#27;[38;5;76m[fe9b9489]&amp#27;[0m&amp#27;[38;5;229m[ADB]&amp#27;[0m Running 'C:\Users\Anishkumar\AppData\Local\Android\Sdk\platform-tools\adb.exe -P 5037 reconnect offline'
&amp#27;[38;5;76m[fe9b9489]&amp#27;[0m&amp#27;[38;5;229m[ADB]&amp#27;[0m Getting connected devices
&amp#27;[38;5;76m[fe9b9489]&amp#27;[0m&amp#27;[38;5;229m[ADB]&amp#27;[0m No connected devices have been detected
&amp#27;[38;5;76m[fe9b9489]&amp#27;[0m&amp#27;[38;5;229m[ADB]&amp#27;[0m Could not find online devices
&amp#27;[38;5;76m[fe9b9489]&amp#27;[0m&amp#27;[38;5;229m[ADB]&amp#27;[0m Reconnecting adb (target offline)
&amp#27;[38;5;76m[fe9b9489]&amp#27;[0m&amp#27;[38;5;229m[ADB]&amp#27;[0m Running 'C:\Users\Anishkumar\AppData\Local\Android\Sdk\platform-tools\adb.exe -P 5037 reconnect offline'
&amp#27;[38;5;76m[fe9b9489]&amp#27;[0m&amp#27;[38;5;229m[ADB]&amp#27;[0m Getting connected devices
&amp#27;[38;5;76m[fe9b9489]&amp#27;[0m&amp#27;[38;5;229m[ADB]&amp#27;[0m No connected devices have been detected
&amp#27;[38;5;76m[fe9b9489]&amp#27;[0m&amp#27;[38;5;229m[ADB]&amp#27;[0m Could not find online devices
&amp#27;[38;5;76m[fe9b9489]&amp#27;[0m&amp#27;[38;5;229m[ADB]&amp#27;[0m Reconnecting adb (target offline)
&amp#27;[38;5;76m[fe9b9489]&amp#27;[0m&amp#27;[38;5;229m[ADB]&amp#27;[0m Running 'C:\Users\Anishkumar\AppData\Local\Android\Sdk\platform-tools\adb.exe -P 5037 reconnect offline'
&amp#27;[38;5;76m[fe9b9489]&amp#27;[0m&amp#27;[38;5;229m[ADB]&amp#27;[0m Getting connected devices
&amp#27;[38;5;76m[fe9b9489]&amp#27;[0m&amp#27;[38;5;229m[ADB]&amp#27;[0m No connected devices have been detected
&amp#27;[38;5;76m[fe9b9489]&amp#27;[0m&amp#27;[38;5;229m[ADB]&amp#27;[0m Could not find online devices
&amp#27;[38;5;76m[fe9b9489]&amp#27;[0m&amp#27;[38;5;229m[ADB]&amp#27;[0m Reconnecting adb (target offline)
&amp#27;[38;5;76m[fe9b9489]&amp#27;[0m&amp#27;[38;5;229m[ADB]&amp#27;[0m Running 'C:\Users\Anishkumar\AppData\Local\Android\Sdk\platform-tools\adb.exe -P 5037 reconnect offline'
&amp#27;[38;5;76m[fe9b9489]&amp#27;[0m&amp#27;[38;5;229m[ADB]&amp#27;[0m Getting connected devices
&amp#27;[38;5;76m[fe9b9489]&amp#27;[0m&amp#27;[38;5;229m[ADB]&amp#27;[0m No connected devices have been detected
&amp#27;[38;5;76m[fe9b9489]&amp#27;[0m&amp#27;[38;5;229m[ADB]&amp#27;[0m Could not find online devices
&amp#27;[38;5;76m[fe9b9489]&amp#27;[0m&amp#27;[38;5;229m[ADB]&amp#27;[0m Reconnecting adb (target offline)
&amp#27;[38;5;76m[fe9b9489]&amp#27;[0m&amp#27;[38;5;229m[ADB]&amp#27;[0m Running 'C:\Users\Anishkumar\AppData\Local\Android\Sdk\platform-tools\adb.exe -P 5037 reconnect offline'
&amp#27;[38;5;76m[fe9b9489]&amp#27;[0m&amp#27;[38;5;229m[ADB]&amp#27;[0m Getting connected devices
&amp#27;[38;5;76m[fe9b9489]&amp#27;[0m&amp#27;[38;5;229m[ADB]&amp#27;[0m No connected devices have been detected
&amp#27;[38;5;76m[fe9b9489]&amp#27;[0m&amp#27;[38;5;229m[ADB]&amp#27;[0m Could not find online devices
&amp#27;[38;5;76m[fe9b9489]&amp#27;[0m&amp#27;[38;5;229m[ADB]&amp#27;[0m Reconnecting adb (target offline)
&amp#27;[38;5;76m[fe9b9489]&amp#27;[0m&amp#27;[38;5;229m[ADB]&amp#27;[0m Running 'C:\Users\Anishkumar\AppData\Local\Android\Sdk\platform-tools\adb.exe -P 5037 reconnect offline'
&amp#27;[38;5;76m[fe9b9489]&amp#27;[0m&amp#27;[38;5;229m[ADB]&amp#27;[0m Getting connected devices
&amp#27;[38;5;76m[fe9b9489]&amp#27;[0m&amp#27;[38;5;229m[ADB]&amp#27;[0m No connected devices have been detected
&amp#27;[38;5;76m[fe9b9489]&amp#27;[0m&amp#27;[38;5;229m[ADB]&amp#27;[0m Could not find online devices
&amp#27;[38;5;76m[fe9b9489]&amp#27;[0m&amp#27;[38;5;229m[ADB]&amp#27;[0m Reconnecting adb (target offline)
&amp#27;[38;5;76m[fe9b9489]&amp#27;[0m&amp#27;[38;5;229m[ADB]&amp#27;[0m Running 'C:\Users\Anishkumar\AppData\Local\Android\Sdk\platform-tools\adb.exe -P 5037 reconnect offline'
&amp#27;[38;5;76m[fe9b9489]&amp#27;[0m&amp#27;[38;5;229m[ADB]&amp#27;[0m Getting connected devices
&amp#27;[38;5;76m[fe9b9489]&amp#27;[0m&amp#27;[38;5;229m[ADB]&amp#27;[0m No connected devices have been detected
&amp#27;[38;5;76m[fe9b9489]&amp#27;[0m&amp#27;[38;5;229m[ADB]&amp#27;[0m Could not find online devices
&amp#27;[38;5;76m[fe9b9489]&amp#27;[0m&amp#27;[38;5;229m[ADB]&amp#27;[0m Reconnecting adb (target offline)
&amp#27;[38;5;76m[fe9b9489]&amp#27;[0m&amp#27;[38;5;229m[ADB]&amp#27;[0m Running 'C:\Users\Anishkumar\AppData\Local\Android\Sdk\platform-tools\adb.exe -P 5037 reconnect offline'
&amp#27;[38;5;76m[fe9b9489]&amp#27;[0m&amp#27;[38;5;229m[ADB]&amp#27;[0m Getting connected devices
&amp#27;[38;5;76m[fe9b9489]&amp#27;[0m&amp#27;[38;5;229m[ADB]&amp#27;[0m No connected devices have been detected
&amp#27;[38;5;76m[fe9b9489]&amp#27;[0m&amp#27;[38;5;229m[ADB]&amp#27;[0m Could not find online devices
&amp#27;[38;5;76m[fe9b9489]&amp#27;[0m&amp#27;[38;5;229m[ADB]&amp#27;[0m Reconnecting adb (target offline)
&amp#27;[38;5;76m[fe9b9489]&amp#27;[0m&amp#27;[38;5;229m[ADB]&amp#27;[0m Running 'C:\Users\Anishkumar\AppData\Local\Android\Sdk\platform-tools\adb.exe -P 5037 reconnect offline'
&amp#27;[38;5;76m[fe9b9489]&amp#27;[0m&amp#27;[38;5;229m[ADB]&amp#27;[0m Getting connected devices
&amp#27;[38;5;76m[fe9b9489]&amp#27;[0m&amp#27;[38;5;229m[ADB]&amp#27;[0m No connected devices have been detected
&amp#27;[38;5;76m[fe9b9489]&amp#27;[0m&amp#27;[38;5;229m[ADB]&amp#27;[0m Could not find online devices
&amp#27;[38;5;76m[fe9b9489]&amp#27;[0m&amp#27;[38;5;229m[ADB]&amp#27;[0m Reconnecting adb (target offline)
&amp#27;[38;5;76m[fe9b9489]&amp#27;[0m&amp#27;[38;5;229m[ADB]&amp#27;[0m Running 'C:\Users\Anishkumar\AppData\Local\Android\Sdk\platform-tools\adb.exe -P 5037 reconnect offline'
&amp#27;[38;5;76m[fe9b9489]&amp#27;[0m&amp#27;[38;5;229m[ADB]&amp#27;[0m Getting connected devices
&amp#27;[38;5;76m[fe9b9489]&amp#27;[0m&amp#27;[38;5;229m[ADB]&amp#27;[0m No connected devices have been detected
&amp#27;[38;5;76m[fe9b9489]&amp#27;[0m&amp#27;[38;5;229m[ADB]&amp#27;[0m Could not find online devices
&amp#27;[38;5;76m[fe9b9489]&amp#27;[0m&amp#27;[38;5;229m[ADB]&amp#27;[0m Reconnecting adb (target offline)
&amp#27;[38;5;76m[fe9b9489]&amp#27;[0m&amp#27;[38;5;229m[ADB]&amp#27;[0m Running 'C:\Users\Anishkumar\AppData\Local\Android\Sdk\platform-tools\adb.exe -P 5037 reconnect offline'
&amp#27;[38;5;76m[fe9b9489]&amp#27;[0m&amp#27;[38;5;229m[ADB]&amp#27;[0m Getting connected devices
&amp#27;[38;5;76m[fe9b9489]&amp#27;[0m&amp#27;[38;5;229m[ADB]&amp#27;[0m No connected devices have been detected
&amp#27;[38;5;76m[fe9b9489]&amp#27;[0m&amp#27;[38;5;229m[ADB]&amp#27;[0m Could not find online devices
&amp#27;[38;5;76m[fe9b9489]&amp#27;[0m&amp#27;[38;5;229m[ADB]&amp#27;[0m Reconnecting adb (target offline)
&amp#27;[38;5;76m[fe9b9489]&amp#27;[0m&amp#27;[38;5;229m[ADB]&amp#27;[0m Running 'C:\Users\Anishkumar\AppData\Local\Android\Sdk\platform-tools\adb.exe -P 5037 reconnect offline'
&amp#27;[38;5;76m[fe9b9489]&amp#27;[0m&amp#27;[38;5;229m[ADB]&amp#27;[0m Getting connected devices
&amp#27;[38;5;76m[fe9b9489]&amp#27;[0m&amp#27;[38;5;229m[ADB]&amp#27;[0m No connected devices have been detected
&amp#27;[38;5;76m[fe9b9489]&amp#27;[0m&amp#27;[38;5;229m[ADB]&amp#27;[0m Could not find online devices
&amp#27;[38;5;76m[fe9b9489]&amp#27;[0m&amp#27;[38;5;229m[ADB]&amp#27;[0m Reconnecting adb (target offline)
&amp#27;[38;5;76m[fe9b9489]&amp#27;[0m&amp#27;[38;5;229m[ADB]&amp#27;[0m Running 'C:\Users\Anishkumar\AppData\Local\Android\Sdk\platform-tools\adb.exe -P 5037 reconnect offline'
&amp#27;[38;5;76m[fe9b9489]&amp#27;[0m&amp#27;[38;5;229m[ADB]&amp#27;[0m Getting connected devices
&amp#27;[38;5;76m[fe9b9489]&amp#27;[0m&amp#27;[38;5;229m[ADB]&amp#27;[0m No connected devices have been detected
&amp#27;[38;5;76m[fe9b9489]&amp#27;[0m&amp#27;[38;5;229m[ADB]&amp#27;[0m Could not find online devices
&amp#27;[38;5;76m[fe9b9489]&amp#27;[0m&amp#27;[38;5;229m[ADB]&amp#27;[0m Reconnecting adb (target offline)
&amp#27;[38;5;76m[fe9b9489]&amp#27;[0m&amp#27;[38;5;229m[ADB]&amp#27;[0m Running 'C:\Users\Anishkumar\AppData\Local\Android\Sdk\platform-tools\adb.exe -P 5037 reconnect offline'
&amp#27;[38;5;76m[fe9b9489]&amp#27;[0m&amp#27;[38;5;229m[ADB]&amp#27;[0m Getting connected devices
&amp#27;[38;5;76m[fe9b9489]&amp#27;[0m&amp#27;[38;5;229m[ADB]&amp#27;[0m No connected devices have been detected
&amp#27;[38;5;76m[fe9b9489]&amp#27;[0m&amp#27;[38;5;229m[ADB]&amp#27;[0m Could not find online devices
&amp#27;[38;5;76m[fe9b9489]&amp#27;[0m&amp#27;[38;5;229m[ADB]&amp#27;[0m Reconnecting adb (target offline)
&amp#27;[38;5;76m[fe9b9489]&amp#27;[0m&amp#27;[38;5;229m[ADB]&amp#27;[0m Running 'C:\Users\Anishkumar\AppData\Local\Android\Sdk\platform-tools\adb.exe -P 5037 reconnect offline'
&amp#27;[38;5;76m[fe9b9489]&amp#27;[0m&amp#27;[38;5;229m[ADB]&amp#27;[0m Getting connected devices
&amp#27;[38;5;76m[fe9b9489]&amp#27;[0m&amp#27;[38;5;229m[ADB]&amp#27;[0m No connected devices have been detected
&amp#27;[38;5;76m[fe9b9489]&amp#27;[0m&amp#27;[38;5;229m[ADB]&amp#27;[0m Could not find online devices
&amp#27;[38;5;76m[fe9b9489]&amp#27;[0m&amp#27;[38;5;229m[ADB]&amp#27;[0m Reconnecting adb (target offline)
&amp#27;[38;5;76m[fe9b9489]&amp#27;[0m&amp#27;[38;5;229m[ADB]&amp#27;[0m Running 'C:\Users\Anishkumar\AppData\Local\Android\Sdk\platform-tools\adb.exe -P 5037 reconnect offline'
&amp#27;[38;5;76m[fe9b9489]&amp#27;[0m&amp#27;[38;5;229m[ADB]&amp#27;[0m Getting connected devices
&amp#27;[38;5;76m[fe9b9489]&amp#27;[0m&amp#27;[38;5;229m[ADB]&amp#27;[0m No connected devices have been detected
&amp#27;[38;5;76m[fe9b9489]&amp#27;[0m&amp#27;[38;5;229m[ADB]&amp#27;[0m Could not find online devices
&amp#27;[38;5;76m[fe9b9489]&amp#27;[0m&amp#27;[38;5;229m[ADB]&amp#27;[0m Reconnecting adb (target offline)
&amp#27;[38;5;76m[fe9b9489]&amp#27;[0m&amp#27;[38;5;229m[ADB]&amp#27;[0m Running 'C:\Users\Anishkumar\AppData\Local\Android\Sdk\platform-tools\adb.exe -P 5037 reconnect offline'
&amp#27;[38;5;76m[fe9b9489]&amp#27;[0m&amp#27;[38;5;229m[ADB]&amp#27;[0m Getting connected devices
&amp#27;[38;5;76m[fe9b9489]&amp#27;[0m&amp#27;[38;5;229m[ADB]&amp#27;[0m No connected devices have been detected
&amp#27;[38;5;76m[fe9b9489]&amp#27;[0m&amp#27;[38;5;229m[ADB]&amp#27;[0m Could not find online devices
&amp#27;[38;5;76m[fe9b9489]&amp#27;[0m&amp#27;[38;5;229m[ADB]&amp#27;[0m Reconnecting adb (target offline)
&amp#27;[38;5;76m[fe9b9489]&amp#27;[0m&amp#27;[38;5;229m[ADB]&amp#27;[0m Running 'C:\Users\Anishkumar\AppData\Local\Android\Sdk\platform-tools\adb.exe -P 5037 reconnect offline'
&amp#27;[38;5;76m[fe9b9489]&amp#27;[0m&amp#27;[38;5;229m[ADB]&amp#27;[0m Getting connected devices
&amp#27;[38;5;76m[fe9b9489]&amp#27;[0m&amp#27;[38;5;229m[ADB]&amp#27;[0m No connected devices have been detected
&amp#27;[38;5;76m[fe9b9489]&amp#27;[0m&amp#27;[38;5;229m[ADB]&amp#27;[0m Could not find online devices
&amp#27;[38;5;76m[fe9b9489]&amp#27;[0m&amp#27;[38;5;229m[ADB]&amp#27;[0m Reconnecting adb (target offline)
&amp#27;[38;5;76m[fe9b9489]&amp#27;[0m&amp#27;[38;5;229m[ADB]&amp#27;[0m Running 'C:\Users\Anishkumar\AppData\Local\Android\Sdk\platform-tools\adb.exe -P 5037 reconnect offline'
&amp#27;[38;5;76m[fe9b9489]&amp#27;[0m&amp#27;[38;5;229m[ADB]&amp#27;[0m Getting connected devices
&amp#27;[38;5;76m[fe9b9489]&amp#27;[0m&amp#27;[38;5;229m[ADB]&amp#27;[0m No connected devices have been detected
&amp#27;[38;5;76m[fe9b9489]&amp#27;[0m&amp#27;[38;5;229m[ADB]&amp#27;[0m Could not find online devices
&amp#27;[38;5;76m[fe9b9489]&amp#27;[0m&amp#27;[38;5;229m[ADB]&amp#27;[0m Reconnecting adb (target offline)
&amp#27;[38;5;76m[fe9b9489]&amp#27;[0m&amp#27;[38;5;229m[ADB]&amp#27;[0m Running 'C:\Users\Anishkumar\AppData\Local\Android\Sdk\platform-tools\adb.exe -P 5037 reconnect offline'
&amp#27;[38;5;76m[fe9b9489]&amp#27;[0m&amp#27;[38;5;229m[ADB]&amp#27;[0m Getting connected devices
&amp#27;[38;5;76m[fe9b9489]&amp#27;[0m&amp#27;[38;5;229m[ADB]&amp#27;[0m No connected devices have been detected
&amp#27;[38;5;76m[fe9b9489]&amp#27;[0m&amp#27;[38;5;229m[ADB]&amp#27;[0m Could not find online devices
&amp#27;[38;5;76m[fe9b9489]&amp#27;[0m&amp#27;[38;5;229m[ADB]&amp#27;[0m Reconnecting adb (target offline)
&amp#27;[38;5;76m[fe9b9489]&amp#27;[0m&amp#27;[38;5;229m[ADB]&amp#27;[0m Running 'C:\Users\Anishkumar\AppData\Local\Android\Sdk\platform-tools\adb.exe -P 5037 reconnect offline'
&amp#27;[38;5;76m[fe9b9489]&amp#27;[0m&amp#27;[38;5;229m[ADB]&amp#27;[0m Getting connected devices
&amp#27;[38;5;76m[fe9b9489]&amp#27;[0m&amp#27;[38;5;229m[ADB]&amp#27;[0m No connected devices have been detected
&amp#27;[38;5;76m[fe9b9489]&amp#27;[0m&amp#27;[38;5;229m[ADB]&amp#27;[0m Could not find online devices
&amp#27;[38;5;76m[fe9b9489]&amp#27;[0m&amp#27;[38;5;229m[ADB]&amp#27;[0m Reconnecting adb (target offline)
&amp#27;[38;5;76m[fe9b9489]&amp#27;[0m&amp#27;[38;5;229m[ADB]&amp#27;[0m Running 'C:\Users\Anishkumar\AppData\Local\Android\Sdk\platform-tools\adb.exe -P 5037 reconnect offline'
&amp#27;[38;5;76m[fe9b9489]&amp#27;[0m&amp#27;[38;5;229m[ADB]&amp#27;[0m Getting connected devices
&amp#27;[38;5;76m[fe9b9489]&amp#27;[0m&amp#27;[38;5;229m[ADB]&amp#27;[0m No connected devices have been detected
&amp#27;[38;5;76m[fe9b9489]&amp#27;[0m&amp#27;[38;5;229m[ADB]&amp#27;[0m Could not find online devices
&amp#27;[38;5;76m[fe9b9489]&amp#27;[0m&amp#27;[38;5;229m[ADB]&amp#27;[0m Reconnecting adb (target offline)
&amp#27;[38;5;76m[fe9b9489]&amp#27;[0m&amp#27;[38;5;229m[ADB]&amp#27;[0m Running 'C:\Users\Anishkumar\AppData\Local\Android\Sdk\platform-tools\adb.exe -P 5037 reconnect offline'
&amp#27;[38;5;76m[fe9b9489]&amp#27;[0m&amp#27;[38;5;229m[ADB]&amp#27;[0m Getting connected devices
&amp#27;[38;5;76m[fe9b9489]&amp#27;[0m&amp#27;[38;5;229m[ADB]&amp#27;[0m No connected devices have been detected
&amp#27;[38;5;76m[fe9b9489]&amp#27;[0m&amp#27;[38;5;229m[ADB]&amp#27;[0m Could not find online devices
&amp#27;[38;5;76m[fe9b9489]&amp#27;[0m&amp#27;[38;5;229m[ADB]&amp#27;[0m Reconnecting adb (target offline)
&amp#27;[38;5;76m[fe9b9489]&amp#27;[0m&amp#27;[38;5;229m[ADB]&amp#27;[0m Running 'C:\Users\Anishkumar\AppData\Local\Android\Sdk\platform-tools\adb.exe -P 5037 reconnect offline'
&amp#27;[38;5;76m[fe9b9489]&amp#27;[0m&amp#27;[38;5;229m[ADB]&amp#27;[0m Getting connected devices
&amp#27;[38;5;76m[fe9b9489]&amp#27;[0m&amp#27;[38;5;229m[ADB]&amp#27;[0m No connected devices have been detected
&amp#27;[38;5;76m[fe9b9489]&amp#27;[0m&amp#27;[38;5;229m[ADB]&amp#27;[0m Could not find online devices
&amp#27;[38;5;76m[fe9b9489]&amp#27;[0m&amp#27;[38;5;229m[ADB]&amp#27;[0m Reconnecting adb (target offline)
&amp#27;[38;5;76m[fe9b9489]&amp#27;[0m&amp#27;[38;5;229m[ADB]&amp#27;[0m Running 'C:\Users\Anishkumar\AppData\Local\Android\Sdk\platform-tools\adb.exe -P 5037 reconnect offline'
&amp#27;[38;5;76m[fe9b9489]&amp#27;[0m&amp#27;[38;5;229m[ADB]&amp#27;[0m Getting connected devices
&amp#27;[38;5;76m[fe9b9489]&amp#27;[0m&amp#27;[38;5;229m[ADB]&amp#27;[0m No connected devices have been detected
&amp#27;[38;5;76m[fe9b9489]&amp#27;[0m&amp#27;[38;5;229m[ADB]&amp#27;[0m Could not find online devices
&amp#27;[38;5;76m[fe9b9489]&amp#27;[0m&amp#27;[38;5;229m[ADB]&amp#27;[0m Reconnecting adb (target offline)
&amp#27;[38;5;76m[fe9b9489]&amp#27;[0m&amp#27;[38;5;229m[ADB]&amp#27;[0m Running 'C:\Users\Anishkumar\AppData\Local\Android\Sdk\platform-tools\adb.exe -P 5037 reconnect offline'
&amp#27;[38;5;76m[fe9b9489]&amp#27;[0m&amp#27;[38;5;229m[ADB]&amp#27;[0m Getting connected devices
&amp#27;[38;5;76m[fe9b9489]&amp#27;[0m&amp#27;[38;5;229m[ADB]&amp#27;[0m No connected devices have been detected
&amp#27;[38;5;76m[fe9b9489]&amp#27;[0m&amp#27;[38;5;229m[ADB]&amp#27;[0m Could not find online devices
&amp#27;[38;5;76m[fe9b9489]&amp#27;[0m&amp#27;[38;5;229m[ADB]&amp#27;[0m Reconnecting adb (target offline)
&amp#27;[38;5;76m[fe9b9489]&amp#27;[0m&amp#27;[38;5;229m[ADB]&amp#27;[0m Running 'C:\Users\Anishkumar\AppData\Local\Android\Sdk\platform-tools\adb.exe -P 5037 reconnect offline'
&amp#27;[38;5;76m[fe9b9489]&amp#27;[0m&amp#27;[38;5;229m[ADB]&amp#27;[0m Getting connected devices
&amp#27;[38;5;76m[fe9b9489]&amp#27;[0m&amp#27;[38;5;229m[ADB]&amp#27;[0m No connected devices have been detected
&amp#27;[38;5;76m[fe9b9489]&amp#27;[0m&amp#27;[38;5;229m[ADB]&amp#27;[0m Could not find online devices
&amp#27;[38;5;76m[fe9b9489]&amp#27;[0m&amp#27;[38;5;229m[ADB]&amp#27;[0m Reconnecting adb (target offline)
&amp#27;[38;5;76m[fe9b9489]&amp#27;[0m&amp#27;[38;5;229m[ADB]&amp#27;[0m Running 'C:\Users\Anishkumar\AppData\Local\Android\Sdk\platform-tools\adb.exe -P 5037 reconnect offline'
&amp#27;[38;5;76m[fe9b9489]&amp#27;[0m&amp#27;[38;5;229m[ADB]&amp#27;[0m Getting connected devices
&amp#27;[38;5;76m[fe9b9489]&amp#27;[0m&amp#27;[38;5;229m[ADB]&amp#27;[0m No connected devices have been detected
&amp#27;[38;5;76m[fe9b9489]&amp#27;[0m&amp#27;[38;5;229m[ADB]&amp#27;[0m Could not find online devices
&amp#27;[38;5;76m[fe9b9489]&amp#27;[0m&amp#27;[38;5;229m[ADB]&amp#27;[0m Reconnecting adb (target offline)
&amp#27;[38;5;76m[fe9b9489]&amp#27;[0m&amp#27;[38;5;229m[ADB]&amp#27;[0m Running 'C:\Users\Anishkumar\AppData\Local\Android\Sdk\platform-tools\adb.exe -P 5037 reconnect offline'
&amp#27;[38;5;76m[fe9b9489]&amp#27;[0m&amp#27;[38;5;229m[ADB]&amp#27;[0m Getting connected devices
&amp#27;[38;5;76m[fe9b9489]&amp#27;[0m&amp#27;[38;5;229m[ADB]&amp#27;[0m No connected devices have been detected
&amp#27;[38;5;76m[fe9b9489]&amp#27;[0m&amp#27;[38;5;229m[ADB]&amp#27;[0m Could not find online devices
&amp#27;[38;5;76m[fe9b9489]&amp#27;[0m&amp#27;[38;5;229m[ADB]&amp#27;[0m Reconnecting adb (target offline)
&amp#27;[38;5;76m[fe9b9489]&amp#27;[0m&amp#27;[38;5;229m[ADB]&amp#27;[0m Running 'C:\Users\Anishkumar\AppData\Local\Android\Sdk\platform-tools\adb.exe -P 5037 reconnect offline'
&amp#27;[38;5;76m[fe9b9489]&amp#27;[0m&amp#27;[38;5;229m[ADB]&amp#27;[0m Getting connected devices
&amp#27;[38;5;76m[fe9b9489]&amp#27;[0m&amp#27;[38;5;229m[ADB]&amp#27;[0m No connected devices have been detected
&amp#27;[38;5;76m[fe9b9489]&amp#27;[0m&amp#27;[38;5;229m[ADB]&amp#27;[0m Could not find online devices
&amp#27;[38;5;76m[fe9b9489]&amp#27;[0m&amp#27;[38;5;229m[ADB]&amp#27;[0m Reconnecting adb (target offline)
&amp#27;[38;5;76m[fe9b9489]&amp#27;[0m&amp#27;[38;5;229m[ADB]&amp#27;[0m Running 'C:\Users\Anishkumar\AppData\Local\Android\Sdk\platform-tools\adb.exe -P 5037 reconnect offline'
&amp#27;[38;5;76m[fe9b9489]&amp#27;[0m&amp#27;[38;5;229m[ADB]&amp#27;[0m Getting connected devices
&amp#27;[38;5;76m[fe9b9489]&amp#27;[0m&amp#27;[38;5;229m[ADB]&amp#27;[0m No connected devices have been detected
&amp#27;[38;5;76m[fe9b9489]&amp#27;[0m&amp#27;[38;5;229m[ADB]&amp#27;[0m Could not find online devices
&amp#27;[38;5;76m[fe9b9489]&amp#27;[0m&amp#27;[38;5;229m[ADB]&amp#27;[0m Reconnecting adb (target offline)
&amp#27;[38;5;76m[fe9b9489]&amp#27;[0m&amp#27;[38;5;229m[ADB]&amp#27;[0m Running 'C:\Users\Anishkumar\AppData\Local\Android\Sdk\platform-tools\adb.exe -P 5037 reconnect offline'
&amp#27;[38;5;76m[fe9b9489]&amp#27;[0m&amp#27;[38;5;229m[ADB]&amp#27;[0m Getting connected devices
&amp#27;[38;5;76m[fe9b9489]&amp#27;[0m&amp#27;[38;5;229m[ADB]&amp#27;[0m No connected devices have been detected
&amp#27;[38;5;76m[fe9b9489]&amp#27;[0m&amp#27;[38;5;229m[ADB]&amp#27;[0m Could not find online devices
&amp#27;[38;5;76m[fe9b9489]&amp#27;[0m&amp#27;[38;5;229m[ADB]&amp#27;[0m Reconnecting adb (target offline)
&amp#27;[38;5;76m[fe9b9489]&amp#27;[0m&amp#27;[38;5;229m[ADB]&amp#27;[0m Running 'C:\Users\Anishkumar\AppData\Local\Android\Sdk\platform-tools\adb.exe -P 5037 reconnect offline'
&amp#27;[38;5;76m[fe9b9489]&amp#27;[0m&amp#27;[38;5;229m[ADB]&amp#27;[0m Getting connected devices
&amp#27;[38;5;76m[fe9b9489]&amp#27;[0m&amp#27;[38;5;229m[ADB]&amp#27;[0m No connected devices have been detected
&amp#27;[38;5;76m[fe9b9489]&amp#27;[0m&amp#27;[38;5;229m[ADB]&amp#27;[0m Could not find online devices
&amp#27;[38;5;76m[fe9b9489]&amp#27;[0m&amp#27;[38;5;229m[ADB]&amp#27;[0m Reconnecting adb (target offline)
&amp#27;[38;5;76m[fe9b9489]&amp#27;[0m&amp#27;[38;5;229m[ADB]&amp#27;[0m Running 'C:\Users\Anishkumar\AppData\Local\Android\Sdk\platform-tools\adb.exe -P 5037 reconnect offline'
&amp#27;[38;5;76m[fe9b9489]&amp#27;[0m&amp#27;[38;5;229m[ADB]&amp#27;[0m Getting connected devices
&amp#27;[38;5;76m[fe9b9489]&amp#27;[0m&amp#27;[38;5;229m[ADB]&amp#27;[0m No connected devices have been detected
&amp#27;[38;5;76m[fe9b9489]&amp#27;[0m&amp#27;[38;5;229m[ADB]&amp#27;[0m Could not find online devices
&amp#27;[38;5;76m[fe9b9489]&amp#27;[0m&amp#27;[38;5;229m[ADB]&amp#27;[0m Reconnecting adb (target offline)
&amp#27;[38;5;76m[fe9b9489]&amp#27;[0m&amp#27;[38;5;229m[ADB]&amp#27;[0m Running 'C:\Users\Anishkumar\AppData\Local\Android\Sdk\platform-tools\adb.exe -P 5037 reconnect offline'
&amp#27;[38;5;76m[fe9b9489]&amp#27;[0m&amp#27;[38;5;229m[ADB]&amp#27;[0m Getting connected devices
&amp#27;[38;5;76m[fe9b9489]&amp#27;[0m&amp#27;[38;5;229m[ADB]&amp#27;[0m No connected devices have been detected
&amp#27;[38;5;76m[fe9b9489]&amp#27;[0m&amp#27;[38;5;229m[ADB]&amp#27;[0m Could not find online devices
&amp#27;[38;5;76m[fe9b9489]&amp#27;[0m&amp#27;[38;5;229m[ADB]&amp#27;[0m Reconnecting adb (target offline)
&amp#27;[38;5;76m[fe9b9489]&amp#27;[0m&amp#27;[38;5;229m[ADB]&amp#27;[0m Running 'C:\Users\Anishkumar\AppData\Local\Android\Sdk\platform-tools\adb.exe -P 5037 reconnect offline'
&amp#27;[38;5;76m[fe9b9489]&amp#27;[0m&amp#27;[38;5;229m[ADB]&amp#27;[0m Getting connected devices
&amp#27;[38;5;76m[fe9b9489]&amp#27;[0m&amp#27;[38;5;229m[ADB]&amp#27;[0m No connected devices have been detected
&amp#27;[38;5;76m[fe9b9489]&amp#27;[0m&amp#27;[38;5;229m[ADB]&amp#27;[0m Could not find online devices
&amp#27;[38;5;76m[fe9b9489]&amp#27;[0m&amp#27;[38;5;229m[ADB]&amp#27;[0m Reconnecting adb (target offline)
&amp#27;[38;5;76m[fe9b9489]&amp#27;[0m&amp#27;[38;5;229m[ADB]&amp#27;[0m Running 'C:\Users\Anishkumar\AppData\Local\Android\Sdk\platform-tools\adb.exe -P 5037 reconnect offline'
&amp#27;[38;5;76m[fe9b9489]&amp#27;[0m&amp#27;[38;5;229m[ADB]&amp#27;[0m Getting connected devices
&amp#27;[38;5;76m[fe9b9489]&amp#27;[0m&amp#27;[38;5;229m[ADB]&amp#27;[0m No connected devices have been detected
&amp#27;[38;5;76m[fe9b9489]&amp#27;[0m&amp#27;[38;5;229m[ADB]&amp#27;[0m Could not find online devices
&amp#27;[38;5;76m[fe9b9489]&amp#27;[0m&amp#27;[38;5;229m[ADB]&amp#27;[0m Reconnecting adb (target offline)
&amp#27;[38;5;76m[fe9b9489]&amp#27;[0m&amp#27;[38;5;229m[ADB]&amp#27;[0m Running 'C:\Users\Anishkumar\AppData\Local\Android\Sdk\platform-tools\adb.exe -P 5037 reconnect offline'
&amp#27;[38;5;76m[fe9b9489]&amp#27;[0m&amp#27;[38;5;229m[ADB]&amp#27;[0m Getting connected devices
&amp#27;[38;5;76m[fe9b9489]&amp#27;[0m&amp#27;[38;5;229m[ADB]&amp#27;[0m No connected devices have been detected
&amp#27;[38;5;76m[fe9b9489]&amp#27;[0m&amp#27;[38;5;229m[ADB]&amp#27;[0m Could not find online devices
&amp#27;[38;5;76m[fe9b9489]&amp#27;[0m&amp#27;[38;5;229m[ADB]&amp#27;[0m Reconnecting adb (target offline)
&amp#27;[38;5;76m[fe9b9489]&amp#27;[0m&amp#27;[38;5;229m[ADB]&amp#27;[0m Running 'C:\Users\Anishkumar\AppData\Local\Android\Sdk\platform-tools\adb.exe -P 5037 reconnect offline'
&amp#27;[38;5;76m[fe9b9489]&amp#27;[0m&amp#27;[38;5;229m[ADB]&amp#27;[0m Getting connected devices
&amp#27;[38;5;76m[fe9b9489]&amp#27;[0m&amp#27;[38;5;229m[ADB]&amp#27;[0m No connected devices have been detected
&amp#27;[38;5;76m[fe9b9489]&amp#27;[0m&amp#27;[38;5;229m[ADB]&amp#27;[0m Could not find online devices
&amp#27;[38;5;76m[fe9b9489]&amp#27;[0m&amp#27;[38;5;229m[ADB]&amp#27;[0m Reconnecting adb (target offline)
&amp#27;[38;5;76m[fe9b9489]&amp#27;[0m&amp#27;[38;5;229m[ADB]&amp#27;[0m Running 'C:\Users\Anishkumar\AppData\Local\Android\Sdk\platform-tools\adb.exe -P 5037 reconnect offline'
&amp#27;[38;5;76m[fe9b9489]&amp#27;[0m&amp#27;[38;5;229m[ADB]&amp#27;[0m Getting connected devices
&amp#27;[38;5;76m[fe9b9489]&amp#27;[0m&amp#27;[38;5;229m[ADB]&amp#27;[0m No connected devices have been detected
&amp#27;[38;5;76m[fe9b9489]&amp#27;[0m&amp#27;[38;5;229m[ADB]&amp#27;[0m Could not find online devices
&amp#27;[38;5;76m[fe9b9489]&amp#27;[0m&amp#27;[38;5;229m[ADB]&amp#27;[0m Reconnecting adb (target offline)
&amp#27;[38;5;76m[fe9b9489]&amp#27;[0m&amp#27;[38;5;229m[ADB]&amp#27;[0m Running 'C:\Users\Anishkumar\AppData\Local\Android\Sdk\platform-tools\adb.exe -P 5037 reconnect offline'
&amp#27;[38;5;76m[fe9b9489]&amp#27;[0m&amp#27;[38;5;229m[ADB]&amp#27;[0m Getting connected devices
&amp#27;[38;5;76m[fe9b9489]&amp#27;[0m&amp#27;[38;5;229m[ADB]&amp#27;[0m No connected devices have been detected
&amp#27;[38;5;76m[fe9b9489]&amp#27;[0m&amp#27;[38;5;229m[ADB]&amp#27;[0m Could not find online devices
&amp#27;[38;5;76m[fe9b9489]&amp#27;[0m&amp#27;[38;5;229m[ADB]&amp#27;[0m Reconnecting adb (target offline)
&amp#27;[38;5;76m[fe9b9489]&amp#27;[0m&amp#27;[38;5;229m[ADB]&amp#27;[0m Running 'C:\Users\Anishkumar\AppData\Local\Android\Sdk\platform-tools\adb.exe -P 5037 reconnect offline'
&amp#27;[38;5;76m[fe9b9489]&amp#27;[0m&amp#27;[38;5;229m[ADB]&amp#27;[0m Getting connected devices
&amp#27;[38;5;76m[fe9b9489]&amp#27;[0m&amp#27;[38;5;229m[ADB]&amp#27;[0m No connected devices have been detected
&amp#27;[38;5;76m[fe9b9489]&amp#27;[0m&amp#27;[38;5;229m[ADB]&amp#27;[0m Could not find online devices
&amp#27;[38;5;76m[fe9b9489]&amp#27;[0m&amp#27;[38;5;229m[ADB]&amp#27;[0m Reconnecting adb (target offline)
&amp#27;[38;5;76m[fe9b9489]&amp#27;[0m&amp#27;[38;5;229m[ADB]&amp#27;[0m Running 'C:\Users\Anishkumar\AppData\Local\Android\Sdk\platform-tools\adb.exe -P 5037 reconnect offline'
&amp#27;[38;5;76m[fe9b9489]&amp#27;[0m&amp#27;[38;5;229m[ADB]&amp#27;[0m Getting connected devices
&amp#27;[38;5;76m[fe9b9489]&amp#27;[0m&amp#27;[38;5;229m[ADB]&amp#27;[0m No connected devices have been detected
&amp#27;[38;5;76m[fe9b9489]&amp#27;[0m&amp#27;[38;5;229m[ADB]&amp#27;[0m Could not find online devices
&amp#27;[38;5;76m[fe9b9489]&amp#27;[0m&amp#27;[38;5;229m[ADB]&amp#27;[0m Reconnecting adb (target offline)
&amp#27;[38;5;76m[fe9b9489]&amp#27;[0m&amp#27;[38;5;229m[ADB]&amp#27;[0m Running 'C:\Users\Anishkumar\AppData\Local\Android\Sdk\platform-tools\adb.exe -P 5037 reconnect offline'
&amp#27;[38;5;76m[fe9b9489]&amp#27;[0m&amp#27;[38;5;229m[ADB]&amp#27;[0m Getting connected devices
&amp#27;[38;5;76m[fe9b9489]&amp#27;[0m&amp#27;[38;5;229m[ADB]&amp#27;[0m No connected devices have been detected
&amp#27;[38;5;76m[fe9b9489]&amp#27;[0m&amp#27;[38;5;229m[ADB]&amp#27;[0m Could not find online devices
&amp#27;[38;5;76m[fe9b9489]&amp#27;[0m&amp#27;[38;5;229m[ADB]&amp#27;[0m Reconnecting adb (target offline)
&amp#27;[38;5;76m[fe9b9489]&amp#27;[0m&amp#27;[38;5;229m[ADB]&amp#27;[0m Running 'C:\Users\Anishkumar\AppData\Local\Android\Sdk\platform-tools\adb.exe -P 5037 reconnect offline'
&amp#27;[38;5;76m[fe9b9489]&amp#27;[0m&amp#27;[38;5;229m[ADB]&amp#27;[0m Getting connected devices
&amp#27;[38;5;76m[fe9b9489]&amp#27;[0m&amp#27;[38;5;229m[ADB]&amp#27;[0m No connected devices have been detected
&amp#27;[38;5;76m[fe9b9489]&amp#27;[0m&amp#27;[38;5;229m[ADB]&amp#27;[0m Could not find online devices
&amp#27;[38;5;76m[fe9b9489]&amp#27;[0m&amp#27;[38;5;229m[ADB]&amp#27;[0m Reconnecting adb (target offline)
&amp#27;[38;5;76m[fe9b9489]&amp#27;[0m&amp#27;[38;5;229m[ADB]&amp#27;[0m Running 'C:\Users\Anishkumar\AppData\Local\Android\Sdk\platform-tools\adb.exe -P 5037 reconnect offline'
&amp#27;[38;5;76m[fe9b9489]&amp#27;[0m&amp#27;[38;5;229m[ADB]&amp#27;[0m Getting connected devices
&amp#27;[38;5;76m[fe9b9489]&amp#27;[0m&amp#27;[38;5;229m[ADB]&amp#27;[0m No connected devices have been detected
&amp#27;[38;5;76m[fe9b9489]&amp#27;[0m&amp#27;[38;5;229m[ADB]&amp#27;[0m Could not find online devices
&amp#27;[38;5;76m[fe9b9489]&amp#27;[0m&amp#27;[38;5;229m[ADB]&amp#27;[0m Reconnecting adb (target offline)
&amp#27;[38;5;76m[fe9b9489]&amp#27;[0m&amp#27;[38;5;229m[ADB]&amp#27;[0m Running 'C:\Users\Anishkumar\AppData\Local\Android\Sdk\platform-tools\adb.exe -P 5037 reconnect offline'
&amp#27;[38;5;76m[fe9b9489]&amp#27;[0m&amp#27;[38;5;229m[ADB]&amp#27;[0m Getting connected devices
&amp#27;[38;5;76m[fe9b9489]&amp#27;[0m&amp#27;[38;5;229m[ADB]&amp#27;[0m No connected devices have been detected
&amp#27;[38;5;76m[fe9b9489]&amp#27;[0m&amp#27;[38;5;229m[ADB]&amp#27;[0m Could not find online devices
&amp#27;[38;5;76m[fe9b9489]&amp#27;[0m&amp#27;[38;5;229m[ADB]&amp#27;[0m Reconnecting adb (target offline)
&amp#27;[38;5;76m[fe9b9489]&amp#27;[0m&amp#27;[38;5;229m[ADB]&amp#27;[0m Running 'C:\Users\Anishkumar\AppData\Local\Android\Sdk\platform-tools\adb.exe -P 5037 reconnect offline'
&amp#27;[38;5;76m[fe9b9489]&amp#27;[0m&amp#27;[38;5;229m[ADB]&amp#27;[0m Getting connected devices
&amp#27;[38;5;76m[fe9b9489]&amp#27;[0m&amp#27;[38;5;229m[ADB]&amp#27;[0m No connected devices have been detected
&amp#27;[38;5;76m[fe9b9489]&amp#27;[0m&amp#27;[38;5;229m[ADB]&amp#27;[0m Could not find online devices
&amp#27;[38;5;76m[fe9b9489]&amp#27;[0m&amp#27;[38;5;229m[ADB]&amp#27;[0m Reconnecting adb (target offline)
&amp#27;[38;5;76m[fe9b9489]&amp#27;[0m&amp#27;[38;5;229m[ADB]&amp#27;[0m Running 'C:\Users\Anishkumar\AppData\Local\Android\Sdk\platform-tools\adb.exe -P 5037 reconnect offline'
&amp#27;[38;5;76m[fe9b9489]&amp#27;[0m&amp#27;[38;5;229m[ADB]&amp#27;[0m Getting connected devices
&amp#27;[38;5;76m[fe9b9489]&amp#27;[0m&amp#27;[38;5;229m[ADB]&amp#27;[0m No connected devices have been detected
&amp#27;[38;5;76m[fe9b9489]&amp#27;[0m&amp#27;[38;5;229m[ADB]&amp#27;[0m Could not find online devices
&amp#27;[38;5;76m[fe9b9489]&amp#27;[0m&amp#27;[38;5;229m[ADB]&amp#27;[0m Reconnecting adb (target offline)
&amp#27;[38;5;76m[fe9b9489]&amp#27;[0m&amp#27;[38;5;229m[ADB]&amp#27;[0m Running 'C:\Users\Anishkumar\AppData\Local\Android\Sdk\platform-tools\adb.exe -P 5037 reconnect offline'
&amp#27;[38;5;76m[fe9b9489]&amp#27;[0m&amp#27;[38;5;229m[ADB]&amp#27;[0m Getting connected devices
&amp#27;[38;5;76m[fe9b9489]&amp#27;[0m&amp#27;[38;5;229m[ADB]&amp#27;[0m No connected devices have been detected
&amp#27;[38;5;76m[fe9b9489]&amp#27;[0m&amp#27;[38;5;229m[ADB]&amp#27;[0m Could not find online devices
&amp#27;[38;5;76m[fe9b9489]&amp#27;[0m&amp#27;[38;5;229m[ADB]&amp#27;[0m Reconnecting adb (target offline)
&amp#27;[38;5;76m[fe9b9489]&amp#27;[0m&amp#27;[38;5;229m[ADB]&amp#27;[0m Running 'C:\Users\Anishkumar\AppData\Local\Android\Sdk\platform-tools\adb.exe -P 5037 reconnect offline'
&amp#27;[38;5;76m[fe9b9489]&amp#27;[0m&amp#27;[38;5;229m[ADB]&amp#27;[0m Getting connected devices
&amp#27;[38;5;76m[fe9b9489]&amp#27;[0m&amp#27;[38;5;229m[ADB]&amp#27;[0m No connected devices have been detected
&amp#27;[38;5;76m[fe9b9489]&amp#27;[0m&amp#27;[38;5;229m[ADB]&amp#27;[0m Could not find online devices
&amp#27;[38;5;76m[fe9b9489]&amp#27;[0m&amp#27;[38;5;229m[ADB]&amp#27;[0m Reconnecting adb (target offline)
&amp#27;[38;5;76m[fe9b9489]&amp#27;[0m&amp#27;[38;5;229m[ADB]&amp#27;[0m Running 'C:\Users\Anishkumar\AppData\Local\Android\Sdk\platform-tools\adb.exe -P 5037 reconnect offline'
&amp#27;[38;5;76m[fe9b9489]&amp#27;[0m&amp#27;[38;5;229m[ADB]&amp#27;[0m Getting connected devices
&amp#27;[38;5;76m[fe9b9489]&amp#27;[0m&amp#27;[38;5;229m[ADB]&amp#27;[0m No connected devices have been detected
&amp#27;[38;5;76m[fe9b9489]&amp#27;[0m&amp#27;[38;5;229m[ADB]&amp#27;[0m Could not find online devices
&amp#27;[38;5;76m[fe9b9489]&amp#27;[0m&amp#27;[38;5;229m[ADB]&amp#27;[0m Reconnecting adb (target offline)
&amp#27;[38;5;76m[fe9b9489]&amp#27;[0m&amp#27;[38;5;229m[ADB]&amp#27;[0m Running 'C:\Users\Anishkumar\AppData\Local\Android\Sdk\platform-tools\adb.exe -P 5037 reconnect offline'
&amp#27;[38;5;76m[fe9b9489]&amp#27;[0m&amp#27;[38;5;229m[ADB]&amp#27;[0m Getting connected devices
&amp#27;[38;5;76m[fe9b9489]&amp#27;[0m&amp#27;[38;5;229m[ADB]&amp#27;[0m No connected devices have been detected
&amp#27;[38;5;76m[fe9b9489]&amp#27;[0m&amp#27;[38;5;229m[ADB]&amp#27;[0m Could not find online devices
&amp#27;[38;5;76m[fe9b9489]&amp#27;[0m&amp#27;[38;5;229m[ADB]&amp#27;[0m Reconnecting adb (target offline)
&amp#27;[38;5;76m[fe9b9489]&amp#27;[0m&amp#27;[38;5;229m[ADB]&amp#27;[0m Running 'C:\Users\Anishkumar\AppData\Local\Android\Sdk\platform-tools\adb.exe -P 5037 reconnect offline'
&amp#27;[38;5;76m[fe9b9489]&amp#27;[0m&amp#27;[38;5;-182m[AndroidUiautomator2Driver@8472]&amp#27;[0m Deleting UiAutomator2 session
&amp#27;[38;5;76m[fe9b9489]&amp#27;[0m&amp#27;[38;5;109m[AppiumDriver@f60a]&amp#27;[0m Event 'newSessionStarted' logged at 1758707636353 (15:23:56 GMT+0530 (India Standard Time))
&amp#27;[38;5;76m[fe9b9489]&amp#27;[0m&amp#27;[38;5;109m[AppiumDriver@f60a]&amp#27;[0m Encountered internal error running command: Error: Could not find a connected Android device in 20000ms
    at ADB.getDevicesWithRetry (C:\Users\Anishkumar\node_modules\appium-uiautomator2-driver\node_modules\appium-adb\lib\tools\system-calls.js:297:13)
    at AndroidUiautomator2Driver.getDeviceInfoFromCaps (C:\Users\Anishkumar\node_modules\appium-uiautomator2-driver\node_modules\appium-android-driver\lib\commands\device\common.js:41:21)
    at AndroidUiautomator2Driver.createSession (C:\Users\Anishkumar\node_modules\appium-uiautomator2-driver\lib\driver.ts:365:30)
    at AppiumDriver.createSession (C:\Users\Anishkumar\AppData\Roaming\npm\node_modules\appium\lib\appium.js:379:35)
&amp#27;[38;5;76m[fe9b9489]&amp#27;[0m&amp#27;[38;5;86m[HTTP]&amp#27;[0m &amp#27;[37m<-- POST /session &amp#27;[39m&amp#27;[31m500&amp#27;[39m &amp#27;[90m22438 ms - 680&amp#27;[39m &amp#27;[90m&amp#27;[39m
]]></system-out>
    <system-err><![CDATA[SLF4J: Failed to load class "org.slf4j.impl.StaticLoggerBinder".
SLF4J: Defaulting to no-operation (NOP) logger implementation
SLF4J: See http://www.slf4j.org/codes.html#StaticLoggerBinder for further details.
]]></system-err>
  </testcase>
  <testcase name="POM_App[Test Message, female, Argentina](1)" classname="DataProviderFirst.DataProvider2" time="0">
    <skipped message="Could not start a new session. Response code 500. Message: An unknown server-side error occurred while processing the command. Original error: Could not find a connected Android device in 20000ms &#10;Host info: host: &apos;ANISH&apos;, ip: &apos;192.168.1.35&apos;&#10;Build info: version: &apos;4.13.0&apos;, revision: &apos;ba948ece5b*&apos;&#10;System info: os.name: &apos;Windows 11&apos;, os.arch: &apos;amd64&apos;, os.version: &apos;10.0&apos;, java.version: &apos;24.0.2&apos;&#10;Driver info: io.appium.java_client.android.AndroidDriver&#10;Command: [null, newSession {capabilities=[{appium:deviceName=AnishEmulator, platformName=ANDROID, appium:automationName=UIAutomator2, appium:app=C:\Users\Anishkumar\eclipse-workspaceMobile\appiumDesign//src//test//java//org//rsa//resources//General-Store.apk}], desiredCapabilities=Capabilities {appium:app: C:\Users\Anishkumar\eclipse..., appium:automationName: UIAutomator2, appium:deviceName: AnishEmulator, platformName: ANDROID}}]&#10;Capabilities {appium:app: C:\Users\Anishkumar\eclipse..., appium:automationName: UIAutomator2, appium:deviceName: AnishEmulator, platformName: ANDROID}"/>
  </testcase>
  <testcase name="tearDown" classname="DataProviderFirst.DataProvider2" time="0.01">
    <failure message="Cannot invoke &quot;io.appium.java_client.android.AndroidDriver.quit()&quot; because &quot;this.driver&quot; is null" type="java.lang.NullPointerException"><![CDATA[java.lang.NullPointerException: Cannot invoke "io.appium.java_client.android.AndroidDriver.quit()" because "this.driver" is null
	at org.ecommerce.AndroidBaseTest.tearDown(AndroidBaseTest.java:55)
	at java.base/jdk.internal.reflect.DirectMethodHandleAccessor.invoke(DirectMethodHandleAccessor.java:104)
	at java.base/java.lang.reflect.Method.invoke(Method.java:565)
	at org.testng.internal.invokers.MethodInvocationHelper.invokeMethod(MethodInvocationHelper.java:139)
	at org.testng.internal.invokers.MethodInvocationHelper.invokeMethodConsideringTimeout(MethodInvocationHelper.java:69)
	at org.testng.internal.invokers.ConfigInvoker.invokeConfigurationMethod(ConfigInvoker.java:390)
	at org.testng.internal.invokers.ConfigInvoker.invokeConfigurations(ConfigInvoker.java:325)
	at org.testng.internal.invokers.TestMethodWorker.invokeAfterClassConfigurations(TestMethodWorker.java:229)
	at org.testng.internal.invokers.TestMethodWorker.invokeAfterClassMethods(TestMethodWorker.java:215)
	at org.testng.internal.invokers.TestMethodWorker.run(TestMethodWorker.java:131)
	at java.base/java.util.ArrayList.forEach(ArrayList.java:1604)
	at org.testng.TestRunner.privateRun(TestRunner.java:848)
	at org.testng.TestRunner.run(TestRunner.java:621)
	at org.testng.SuiteRunner.runTest(SuiteRunner.java:443)
	at org.testng.SuiteRunner.runSequentially(SuiteRunner.java:437)
	at org.testng.SuiteRunner.privateRun(SuiteRunner.java:397)
	at org.testng.SuiteRunner.run(SuiteRunner.java:336)
	at org.testng.SuiteRunnerWorker.runSuite(SuiteRunnerWorker.java:52)
	at org.testng.SuiteRunnerWorker.run(SuiteRunnerWorker.java:95)
	at org.testng.TestNG.runSuitesSequentially(TestNG.java:1280)
	at org.testng.TestNG.runSuitesLocally(TestNG.java:1200)
	at org.testng.TestNG.runSuites(TestNG.java:1114)
	at org.testng.TestNG.run(TestNG.java:1082)
	at org.apache.maven.surefire.testng.TestNGExecutor.run(TestNGExecutor.java:308)
	at org.apache.maven.surefire.testng.TestNGXmlTestSuite.execute(TestNGXmlTestSuite.java:71)
	at org.apache.maven.surefire.testng.TestNGProvider.invoke(TestNGProvider.java:113)
	at org.apache.maven.surefire.booter.ForkedBooter.runSuitesInProcess(ForkedBooter.java:385)
	at org.apache.maven.surefire.booter.ForkedBooter.execute(ForkedBooter.java:162)
	at org.apache.maven.surefire.booter.ForkedBooter.run(ForkedBooter.java:507)
	at org.apache.maven.surefire.booter.ForkedBooter.main(ForkedBooter.java:495)
]]></failure>
  </testcase>
</testsuite>