<?xml version="1.0" encoding="UTF-8"?>
<testng-results ignored="0" total="5" passed="5" failed="0" skipped="0">
  <reporter-output>
  </reporter-output>
  <suite started-at="2025-09-24T20:03:39 IST" name="Suite" finished-at="2025-09-24T20:04:34 IST" duration-ms="54208">
    <groups>
      <group name="Smoke">
        <method signature="DataProvider1.homePage(java.util.HashMap)[pri:1, instance:DataProviderFirst.DataProvider1@6d366c9b]" name="homePage" class="DataProviderFirst.DataProvider1"/>
      </group> <!-- Smoke -->
    </groups>
    <test started-at="2025-09-24T20:03:39 IST" name="Dataprovider" finished-at="2025-09-24T20:04:34 IST" duration-ms="54208">
      <class name="DataProviderFirst.DataProvider1">
        <test-method is-config="true" signature="ConfigureAppium()[pri:0, instance:DataProviderFirst.DataProvider1@6d366c9b]" started-at="2025-09-24T20:03:39 IST" name="ConfigureAppium" finished-at="2025-09-24T20:03:49 IST" duration-ms="9963" status="PASS">
          <reporter-output>
          </reporter-output>
        </test-method> <!-- ConfigureAppium -->
        <test-method signature="homePage(java.util.HashMap)[pri:1, instance:DataProviderFirst.DataProvider1@6d366c9b]" started-at="2025-09-24T20:03:50 IST" name="homePage" data-provider="getData" finished-at="2025-09-24T20:03:59 IST" duration-ms="9956" status="PASS">
          <params>
            <param index="0">
              <value>
                <![CDATA[{gender=female, name=Test Message, country=Argentina}]]>
              </value>
            </param>
          </params>
          <reporter-output>
          </reporter-output>
        </test-method> <!-- homePage -->
        <test-method signature="findProduct()[pri:2, instance:DataProviderFirst.DataProvider1@6d366c9b]" started-at="2025-09-24T20:03:59 IST" name="findProduct" finished-at="2025-09-24T20:04:16 IST" duration-ms="16935" status="PASS">
          <reporter-output>
          </reporter-output>
        </test-method> <!-- findProduct -->
        <test-method signature="addProduct()[pri:3, instance:DataProviderFirst.DataProvider1@6d366c9b]" started-at="2025-09-24T20:04:16 IST" name="addProduct" finished-at="2025-09-24T20:04:20 IST" duration-ms="3135" status="PASS">
          <reporter-output>
          </reporter-output>
        </test-method> <!-- addProduct -->
        <test-method signature="TC()[pri:4, instance:DataProviderFirst.DataProvider1@6d366c9b]" started-at="2025-09-24T20:04:20 IST" name="TC" finished-at="2025-09-24T20:04:26 IST" duration-ms="6713" status="PASS">
          <reporter-output>
          </reporter-output>
        </test-method> <!-- TC -->
        <test-method signature="proceed()[pri:5, instance:DataProviderFirst.DataProvider1@6d366c9b]" started-at="2025-09-24T20:04:26 IST" name="proceed" finished-at="2025-09-24T20:04:33 IST" duration-ms="6586" status="PASS">
          <reporter-output>
          </reporter-output>
        </test-method> <!-- proceed -->
        <test-method is-config="true" signature="tearDown()[pri:0, instance:DataProviderFirst.DataProvider1@6d366c9b]" started-at="2025-09-24T20:04:33 IST" name="tearDown" finished-at="2025-09-24T20:04:34 IST" duration-ms="686" status="PASS">
          <reporter-output>
          </reporter-output>
        </test-method> <!-- tearDown -->
      </class> <!-- DataProviderFirst.DataProvider1 -->
    </test> <!-- Dataprovider -->
  </suite> <!-- Suite -->
</testng-results>
