<?xml version="1.0" encoding="UTF-8"?>
<testsuite xmlns:xsi="http://www.w3.org/2001/XMLSchema-instance" xsi:noNamespaceSchemaLocation="https://maven.apache.org/surefire/maven-surefire-plugin/xsd/surefire-test-report-3.0.xsd" version="3.0" name="TestSuite" time="56.337" tests="5" errors="0" skipped="0" failures="0">
  <properties>
[...]
</properties>
  <testcase name="homePage[{gender=female, name=Test Message, country=Argentina}](1)" classname="DataProviderFirst.DataProvider1" time="9.963">
    <system-out><![CDATA[127.0.0.1
&amp#27;[38;5;112m[Appium]&amp#27;[0m Welcome to Appium v2.19.0
&amp#27;[38;5;112m[Appium]&amp#27;[0m Non-default server args:
&amp#27;[38;5;112m[Appium]&amp#27;[0m { address: &amp#27;[32m'127.0.0.1'&amp#27;[39m, port: &amp#27;[33m4725&amp#27;[39m }
&amp#27;[38;5;112m[Appium]&amp#27;[0m The autodetected Appium home path: C:\Users\Anishkumar
&amp#27;[38;5;112m[Appium]&amp#27;[0m Attempting to load driver uiautomator2...
&amp#27;[38;5;112m[Appium]&amp#27;[0m Requiring driver at C:\Users\Anishkumar\node_modules\appium-uiautomator2-driver\build\index.js
&amp#27;[38;5;112m[Appium]&amp#27;[0m AndroidUiautomator2Driver has been successfully loaded in 0.887s
&amp#27;[38;5;112m[Appium]&amp#27;[0m Appium REST http interface listener started on http://127.0.0.1:4725
&amp#27;[38;5;112m[Appium]&amp#27;[0m Available drivers:
&amp#27;[38;5;112m[Appium]&amp#27;[0m   - uiautomator2@3.10.0 (automationName 'UiAutomator2')
&amp#27;[38;5;112m[Appium]&amp#27;[0m No plugins have been installed. Use the "appium plugin" command to install the one(s) you want to use.
&amp#27;[38;5;86m[HTTP]&amp#27;[0m &amp#27;[37m-->&amp#27;[39m &amp#27;[37mGET&amp#27;[39m &amp#27;[37m/status&amp#27;[39m &amp#27;[90m{}&amp#27;[39m
&amp#27;[38;5;72m[AppiumDriver@8084]&amp#27;[0m Calling AppiumDriver.getStatus() with args: []
&amp#27;[38;5;72m[AppiumDriver@8084]&amp#27;[0m Responding to client with driver.getStatus() result: {"ready":true,"message":"The server is ready to accept new connections","build":{"version":"2.19.0"}}
&amp#27;[38;5;86m[HTTP]&amp#27;[0m &amp#27;[37m<-- GET /status &amp#27;[39m&amp#27;[32m200&amp#27;[39m &amp#27;[90m5 ms - 111&amp#27;[39m &amp#27;[90m&amp#27;[39m
&amp#27;[38;5;86m[HTTP]&amp#27;[0m Request idempotency key: 54bba172-28e9-4fed-af46-d57a89a6a74e
&amp#27;[38;5;86m[HTTP]&amp#27;[0m &amp#27;[37m-->&amp#27;[39m &amp#27;[37mPOST&amp#27;[39m &amp#27;[37m/session&amp#27;[39m &amp#27;[90m{"capabilities":{"firstMatch":[{}],"alwaysMatch":{"appium:app":"C:\\Users\\Anishkumar\\eclipse-workspaceMobile\\appiumDesign//src//test//java//org//rsa//resources//General-Store.apk","appium:automationName":"UIAutomator2","appium:deviceName":"AnishEmulator","platformName":"ANDROID"}}}&amp#27;[39m
&amp#27;[38;5;72m[AppiumDriver@8084]&amp#27;[0m Calling AppiumDriver.createSession() with args: [null,null,{"firstMatch":[{}],"alwaysMatch":{"appium:app":"C:\\Users\\Anishkumar\\eclipse-workspaceMobile\\appiumDesign//src//test//java//org//rsa//resources//General-Store.apk","appium:automationName":"UIAutomator2","appium:deviceName":"AnishEmulator","platformName":"ANDROID"}}]
&amp#27;[38;5;72m[AppiumDriver@8084]&amp#27;[0m Event 'newSessionRequested' logged at 1758724423228 (20:03:43 GMT+0530 (India Standard Time))
&amp#27;[38;5;112m[Appium]&amp#27;[0m Attempting to find matching driver for automationName 'UIAutomator2' and platformName 'ANDROID'
&amp#27;[38;5;112m[Appium]&amp#27;[0m The 'uiautomator2' driver was installed and matched caps.
&amp#27;[38;5;112m[Appium]&amp#27;[0m Will require it at C:\Users\Anishkumar\node_modules\appium-uiautomator2-driver
&amp#27;[38;5;112m[Appium]&amp#27;[0m Requiring driver at C:\Users\Anishkumar\node_modules\appium-uiautomator2-driver\build\index.js
&amp#27;[38;5;72m[AppiumDriver@8084]&amp#27;[0m Appium v2.19.0 creating new AndroidUiautomator2Driver (v3.10.0) session
&amp#27;[38;5;72m[AppiumDriver@8084]&amp#27;[0m Checking BaseDriver versions for Appium and AndroidUiautomator2Driver
&amp#27;[38;5;72m[AppiumDriver@8084]&amp#27;[0m Appium's BaseDriver version is 9.18.0
&amp#27;[38;5;72m[AppiumDriver@8084]&amp#27;[0m AndroidUiautomator2Driver's BaseDriver version is 9.15.0
&amp#27;[38;5;-73m[AndroidUiautomator2Driver@1191]&amp#27;[0m 
&amp#27;[38;5;-73m[AndroidUiautomator2Driver@1191]&amp#27;[0m Creating session with W3C capabilities: {
  "alwaysMatch": {
    "platformName": "ANDROID",
    "appium:app": "C:\\Users\\Anishkumar\\eclipse-workspaceMobile\\appiumDesign//src//test//java//org//rsa//resources//General-Store.apk",
    "appium:automationName": "UIAutomator2",
    "appium:deviceName": "AnishEmulator"
  },
  "firstMatch": [
    {}
  ]
}
&amp#27;[38;5;176m[4ee65dfc]&amp#27;[0m&amp#27;[38;5;-73m[AndroidUiautomator2Driver@1191]&amp#27;[0m Session created with session id: 4ee65dfc-ff3c-48b7-85e1-2129c14fce3f
&amp#27;[38;5;176m[4ee65dfc]&amp#27;[0m&amp#27;[38;5;229m[ADB]&amp#27;[0m Found 2 'build-tools' folders under 'C:\Users\Anishkumar\AppData\Local\Android\Sdk' (newest first):
&amp#27;[38;5;176m[4ee65dfc]&amp#27;[0m&amp#27;[38;5;229m[ADB]&amp#27;[0m     C:\Users\Anishkumar\AppData\Local\Android\Sdk\build-tools\34.0.0
&amp#27;[38;5;176m[4ee65dfc]&amp#27;[0m&amp#27;[38;5;229m[ADB]&amp#27;[0m     C:\Users\Anishkumar\AppData\Local\Android\Sdk\build-tools\33.0.1
&amp#27;[38;5;176m[4ee65dfc]&amp#27;[0m&amp#27;[38;5;229m[ADB]&amp#27;[0m Using 'adb.exe' from 'C:\Users\Anishkumar\AppData\Local\Android\Sdk\platform-tools\adb.exe'
&amp#27;[38;5;176m[4ee65dfc]&amp#27;[0m&amp#27;[38;5;229m[ADB]&amp#27;[0m Running 'C:\Users\Anishkumar\AppData\Local\Android\Sdk\platform-tools\adb.exe -P 5037 start-server'
&amp#27;[38;5;176m[4ee65dfc]&amp#27;[0m&amp#27;[38;5;-73m[AndroidUiautomator2Driver@1191]&amp#27;[0m Retrieving device list
&amp#27;[38;5;176m[4ee65dfc]&amp#27;[0m&amp#27;[38;5;229m[ADB]&amp#27;[0m Trying to find connected Android devices
&amp#27;[38;5;176m[4ee65dfc]&amp#27;[0m&amp#27;[38;5;229m[ADB]&amp#27;[0m Getting connected devices
&amp#27;[38;5;176m[4ee65dfc]&amp#27;[0m&amp#27;[38;5;229m[ADB]&amp#27;[0m Connected devices: [{"udid":"RZCW30P5DQB","state":"device"}]
&amp#27;[38;5;176m[4ee65dfc]&amp#27;[0m&amp#27;[38;5;-73m[AndroidUiautomator2Driver@1191]&amp#27;[0m Using device: RZCW30P5DQB
&amp#27;[38;5;176m[4ee65dfc]&amp#27;[0m&amp#27;[38;5;229m[ADB]&amp#27;[0m Using 'adb.exe' from 'C:\Users\Anishkumar\AppData\Local\Android\Sdk\platform-tools\adb.exe'
&amp#27;[38;5;176m[4ee65dfc]&amp#27;[0m&amp#27;[38;5;229m[ADB]&amp#27;[0m Running 'C:\Users\Anishkumar\AppData\Local\Android\Sdk\platform-tools\adb.exe -P 5037 start-server'
&amp#27;[38;5;176m[4ee65dfc]&amp#27;[0m&amp#27;[38;5;229m[ADB]&amp#27;[0m Setting device id to RZCW30P5DQB
&amp#27;[38;5;176m[4ee65dfc]&amp#27;[0m&amp#27;[38;5;123m[BaseDriver]&amp#27;[0m Using local app 'C:\Users\Anishkumar\eclipse-workspaceMobile\appiumDesign//src//test//java//org//rsa//resources//General-Store.apk'
&amp#27;[38;5;176m[4ee65dfc]&amp#27;[0m&amp#27;[38;5;-73m[AndroidUiautomator2Driver@1191]&amp#27;[0m Checking whether app is actually present
&amp#27;[38;5;176m[4ee65dfc]&amp#27;[0m&amp#27;[38;5;229m[ADB]&amp#27;[0m Running 'C:\Users\Anishkumar\AppData\Local\Android\Sdk\platform-tools\adb.exe -P 5037 -s RZCW30P5DQB shell getprop ro.build.version.sdk'
&amp#27;[38;5;176m[4ee65dfc]&amp#27;[0m&amp#27;[38;5;229m[ADB]&amp#27;[0m Current device property 'ro.build.version.sdk': 35
&amp#27;[38;5;176m[4ee65dfc]&amp#27;[0m&amp#27;[38;5;229m[ADB]&amp#27;[0m Getting device platform version
&amp#27;[38;5;176m[4ee65dfc]&amp#27;[0m&amp#27;[38;5;229m[ADB]&amp#27;[0m Running 'C:\Users\Anishkumar\AppData\Local\Android\Sdk\platform-tools\adb.exe -P 5037 -s RZCW30P5DQB shell getprop ro.build.version.release'
&amp#27;[38;5;176m[4ee65dfc]&amp#27;[0m&amp#27;[38;5;229m[ADB]&amp#27;[0m Current device property 'ro.build.version.release': 15
&amp#27;[38;5;176m[4ee65dfc]&amp#27;[0m&amp#27;[38;5;229m[ADB]&amp#27;[0m Device API level: 35
&amp#27;[38;5;176m[4ee65dfc]&amp#27;[0m&amp#27;[38;5;-73m[AndroidUiautomator2Driver@1191]&amp#27;[0m Relaxing hidden api policy
&amp#27;[38;5;176m[4ee65dfc]&amp#27;[0m&amp#27;[38;5;229m[ADB]&amp#27;[0m Running 'C:\Users\Anishkumar\AppData\Local\Android\Sdk\platform-tools\adb.exe -P 5037 -s RZCW30P5DQB shell 'settings put global hidden_api_policy_pre_p_apps 1;settings put global hidden_api_policy_p_apps 1;settings put global hidden_api_policy 1''
&amp#27;[38;5;176m[4ee65dfc]&amp#27;[0m&amp#27;[38;5;-73m[AndroidUiautomator2Driver@1191]&amp#27;[0m Parsing package and activity from the 'General-Store.apk' file manifest
&amp#27;[38;5;176m[4ee65dfc]&amp#27;[0m&amp#27;[38;5;-73m[AndroidUiautomator2Driver@1191]&amp#27;[0m Pushing settings apk to the device...
&amp#27;[38;5;176m[4ee65dfc]&amp#27;[0m&amp#27;[38;5;229m[ADB]&amp#27;[0m Getting package info for 'io.appium.settings'
&amp#27;[38;5;176m[4ee65dfc]&amp#27;[0m&amp#27;[38;5;229m[ADB]&amp#27;[0m Running 'C:\Users\Anishkumar\AppData\Local\Android\Sdk\platform-tools\adb.exe -P 5037 -s RZCW30P5DQB shell dumpsys package io.appium.settings'
&amp#27;[38;5;176m[4ee65dfc]&amp#27;[0m&amp#27;[38;5;229m[ADB]&amp#27;[0m Using 'aapt2.exe' from 'C:\Users\Anishkumar\AppData\Local\Android\Sdk\build-tools\34.0.0\aapt2.exe'
&amp#27;[38;5;176m[4ee65dfc]&amp#27;[0m&amp#27;[38;5;229m[ADB]&amp#27;[0m Reading package manifest: 'C:\\Users\\Anishkumar\\AppData\\Local\\Android\\Sdk\\build-tools\\34.0.0\\aapt2.exe dump badging C:\\Users\\Anishkumar\\eclipse-workspaceMobile\\appiumDesign//src//test//java//org//rsa//resources//General-Store.apk'
&amp#27;[38;5;176m[4ee65dfc]&amp#27;[0m&amp#27;[38;5;229m[ADB]&amp#27;[0m Package name: 'com.androidsample.generalstore'
&amp#27;[38;5;176m[4ee65dfc]&amp#27;[0m&amp#27;[38;5;229m[ADB]&amp#27;[0m Main activity name: 'com.androidsample.generalstore.SplashActivity'
&amp#27;[38;5;176m[4ee65dfc]&amp#27;[0m&amp#27;[38;5;-73m[AndroidUiautomator2Driver@1191]&amp#27;[0m Resolved launch package -> activity: com.androidsample.generalstore -> com.androidsample.generalstore.SplashActivity
&amp#27;[38;5;176m[4ee65dfc]&amp#27;[0m&amp#27;[38;5;-73m[AndroidUiautomator2Driver@1191]&amp#27;[0m Resolved wait package -> activity: com.androidsample.generalstore -> com.androidsample.generalstore.SplashActivity
&amp#27;[38;5;176m[4ee65dfc]&amp#27;[0m&amp#27;[38;5;229m[ADB]&amp#27;[0m Reading package manifest: 'C:\\Users\\Anishkumar\\AppData\\Local\\Android\\Sdk\\build-tools\\34.0.0\\aapt2.exe dump badging C:\\Users\\Anishkumar\\node_modules\\appium-uiautomator2-driver\\node_modules\\io.appium.settings\\apks\\settings_apk-debug.apk'
&amp#27;[38;5;176m[4ee65dfc]&amp#27;[0m&amp#27;[38;5;229m[ADB]&amp#27;[0m The version code of the installed 'io.appium.settings' is greater than the application version code (128 > 112)
&amp#27;[38;5;176m[4ee65dfc]&amp#27;[0m&amp#27;[38;5;229m[ADB]&amp#27;[0m There is no need to downgrade 'io.appium.settings'
&amp#27;[38;5;176m[4ee65dfc]&amp#27;[0m&amp#27;[38;5;229m[ADB]&amp#27;[0m Running 'C:\Users\Anishkumar\AppData\Local\Android\Sdk\platform-tools\adb.exe -P 5037 -s RZCW30P5DQB shell dumpsys activity services io.appium.settings'
&amp#27;[38;5;176m[4ee65dfc]&amp#27;[0m&amp#27;[38;5;-73m[AndroidUiautomator2Driver@1191]&amp#27;[0m io.appium.settings is already running. There is no need to reset its permissions.
&amp#27;[38;5;176m[4ee65dfc]&amp#27;[0m&amp#27;[38;5;160m[Logcat]&amp#27;[0m Starting logs capture with command: C:\\Users\\Anishkumar\\AppData\\Local\\Android\\Sdk\\platform-tools\\adb.exe -P 5037 -s RZCW30P5DQB logcat -v threadtime
&amp#27;[38;5;176m[4ee65dfc]&amp#27;[0m&amp#27;[38;5;229m[ADB]&amp#27;[0m Running 'C:\Users\Anishkumar\AppData\Local\Android\Sdk\platform-tools\adb.exe -P 5037 -s RZCW30P5DQB shell appops set io.appium.settings android:mock_location allow'
&amp#27;[38;5;176m[4ee65dfc]&amp#27;[0m&amp#27;[38;5;229m[ADB]&amp#27;[0m Running 'C:\Users\Anishkumar\AppData\Local\Android\Sdk\platform-tools\adb.exe -P 5037 -s RZCW30P5DQB shell "[ -e '/data/local/tmp/mock_apps.json' ] && echo __PASS__"'
&amp#27;[38;5;176m[4ee65dfc]&amp#27;[0m&amp#27;[38;5;229m[ADB]&amp#27;[0m Running 'C:\Users\Anishkumar\AppData\Local\Android\Sdk\platform-tools\adb.exe -P 5037 -s RZCW30P5DQB shell cat /data/local/tmp/mock_apps.json'
&amp#27;[38;5;176m[4ee65dfc]&amp#27;[0m&amp#27;[38;5;-73m[AndroidUiautomator2Driver@1191]&amp#27;[0m Forwarding UiAutomator2 Server port 6790 to local port 8200
&amp#27;[38;5;176m[4ee65dfc]&amp#27;[0m&amp#27;[38;5;229m[ADB]&amp#27;[0m Forwarding system: 8200 to device: 6790
&amp#27;[38;5;176m[4ee65dfc]&amp#27;[0m&amp#27;[38;5;229m[ADB]&amp#27;[0m Running 'C:\Users\Anishkumar\AppData\Local\Android\Sdk\platform-tools\adb.exe -P 5037 -s RZCW30P5DQB forward tcp:8200 tcp:6790'
&amp#27;[38;5;176m[4ee65dfc]&amp#27;[0m&amp#27;[38;5;229m[ADB]&amp#27;[0m Getting package info for 'io.appium.uiautomator2.server'
&amp#27;[38;5;176m[4ee65dfc]&amp#27;[0m&amp#27;[38;5;229m[ADB]&amp#27;[0m Running 'C:\Users\Anishkumar\AppData\Local\Android\Sdk\platform-tools\adb.exe -P 5037 -s RZCW30P5DQB shell dumpsys package io.appium.uiautomator2.server'
&amp#27;[38;5;176m[4ee65dfc]&amp#27;[0m&amp#27;[38;5;229m[ADB]&amp#27;[0m Getting install status for io.appium.uiautomator2.server.test
&amp#27;[38;5;176m[4ee65dfc]&amp#27;[0m&amp#27;[38;5;229m[ADB]&amp#27;[0m Checking app cert for C:\Users\Anishkumar\eclipse-workspaceMobile\appiumDesign//src//test//java//org//rsa//resources//General-Store.apk
&amp#27;[38;5;176m[4ee65dfc]&amp#27;[0m&amp#27;[38;5;229m[ADB]&amp#27;[0m Running 'C:\Users\Anishkumar\AppData\Local\Android\Sdk\platform-tools\adb.exe -P 5037 -s RZCW30P5DQB shell cmd package list packages'
&amp#27;[38;5;176m[4ee65dfc]&amp#27;[0m&amp#27;[38;5;229m[ADB]&amp#27;[0m Using 'apksigner.jar' from 'C:\Users\Anishkumar\AppData\Local\Android\Sdk\build-tools\34.0.0\lib\apksigner.jar'
&amp#27;[38;5;176m[4ee65dfc]&amp#27;[0m&amp#27;[38;5;229m[ADB]&amp#27;[0m Starting apksigner: 'C:\\Program Files\\Java\\jdk-24.0.2\\bin\\java.exe' -Xmx1024M -Xss1m -jar C:\\Users\\Anishkumar\\AppData\\Local\\Android\\Sdk\\build-tools\\34.0.0\\lib\\apksigner.jar verify --print-certs C:\\Users\\Anishkumar\\eclipse-workspaceMobile\\appiumDesign//src//test//java//org//rsa//resources//General-Store.apk
&amp#27;[38;5;176m[4ee65dfc]&amp#27;[0m&amp#27;[38;5;229m[ADB]&amp#27;[0m Reading package manifest: 'C:\\Users\\Anishkumar\\AppData\\Local\\Android\\Sdk\\build-tools\\34.0.0\\aapt2.exe dump badging C:\\Users\\Anishkumar\\node_modules\\appium-uiautomator2-driver\\node_modules\\appium-uiautomator2-server\\apks\\appium-uiautomator2-server-v7.1.11.apk'
&amp#27;[38;5;176m[4ee65dfc]&amp#27;[0m&amp#27;[38;5;229m[ADB]&amp#27;[0m 'io.appium.uiautomator2.server.test' is installed
&amp#27;[38;5;176m[4ee65dfc]&amp#27;[0m&amp#27;[38;5;229m[ADB]&amp#27;[0m The version name of the installed 'io.appium.uiautomator2.server' is greater or equal to the application version name ('7.1.11' >= '7.1.11')
&amp#27;[38;5;176m[4ee65dfc]&amp#27;[0m&amp#27;[38;5;-73m[AndroidUiautomator2Driver@1191]&amp#27;[0m Server packages status: [{"installState":"sameVersionInstalled","appPath":"C:\\Users\\Anishkumar\\node_modules\\appium-uiautomator2-driver\\node_modules\\appium-uiautomator2-server\\apks\\appium-uiautomator2-server-v7.1.11.apk","appId":"io.appium.uiautomator2.server"},{"installState":"sameVersionInstalled","appPath":"C:\\Users\\Anishkumar\\node_modules\\appium-uiautomator2-driver\\node_modules\\appium-uiautomator2-server\\apks\\appium-uiautomator2-server-debug-androidTest.apk","appId":"io.appium.uiautomator2.server.test"}]
&amp#27;[38;5;176m[4ee65dfc]&amp#27;[0m&amp#27;[38;5;-73m[AndroidUiautomator2Driver@1191]&amp#27;[0m Server packages are not going to be (re)installed
&amp#27;[38;5;176m[4ee65dfc]&amp#27;[0m&amp#27;[38;5;-73m[AndroidUiautomator2Driver@1191]&amp#27;[0m Waiting up to 30000ms for services to be available
&amp#27;[38;5;176m[4ee65dfc]&amp#27;[0m&amp#27;[38;5;229m[ADB]&amp#27;[0m Running 'C:\Users\Anishkumar\AppData\Local\Android\Sdk\platform-tools\adb.exe -P 5037 -s RZCW30P5DQB shell pm list instrumentation'
&amp#27;[38;5;176m[4ee65dfc]&amp#27;[0m&amp#27;[38;5;-73m[AndroidUiautomator2Driver@1191]&amp#27;[0m Instrumentation target 'io.appium.uiautomator2.server.test/androidx.test.runner.AndroidJUnitRunner' is available
&amp#27;[38;5;176m[4ee65dfc]&amp#27;[0m&amp#27;[38;5;229m[ADB]&amp#27;[0m Adding packages ["io.appium.settings","io.appium.uiautomator2.server","io.appium.uiautomator2.server.test"] to Doze whitelist
&amp#27;[38;5;176m[4ee65dfc]&amp#27;[0m&amp#27;[38;5;229m[ADB]&amp#27;[0m Got the following command chunks to execute: [["dumpsys","deviceidle","whitelist","+io.appium.settings",";","dumpsys","deviceidle","whitelist","+io.appium.uiautomator2.server",";","dumpsys","deviceidle","whitelist","+io.appium.uiautomator2.server.test",";"]]
&amp#27;[38;5;176m[4ee65dfc]&amp#27;[0m&amp#27;[38;5;229m[ADB]&amp#27;[0m Running 'C:\Users\Anishkumar\AppData\Local\Android\Sdk\platform-tools\adb.exe -P 5037 -s RZCW30P5DQB shell dumpsys deviceidle whitelist +io.appium.settings ; dumpsys deviceidle whitelist +io.appium.uiautomator2.server ; dumpsys deviceidle whitelist +io.appium.uiautomator2.server.test ;'
&amp#27;[38;5;176m[4ee65dfc]&amp#27;[0m&amp#27;[38;5;229m[ADB]&amp#27;[0m apksigner stdout: Signer #1 certificate DN: C=US, O=Android, CN=Android Debug
Signer #1 certificate SHA-256 digest: f5f5931c019be6bff8a26255f76ae9ef8a8e631d2a702ec10e91110231549eef
Signer #1 certificate SHA-1 digest: b250161db8b5d0a1bd39154c9fd749bdad79c1a3
Signer #1 certificate MD5 digest: 7a5550323d84472ca25a0861c63e0a6c

&amp#27;[38;5;176m[4ee65dfc]&amp#27;[0m&amp#27;[38;5;229m[ADB]&amp#27;[0m apksigner stderr: WARNING: A restricted method in java.lang.System has been called
WARNING: java.lang.System::loadLibrary has been called by org.conscrypt.NativeLibraryUtil in an unnamed module (file:/C:/Users/Anishkumar/AppData/Local/Android/Sdk/build-tools/34.0.0/lib/apksigner.jar)
WARNING: Use --enable-native-access=ALL-UNNAMED to avoid a warning for callers in this module
WARNING: Restricted methods will be blocked in a future release unless native access is enabled


&amp#27;[38;5;176m[4ee65dfc]&amp#27;[0m&amp#27;[38;5;229m[ADB]&amp#27;[0m 'C:\Users\Anishkumar\eclipse-workspaceMobile\appiumDesign//src//test//java//org//rsa//resources//General-Store.apk' is signed with a non-default certificate
&amp#27;[38;5;176m[4ee65dfc]&amp#27;[0m&amp#27;[38;5;229m[ADB]&amp#27;[0m Getting package info for 'com.androidsample.generalstore'
&amp#27;[38;5;176m[4ee65dfc]&amp#27;[0m&amp#27;[38;5;229m[ADB]&amp#27;[0m Running 'C:\Users\Anishkumar\AppData\Local\Android\Sdk\platform-tools\adb.exe -P 5037 -s RZCW30P5DQB shell dumpsys package com.androidsample.generalstore'
&amp#27;[38;5;176m[4ee65dfc]&amp#27;[0m&amp#27;[38;5;229m[ADB]&amp#27;[0m Reading package manifest: 'C:\\Users\\Anishkumar\\AppData\\Local\\Android\\Sdk\\build-tools\\34.0.0\\aapt2.exe dump badging C:\\Users\\Anishkumar\\eclipse-workspaceMobile\\appiumDesign//src//test//java//org//rsa//resources//General-Store.apk'
&amp#27;[38;5;176m[4ee65dfc]&amp#27;[0m&amp#27;[38;5;229m[ADB]&amp#27;[0m The version name of the installed 'com.androidsample.generalstore' is greater or equal to the application version name ('1.0.0' >= '1.0.0')
&amp#27;[38;5;176m[4ee65dfc]&amp#27;[0m&amp#27;[38;5;229m[ADB]&amp#27;[0m There is no need to install/upgrade 'C:\Users\Anishkumar\eclipse-workspaceMobile\appiumDesign//src//test//java//org//rsa//resources//General-Store.apk'
&amp#27;[38;5;176m[4ee65dfc]&amp#27;[0m&amp#27;[38;5;-73m[AndroidUiautomator2Driver@1191]&amp#27;[0m Performing fast reset on 'com.androidsample.generalstore'
&amp#27;[38;5;176m[4ee65dfc]&amp#27;[0m&amp#27;[38;5;229m[ADB]&amp#27;[0m Getting install status for com.androidsample.generalstore
&amp#27;[38;5;176m[4ee65dfc]&amp#27;[0m&amp#27;[38;5;229m[ADB]&amp#27;[0m Running 'C:\Users\Anishkumar\AppData\Local\Android\Sdk\platform-tools\adb.exe -P 5037 -s RZCW30P5DQB shell cmd package list packages'
&amp#27;[38;5;176m[4ee65dfc]&amp#27;[0m&amp#27;[38;5;229m[ADB]&amp#27;[0m 'com.androidsample.generalstore' is installed
&amp#27;[38;5;176m[4ee65dfc]&amp#27;[0m&amp#27;[38;5;229m[ADB]&amp#27;[0m Running 'C:\Users\Anishkumar\AppData\Local\Android\Sdk\platform-tools\adb.exe -P 5037 -s RZCW30P5DQB shell am force-stop com.androidsample.generalstore'
&amp#27;[38;5;176m[4ee65dfc]&amp#27;[0m&amp#27;[38;5;229m[ADB]&amp#27;[0m Running 'C:\Users\Anishkumar\AppData\Local\Android\Sdk\platform-tools\adb.exe -P 5037 -s RZCW30P5DQB shell pm clear com.androidsample.generalstore'
&amp#27;[38;5;176m[4ee65dfc]&amp#27;[0m&amp#27;[38;5;-73m[AndroidUiautomator2Driver@1191]&amp#27;[0m Performed fast reset on the installed 'com.androidsample.generalstore' application (stop and clear)
&amp#27;[38;5;176m[4ee65dfc]&amp#27;[0m&amp#27;[38;5;-73m[AndroidUiautomator2Driver@1191]&amp#27;[0m Performing shallow cleanup of automation leftovers
&amp#27;[38;5;176m[4ee65dfc]&amp#27;[0m&amp#27;[38;5;-73m[AndroidUiautomator2Driver@1191]&amp#27;[0m No obsolete sessions have been detected (socket hang up)
&amp#27;[38;5;176m[4ee65dfc]&amp#27;[0m&amp#27;[38;5;229m[ADB]&amp#27;[0m Running 'C:\Users\Anishkumar\AppData\Local\Android\Sdk\platform-tools\adb.exe -P 5037 -s RZCW30P5DQB shell am force-stop io.appium.uiautomator2.server'
&amp#27;[38;5;176m[4ee65dfc]&amp#27;[0m&amp#27;[38;5;229m[ADB]&amp#27;[0m Running 'C:\Users\Anishkumar\AppData\Local\Android\Sdk\platform-tools\adb.exe -P 5037 -s RZCW30P5DQB shell am force-stop io.appium.uiautomator2.server.test'
&amp#27;[38;5;176m[4ee65dfc]&amp#27;[0m&amp#27;[38;5;-73m[AndroidUiautomator2Driver@1191]&amp#27;[0m Starting UIAutomator2 server 7.1.11
&amp#27;[38;5;176m[4ee65dfc]&amp#27;[0m&amp#27;[38;5;-73m[AndroidUiautomator2Driver@1191]&amp#27;[0m Using UIAutomator2 server from 'C:\Users\Anishkumar\node_modules\appium-uiautomator2-driver\node_modules\appium-uiautomator2-server\apks\appium-uiautomator2-server-v7.1.11.apk' and test from 'C:\Users\Anishkumar\node_modules\appium-uiautomator2-driver\node_modules\appium-uiautomator2-server\apks\appium-uiautomator2-server-debug-androidTest.apk'
&amp#27;[38;5;176m[4ee65dfc]&amp#27;[0m&amp#27;[38;5;-73m[AndroidUiautomator2Driver@1191]&amp#27;[0m Waiting up to 30000ms for UiAutomator2 to be online...
&amp#27;[38;5;176m[4ee65dfc]&amp#27;[0m&amp#27;[38;5;229m[ADB]&amp#27;[0m Creating ADB subprocess with args: ["-P","5037","-s","RZCW30P5DQB","shell","am","instrument","-w","-e","disableAnalytics","true","io.appium.uiautomator2.server.test/androidx.test.runner.AndroidJUnitRunner"]
&amp#27;[38;5;176m[4ee65dfc]&amp#27;[0m&amp#27;[38;5;-73m[AndroidUiautomator2Driver@1191]&amp#27;[0m Matched '/status' to command name 'getStatus'
&amp#27;[38;5;176m[4ee65dfc]&amp#27;[0m&amp#27;[38;5;-73m[AndroidUiautomator2Driver@1191]&amp#27;[0m Proxying [GET /status] to [GET http://127.0.0.1:8200/status] with no body
&amp#27;[38;5;176m[4ee65dfc]&amp#27;[0m&amp#27;[38;5;-73m[AndroidUiautomator2Driver@1191]&amp#27;[0m socket hang up
&amp#27;[38;5;176m[4ee65dfc]&amp#27;[0m&amp#27;[38;5;-73m[AndroidUiautomator2Driver@1191]&amp#27;[0m Matched '/status' to command name 'getStatus'
&amp#27;[38;5;176m[4ee65dfc]&amp#27;[0m&amp#27;[38;5;-73m[AndroidUiautomator2Driver@1191]&amp#27;[0m Proxying [GET /status] to [GET http://127.0.0.1:8200/status] with no body
&amp#27;[38;5;176m[4ee65dfc]&amp#27;[0m&amp#27;[38;5;-73m[AndroidUiautomator2Driver@1191]&amp#27;[0m socket hang up
&amp#27;[38;5;176m[4ee65dfc]&amp#27;[0m&amp#27;[38;5;-73m[AndroidUiautomator2Driver@1191]&amp#27;[0m [Instrumentation] 
&amp#27;[38;5;176m[4ee65dfc]&amp#27;[0m&amp#27;[38;5;-73m[AndroidUiautomator2Driver@1191]&amp#27;[0m Matched '/status' to command name 'getStatus'
&amp#27;[38;5;176m[4ee65dfc]&amp#27;[0m&amp#27;[38;5;-73m[AndroidUiautomator2Driver@1191]&amp#27;[0m Proxying [GET /status] to [GET http://127.0.0.1:8200/status] with no body
&amp#27;[38;5;176m[4ee65dfc]&amp#27;[0m&amp#27;[38;5;-73m[AndroidUiautomator2Driver@1191]&amp#27;[0m socket hang up
&amp#27;[38;5;176m[4ee65dfc]&amp#27;[0m&amp#27;[38;5;-73m[AndroidUiautomator2Driver@1191]&amp#27;[0m Matched '/status' to command name 'getStatus'
&amp#27;[38;5;176m[4ee65dfc]&amp#27;[0m&amp#27;[38;5;-73m[AndroidUiautomator2Driver@1191]&amp#27;[0m Proxying [GET /status] to [GET http://127.0.0.1:8200/status] with no body
&amp#27;[38;5;176m[4ee65dfc]&amp#27;[0m&amp#27;[38;5;-73m[AndroidUiautomator2Driver@1191]&amp#27;[0m Got response with status 200: {"sessionId":"None","value":{"message":"UiAutomator2 Server is ready to accept commands","ready":true}}
&amp#27;[38;5;176m[4ee65dfc]&amp#27;[0m&amp#27;[38;5;-73m[AndroidUiautomator2Driver@1191]&amp#27;[0m The initialization of the instrumentation process took 3149ms
&amp#27;[38;5;176m[4ee65dfc]&amp#27;[0m&amp#27;[38;5;-73m[AndroidUiautomator2Driver@1191]&amp#27;[0m Matched '/session' to command name 'createSession'
&amp#27;[38;5;176m[4ee65dfc]&amp#27;[0m&amp#27;[38;5;-73m[AndroidUiautomator2Driver@1191]&amp#27;[0m Proxying [POST /session] to [POST http://127.0.0.1:8200/session] with body: {"capabilities":{"firstMatch":[{"platformName":"ANDROID","app":"C:\\Users\\Anishkumar\\eclipse-workspaceMobile\\appiumDesign//src//test//java//org//rsa//resources//General-Store.apk","automationName":"UIAutomator2","deviceName":"RZCW30P5DQB","platform":"LINUX","webStorageEnabled":false,"takesScreenshot":true,"javascriptEnabled":true,"databaseEnabled":false,"networkConnectionEnabled":true,"locationContextEnabled":false,"warnings":{},"desired":{"platformName":"ANDROID","app":"C:\\Users\\Anishkumar\\eclipse-workspaceMobile\\appiumDesign//src//test//java//org//rsa//resources//General-Store.apk","automationName":"UIAutomator2","deviceName":"AnishEmulator"},"deviceUDID":"RZCW30P5DQB","appPackage":"com.androidsample.generalstore","appActivity":"com.androidsample.generalstore.SplashActivity"}],"alwaysMatch":{}}}
&amp#27;[38;5;176m[4ee65dfc]&amp#27;[0m&amp#27;[38;5;-73m[AndroidUiautomator2Driver@1191]&amp#27;[0m Got response with status 200: {"sessionId":"a5dc0d01-ac2a-4f53-896c-8b4849fdc827","value":{"capabilities":{"firstMatch":[{"platformName":"ANDROID","app":"C:\\Users\\Anishkumar\\eclipse-workspaceMobile\\appiumDesign//src//test//java//org//rsa//resources//General-Store.apk","automationName":"UIAutomator2","deviceName":"RZCW30P5DQB","platform":"LINUX","webStorageEnabled":false,"takesScreenshot":true,"javascriptEnabled":true,"databaseEnabled":false,"networkConnectionEnabled":true,"locationContextEnabled":false,"warnings":{},"desired":{"platformName":"ANDROID","app":"C:\\Users\\Anishkumar\\eclipse-workspaceMobile\\appiumDesign//src//test//java//org//rsa//resources//General-Store.apk","automationName":"UIAutomator2","deviceName":"AnishEmulator"},"deviceUDID":"RZCW30P5DQB","appPackage":"com.androidsample.generalstore","appActivity":"com.androidsample.generalstore.SplashActivity"}],"alwaysMatch":{}},"sessionId":"a5dc0d01-ac2a-4f53-896c-8b4849fdc827"}}
&amp#27;[38;5;176m[4ee65dfc]&amp#27;[0m&amp#27;[38;5;-73m[AndroidUiautomator2Driver@1191]&amp#27;[0m Determined the downstream protocol as 'W3C'
&amp#27;[38;5;176m[4ee65dfc]&amp#27;[0m&amp#27;[38;5;-73m[AndroidUiautomator2Driver@1191]&amp#27;[0m Proxying [GET /appium/device/pixel_ratio] to [GET http://127.0.0.1:8200/session/a5dc0d01-ac2a-4f53-896c-8b4849fdc827/appium/device/pixel_ratio] with no body
&amp#27;[38;5;176m[4ee65dfc]&amp#27;[0m&amp#27;[38;5;-73m[AndroidUiautomator2Driver@1191]&amp#27;[0m Matched '/appium/device/system_bars' to command name 'getSystemBars'
&amp#27;[38;5;176m[4ee65dfc]&amp#27;[0m&amp#27;[38;5;-73m[AndroidUiautomator2Driver@1191]&amp#27;[0m Proxying [GET /appium/device/system_bars] to [GET http://127.0.0.1:8200/session/a5dc0d01-ac2a-4f53-896c-8b4849fdc827/appium/device/system_bars] with no body
&amp#27;[38;5;176m[4ee65dfc]&amp#27;[0m&amp#27;[38;5;-73m[AndroidUiautomator2Driver@1191]&amp#27;[0m Matched '/window/current/size' to command name 'getWindowSize'
&amp#27;[38;5;176m[4ee65dfc]&amp#27;[0m&amp#27;[38;5;-73m[AndroidUiautomator2Driver@1191]&amp#27;[0m Proxying [GET /window/current/size] to [GET http://127.0.0.1:8200/session/a5dc0d01-ac2a-4f53-896c-8b4849fdc827/window/current/size] with no body
&amp#27;[38;5;176m[4ee65dfc]&amp#27;[0m&amp#27;[38;5;-73m[AndroidUiautomator2Driver@1191]&amp#27;[0m Proxying [GET /appium/device/info] to [GET http://127.0.0.1:8200/session/a5dc0d01-ac2a-4f53-896c-8b4849fdc827/appium/device/info] with no body
&amp#27;[38;5;176m[4ee65dfc]&amp#27;[0m&amp#27;[38;5;229m[ADB]&amp#27;[0m Running 'C:\Users\Anishkumar\AppData\Local\Android\Sdk\platform-tools\adb.exe -P 5037 -s RZCW30P5DQB shell dumpsys window'
&amp#27;[38;5;176m[4ee65dfc]&amp#27;[0m&amp#27;[38;5;229m[ADB]&amp#27;[0m Running 'C:\Users\Anishkumar\AppData\Local\Android\Sdk\platform-tools\adb.exe -P 5037 -s RZCW30P5DQB shell dumpsys power'
&amp#27;[38;5;176m[4ee65dfc]&amp#27;[0m&amp#27;[38;5;-73m[AndroidUiautomator2Driver@1191]&amp#27;[0m Got response with status 200: {"sessionId":"a5dc0d01-ac2a-4f53-896c-8b4849fdc827","value":2.8125}
&amp#27;[38;5;176m[4ee65dfc]&amp#27;[0m&amp#27;[38;5;-73m[AndroidUiautomator2Driver@1191]&amp#27;[0m Got response with status 200: {"sessionId":"a5dc0d01-ac2a-4f53-896c-8b4849fdc827","value":{"statusBar":65}}
&amp#27;[38;5;176m[4ee65dfc]&amp#27;[0m&amp#27;[38;5;-73m[AndroidUiautomator2Driver@1191]&amp#27;[0m Got response with status 200: {"sessionId":"a5dc0d01-ac2a-4f53-896c-8b4849fdc827","value":{"height":2408,"width":1080}}
&amp#27;[38;5;176m[4ee65dfc]&amp#27;[0m&amp#27;[38;5;-73m[AndroidUiautomator2Driver@1191]&amp#27;[0m Got response with status 200: {"sessionId":"a5dc0d01-ac2a-4f53-896c-8b4849fdc827","value":{"androidId":"d3bfe7668c35ec90","apiVersion":"35","bluetooth":{"state":"ON"},"brand":"samsung","carrierName":"JIO 4G","displayDensity":450,"locale":"en_IN","manufacturer":"samsung","model":"SM-A146B","networks":[{"capabilities":{"SSID":null,"linkDownBandwidthKbps":11837,"linkUpstreamBandwidthKbps":11837,"networkCapabilities":"NET_CAPABILITY_IMS,NET_CAPABILITY_NOT_METERED,NET_CAPABILITY_TRUSTED,NET_CAPABILITY_NOT_VPN,NET_CAPABILITY_VALIDATED,NET_CAPABILITY_NOT_ROAMING,NET_CAPABILITY_FOREGROUND,NET_CAPABILITY_NOT_CONGESTED,NET_CAPABILITY_NOT_SUSPENDED","signalStrength":-2147483648,"transportTypes":"TRANSPORT_CELLULAR"},"detailedState":"CONNECTED","extraInfo":"IMS","isAvailable":true,"isConnected":true,"isFailover":false,"isRoaming":false,"state":"CONNECTED","subtype":13,"subtypeName":"LTE","type":0,"typeName":"MOBILE"},{"capabilities":{"SSID":null,"linkDownBandwidthKbps":11837,"linkUpstreamBandwidthKbps":11837,"networkCapabilities":"NET_CAPABILITY_S...
&amp#27;[38;5;176m[4ee65dfc]&amp#27;[0m&amp#27;[38;5;-73m[AndroidUiautomator2Driver@1191]&amp#27;[0m Screen already unlocked, doing nothing
&amp#27;[38;5;176m[4ee65dfc]&amp#27;[0m&amp#27;[38;5;-73m[AndroidUiautomator2Driver@1191]&amp#27;[0m Starting 'com.androidsample.generalstore/com.androidsample.generalstore.SplashActivity' and waiting for 'com.androidsample.generalstore/com.androidsample.generalstore.SplashActivity'
&amp#27;[38;5;176m[4ee65dfc]&amp#27;[0m&amp#27;[38;5;229m[ADB]&amp#27;[0m Running 'C:\Users\Anishkumar\AppData\Local\Android\Sdk\platform-tools\adb.exe -P 5037 -s RZCW30P5DQB shell am start-activity -W -n com.androidsample.generalstore/com.androidsample.generalstore.SplashActivity -S -a android.intent.action.MAIN -c android.intent.category.LAUNCHER -f 0x10200000'
&amp#27;[38;5;176m[4ee65dfc]&amp#27;[0m&amp#27;[38;5;229m[ADB]&amp#27;[0m Expected package names to be focused within 20000ms: 'com.androidsample.generalstore'
&amp#27;[38;5;176m[4ee65dfc]&amp#27;[0m&amp#27;[38;5;229m[ADB]&amp#27;[0m Expected activity name patterns to be focused within 20000ms: '/^com\.androidsample\.generalstore\.SplashActivity$/'
&amp#27;[38;5;176m[4ee65dfc]&amp#27;[0m&amp#27;[38;5;229m[ADB]&amp#27;[0m Getting focused package and activity
&amp#27;[38;5;176m[4ee65dfc]&amp#27;[0m&amp#27;[38;5;229m[ADB]&amp#27;[0m Running 'C:\Users\Anishkumar\AppData\Local\Android\Sdk\platform-tools\adb.exe -P 5037 -s RZCW30P5DQB shell dumpsys window displays'
&amp#27;[38;5;176m[4ee65dfc]&amp#27;[0m&amp#27;[38;5;229m[ADB]&amp#27;[0m Focused package: com.androidsample.generalstore
&amp#27;[38;5;176m[4ee65dfc]&amp#27;[0m&amp#27;[38;5;229m[ADB]&amp#27;[0m Focused fully qualified activity name: com.androidsample.generalstore.SplashActivity
&amp#27;[38;5;176m[4ee65dfc]&amp#27;[0m&amp#27;[38;5;72m[AppiumDriver@8084]&amp#27;[0m New AndroidUiautomator2Driver session created successfully, session 4ee65dfc-ff3c-48b7-85e1-2129c14fce3f added to master session list
&amp#27;[38;5;176m[4ee65dfc]&amp#27;[0m&amp#27;[38;5;72m[AppiumDriver@8084]&amp#27;[0m Event 'newSessionStarted' logged at 1758724429720 (20:03:49 GMT+0530 (India Standard Time))
&amp#27;[38;5;176m[4ee65dfc]&amp#27;[0m&amp#27;[38;5;-73m[AndroidUiautomator2Driver@1191]&amp#27;[0m Cached the protocol value 'W3C' for the new session 4ee65dfc-ff3c-48b7-85e1-2129c14fce3f
&amp#27;[38;5;176m[4ee65dfc]&amp#27;[0m&amp#27;[38;5;-73m[AndroidUiautomator2Driver@1191]&amp#27;[0m Responding to client with driver.createSession() result: {"capabilities":{"platformName":"ANDROID","app":"C:\\Users\\Anishkumar\\eclipse-workspaceMobile\\appiumDesign//src//test//java//org//rsa//resources//General-Store.apk","automationName":"UIAutomator2","deviceName":"RZCW30P5DQB","platform":"LINUX","webStorageEnabled":false,"takesScreenshot":true,"javascriptEnabled":true,"databaseEnabled":false,"networkConnectionEnabled":true,"locationContextEnabled":false,"warnings":{},"desired":{"platformName":"ANDROID","app":"C:\\Users\\Anishkumar\\eclipse-workspaceMobile\\appiumDesign//src//test//java//org//rsa//resources//General-Store.apk","automationName":"UIAutomator2","deviceName":"AnishEmulator"},"deviceUDID":"RZCW30P5DQB","appPackage":"com.androidsample.generalstore","appActivity":"com.androidsample.generalstore.SplashActivity","pixelRatio":"2.8125","statBarHeight":65,"viewportRect":{"left":0,"top":65,"width":1080,"height":2343},"deviceApiLevel":35,"platformVersion":"15","deviceManufacturer":"samsung","deviceModel":"SM-A146B","deviceScreenSize":"1080x2408","deviceS...
&amp#27;[38;5;176m[4ee65dfc]&amp#27;[0m&amp#27;[38;5;86m[HTTP]&amp#27;[0m &amp#27;[37m<-- POST /session &amp#27;[39m&amp#27;[32m200&amp#27;[39m &amp#27;[90m6493 ms - 1101&amp#27;[39m &amp#27;[90m&amp#27;[39m
&amp#27;[38;5;176m[4ee65dfc]&amp#27;[0m&amp#27;[38;5;86m[HTTP]&amp#27;[0m &amp#27;[37m-->&amp#27;[39m &amp#27;[37mPOST&amp#27;[39m &amp#27;[37m/session/4ee65dfc-ff3c-48b7-85e1-2129c14fce3f/timeouts&amp#27;[39m &amp#27;[90m{"implicit":10000}&amp#27;[39m
&amp#27;[38;5;176m[4ee65dfc]&amp#27;[0m&amp#27;[38;5;-73m[AndroidUiautomator2Driver@1191]&amp#27;[0m Calling AppiumDriver.timeouts() with args: [null,null,null,null,10000,"4ee65dfc-ff3c-48b7-85e1-2129c14fce3f"]
&amp#27;[38;5;176m[4ee65dfc]&amp#27;[0m&amp#27;[38;5;-73m[AndroidUiautomator2Driver@1191]&amp#27;[0m W3C timeout argument: {"implicit":10000}}
&amp#27;[38;5;176m[4ee65dfc]&amp#27;[0m&amp#27;[38;5;-73m[AndroidUiautomator2Driver@1191]&amp#27;[0m Set implicit wait to 10000ms
&amp#27;[38;5;176m[4ee65dfc]&amp#27;[0m&amp#27;[38;5;-73m[AndroidUiautomator2Driver@1191]&amp#27;[0m Responding to client with driver.timeouts() result: null
&amp#27;[38;5;176m[4ee65dfc]&amp#27;[0m&amp#27;[38;5;86m[HTTP]&amp#27;[0m &amp#27;[37m<-- POST /session/4ee65dfc-ff3c-48b7-85e1-2129c14fce3f/timeouts &amp#27;[39m&amp#27;[32m200&amp#27;[39m &amp#27;[90m3 ms - 14&amp#27;[39m &amp#27;[90m&amp#27;[39m
&amp#27;[38;5;176m[4ee65dfc]&amp#27;[0m&amp#27;[38;5;86m[HTTP]&amp#27;[0m &amp#27;[37m-->&amp#27;[39m &amp#27;[37mGET&amp#27;[39m &amp#27;[37m/session/4ee65dfc-ff3c-48b7-85e1-2129c14fce3f/context&amp#27;[39m &amp#27;[90m{}&amp#27;[39m
&amp#27;[38;5;176m[4ee65dfc]&amp#27;[0m&amp#27;[38;5;-73m[AndroidUiautomator2Driver@1191]&amp#27;[0m Calling AppiumDriver.getCurrentContext() with args: ["4ee65dfc-ff3c-48b7-85e1-2129c14fce3f"]
&amp#27;[38;5;176m[4ee65dfc]&amp#27;[0m&amp#27;[38;5;-73m[AndroidUiautomator2Driver@1191]&amp#27;[0m Responding to client with driver.getCurrentContext() result: "NATIVE_APP"
&amp#27;[38;5;176m[4ee65dfc]&amp#27;[0m&amp#27;[38;5;86m[HTTP]&amp#27;[0m &amp#27;[37m<-- GET /session/4ee65dfc-ff3c-48b7-85e1-2129c14fce3f/context &amp#27;[39m&amp#27;[32m200&amp#27;[39m &amp#27;[90m3 ms - 22&amp#27;[39m &amp#27;[90m&amp#27;[39m
&amp#27;[38;5;176m[4ee65dfc]&amp#27;[0m&amp#27;[38;5;86m[HTTP]&amp#27;[0m &amp#27;[37m-->&amp#27;[39m &amp#27;[37mPOST&amp#27;[39m &amp#27;[37m/session/4ee65dfc-ff3c-48b7-85e1-2129c14fce3f/element&amp#27;[39m &amp#27;[90m{"using":"id","value":"com.androidsample.generalstore:id/btnLetsShop"}&amp#27;[39m
&amp#27;[38;5;176m[4ee65dfc]&amp#27;[0m&amp#27;[38;5;-73m[AndroidUiautomator2Driver@1191]&amp#27;[0m Calling AppiumDriver.findElement() with args: ["id","com.androidsample.generalstore:id/btnLetsShop","4ee65dfc-ff3c-48b7-85e1-2129c14fce3f"]
&amp#27;[38;5;176m[4ee65dfc]&amp#27;[0m&amp#27;[38;5;-73m[AndroidUiautomator2Driver@1191]&amp#27;[0m Valid locator strategies for this request: xpath, id, class name, accessibility id, css selector, -android uiautomator
&amp#27;[38;5;176m[4ee65dfc]&amp#27;[0m&amp#27;[38;5;-73m[AndroidUiautomator2Driver@1191]&amp#27;[0m Waiting up to 10000 ms for condition
&amp#27;[38;5;176m[4ee65dfc]&amp#27;[0m&amp#27;[38;5;-73m[AndroidUiautomator2Driver@1191]&amp#27;[0m Matched '/element' to command name 'findElement'
&amp#27;[38;5;176m[4ee65dfc]&amp#27;[0m&amp#27;[38;5;-73m[AndroidUiautomator2Driver@1191]&amp#27;[0m Proxying [POST /element] to [POST http://127.0.0.1:8200/session/a5dc0d01-ac2a-4f53-896c-8b4849fdc827/element] with body: {"strategy":"id","selector":"com.androidsample.generalstore:id/btnLetsShop","context":"","multiple":false}
&amp#27;[38;5;176m[4ee65dfc]&amp#27;[0m&amp#27;[38;5;-73m[AndroidUiautomator2Driver@1191]&amp#27;[0m Got response with status 404: {"sessionId":"a5dc0d01-ac2a-4f53-896c-8b4849fdc827","value":{"error":"no such element","message":"An element could not be located on the page using the given search parameters","stacktrace":"io.appium.uiautomator2.common.exceptions.ElementNotFoundException: An element could not be located on the page using the given search parameters\n\tat io.appium.uiautomator2.handler.FindElement.safeHandle(FindElement.java:63)\n\tat io.appium.uiautomator2.handler.request.SafeRequestHandler.handle(SafeRequestHandler.java:59)\n\tat io.appium.uiautomator2.server.AppiumServlet.handleRequest(AppiumServlet.java:259)\n\tat io.appium.uiautomator2.server.AppiumServlet.handleHttpRequest(AppiumServlet.java:253)\n\tat io.appium.uiautomator2.http.ServerHandler.channelRead(ServerHandler.java:77)\n\tat io.netty.channel.AbstractChannelHandlerContext.invokeChannelRead(AbstractChannelHandlerContext.java:366)\n\tat io.netty.channel.AbstractChannelHandlerContext.invokeChannelRead(AbstractChannelHandlerContext.java:352)\n\tat io.netty.chann...
&amp#27;[38;5;176m[4ee65dfc]&amp#27;[0m&amp#27;[38;5;123m[W3C]&amp#27;[0m Matched W3C error code 'no such element' to NoSuchElementError
&amp#27;[38;5;176m[4ee65dfc]&amp#27;[0m&amp#27;[38;5;-73m[AndroidUiautomator2Driver@1191]&amp#27;[0m Waited for 61 ms so far
&amp#27;[38;5;176m[4ee65dfc]&amp#27;[0m&amp#27;[38;5;-73m[AndroidUiautomator2Driver@1191]&amp#27;[0m Matched '/element' to command name 'findElement'
&amp#27;[38;5;176m[4ee65dfc]&amp#27;[0m&amp#27;[38;5;-73m[AndroidUiautomator2Driver@1191]&amp#27;[0m Proxying [POST /element] to [POST http://127.0.0.1:8200/session/a5dc0d01-ac2a-4f53-896c-8b4849fdc827/element] with body: {"strategy":"id","selector":"com.androidsample.generalstore:id/btnLetsShop","context":"","multiple":false}
&amp#27;[38;5;176m[4ee65dfc]&amp#27;[0m&amp#27;[38;5;-73m[AndroidUiautomator2Driver@1191]&amp#27;[0m Got response with status 404: {"sessionId":"a5dc0d01-ac2a-4f53-896c-8b4849fdc827","value":{"error":"no such element","message":"An element could not be located on the page using the given search parameters","stacktrace":"io.appium.uiautomator2.common.exceptions.ElementNotFoundException: An element could not be located on the page using the given search parameters\n\tat io.appium.uiautomator2.handler.FindElement.safeHandle(FindElement.java:63)\n\tat io.appium.uiautomator2.handler.request.SafeRequestHandler.handle(SafeRequestHandler.java:59)\n\tat io.appium.uiautomator2.server.AppiumServlet.handleRequest(AppiumServlet.java:259)\n\tat io.appium.uiautomator2.server.AppiumServlet.handleHttpRequest(AppiumServlet.java:253)\n\tat io.appium.uiautomator2.http.ServerHandler.channelRead(ServerHandler.java:77)\n\tat io.netty.channel.AbstractChannelHandlerContext.invokeChannelRead(AbstractChannelHandlerContext.java:366)\n\tat io.netty.channel.AbstractChannelHandlerContext.invokeChannelRead(AbstractChannelHandlerContext.java:352)\n\tat io.netty.chann...
&amp#27;[38;5;176m[4ee65dfc]&amp#27;[0m&amp#27;[38;5;123m[W3C]&amp#27;[0m Matched W3C error code 'no such element' to NoSuchElementError
&amp#27;[38;5;176m[4ee65dfc]&amp#27;[0m&amp#27;[38;5;-73m[AndroidUiautomator2Driver@1191]&amp#27;[0m Waited for 616 ms so far
&amp#27;[38;5;176m[4ee65dfc]&amp#27;[0m&amp#27;[38;5;-73m[AndroidUiautomator2Driver@1191]&amp#27;[0m Matched '/element' to command name 'findElement'
&amp#27;[38;5;176m[4ee65dfc]&amp#27;[0m&amp#27;[38;5;-73m[AndroidUiautomator2Driver@1191]&amp#27;[0m Proxying [POST /element] to [POST http://127.0.0.1:8200/session/a5dc0d01-ac2a-4f53-896c-8b4849fdc827/element] with body: {"strategy":"id","selector":"com.androidsample.generalstore:id/btnLetsShop","context":"","multiple":false}
&amp#27;[38;5;176m[4ee65dfc]&amp#27;[0m&amp#27;[38;5;-73m[AndroidUiautomator2Driver@1191]&amp#27;[0m Got response with status 404: {"sessionId":"a5dc0d01-ac2a-4f53-896c-8b4849fdc827","value":{"error":"no such element","message":"An element could not be located on the page using the given search parameters","stacktrace":"io.appium.uiautomator2.common.exceptions.ElementNotFoundException: An element could not be located on the page using the given search parameters\n\tat io.appium.uiautomator2.handler.FindElement.safeHandle(FindElement.java:63)\n\tat io.appium.uiautomator2.handler.request.SafeRequestHandler.handle(SafeRequestHandler.java:59)\n\tat io.appium.uiautomator2.server.AppiumServlet.handleRequest(AppiumServlet.java:259)\n\tat io.appium.uiautomator2.server.AppiumServlet.handleHttpRequest(AppiumServlet.java:253)\n\tat io.appium.uiautomator2.http.ServerHandler.channelRead(ServerHandler.java:77)\n\tat io.netty.channel.AbstractChannelHandlerContext.invokeChannelRead(AbstractChannelHandlerContext.java:366)\n\tat io.netty.channel.AbstractChannelHandlerContext.invokeChannelRead(AbstractChannelHandlerContext.java:352)\n\tat io.netty.chann...
&amp#27;[38;5;176m[4ee65dfc]&amp#27;[0m&amp#27;[38;5;123m[W3C]&amp#27;[0m Matched W3C error code 'no such element' to NoSuchElementError
&amp#27;[38;5;176m[4ee65dfc]&amp#27;[0m&amp#27;[38;5;-73m[AndroidUiautomator2Driver@1191]&amp#27;[0m Waited for 1181 ms so far
&amp#27;[38;5;176m[4ee65dfc]&amp#27;[0m&amp#27;[38;5;-73m[AndroidUiautomator2Driver@1191]&amp#27;[0m Matched '/element' to command name 'findElement'
&amp#27;[38;5;176m[4ee65dfc]&amp#27;[0m&amp#27;[38;5;-73m[AndroidUiautomator2Driver@1191]&amp#27;[0m Proxying [POST /element] to [POST http://127.0.0.1:8200/session/a5dc0d01-ac2a-4f53-896c-8b4849fdc827/element] with body: {"strategy":"id","selector":"com.androidsample.generalstore:id/btnLetsShop","context":"","multiple":false}
&amp#27;[38;5;176m[4ee65dfc]&amp#27;[0m&amp#27;[38;5;-73m[AndroidUiautomator2Driver@1191]&amp#27;[0m Got response with status 404: {"sessionId":"a5dc0d01-ac2a-4f53-896c-8b4849fdc827","value":{"error":"no such element","message":"An element could not be located on the page using the given search parameters","stacktrace":"io.appium.uiautomator2.common.exceptions.ElementNotFoundException: An element could not be located on the page using the given search parameters\n\tat io.appium.uiautomator2.handler.FindElement.safeHandle(FindElement.java:63)\n\tat io.appium.uiautomator2.handler.request.SafeRequestHandler.handle(SafeRequestHandler.java:59)\n\tat io.appium.uiautomator2.server.AppiumServlet.handleRequest(AppiumServlet.java:259)\n\tat io.appium.uiautomator2.server.AppiumServlet.handleHttpRequest(AppiumServlet.java:253)\n\tat io.appium.uiautomator2.http.ServerHandler.channelRead(ServerHandler.java:77)\n\tat io.netty.channel.AbstractChannelHandlerContext.invokeChannelRead(AbstractChannelHandlerContext.java:366)\n\tat io.netty.channel.AbstractChannelHandlerContext.invokeChannelRead(AbstractChannelHandlerContext.java:352)\n\tat io.netty.chann...
&amp#27;[38;5;176m[4ee65dfc]&amp#27;[0m&amp#27;[38;5;123m[W3C]&amp#27;[0m Matched W3C error code 'no such element' to NoSuchElementError
&amp#27;[38;5;176m[4ee65dfc]&amp#27;[0m&amp#27;[38;5;-73m[AndroidUiautomator2Driver@1191]&amp#27;[0m Waited for 1965 ms so far
&amp#27;[38;5;176m[4ee65dfc]&amp#27;[0m&amp#27;[38;5;-73m[AndroidUiautomator2Driver@1191]&amp#27;[0m Matched '/element' to command name 'findElement'
&amp#27;[38;5;176m[4ee65dfc]&amp#27;[0m&amp#27;[38;5;-73m[AndroidUiautomator2Driver@1191]&amp#27;[0m Proxying [POST /element] to [POST http://127.0.0.1:8200/session/a5dc0d01-ac2a-4f53-896c-8b4849fdc827/element] with body: {"strategy":"id","selector":"com.androidsample.generalstore:id/btnLetsShop","context":"","multiple":false}
&amp#27;[38;5;176m[4ee65dfc]&amp#27;[0m&amp#27;[38;5;-73m[AndroidUiautomator2Driver@1191]&amp#27;[0m Got response with status 200: {"sessionId":"a5dc0d01-ac2a-4f53-896c-8b4849fdc827","value":{"ELEMENT":"00000000-0000-05c1-ffff-ffff00000021","element-6066-11e4-a52e-4f735466cecf":"00000000-0000-05c1-ffff-ffff00000021"}}
&amp#27;[38;5;176m[4ee65dfc]&amp#27;[0m&amp#27;[38;5;-73m[AndroidUiautomator2Driver@1191]&amp#27;[0m Responding to client with driver.findElement() result: {"element-6066-11e4-a52e-4f735466cecf":"00000000-0000-05c1-ffff-ffff00000021","ELEMENT":"00000000-0000-05c1-ffff-ffff00000021"}
&amp#27;[38;5;176m[4ee65dfc]&amp#27;[0m&amp#27;[38;5;86m[HTTP]&amp#27;[0m &amp#27;[37m<-- POST /session/4ee65dfc-ff3c-48b7-85e1-2129c14fce3f/element &amp#27;[39m&amp#27;[32m200&amp#27;[39m &amp#27;[90m3340 ms - 137&amp#27;[39m &amp#27;[90m&amp#27;[39m
&amp#27;[38;5;176m[4ee65dfc]&amp#27;[0m&amp#27;[38;5;86m[HTTP]&amp#27;[0m &amp#27;[37m-->&amp#27;[39m &amp#27;[37mPOST&amp#27;[39m &amp#27;[37m/session/4ee65dfc-ff3c-48b7-85e1-2129c14fce3f/element/00000000-0000-05c1-ffff-ffff00000021/click&amp#27;[39m &amp#27;[90m{"id":"00000000-0000-05c1-ffff-ffff00000021"}&amp#27;[39m
&amp#27;[38;5;176m[4ee65dfc]&amp#27;[0m&amp#27;[38;5;-73m[AndroidUiautomator2Driver@1191]&amp#27;[0m Calling AppiumDriver.click() with args: ["00000000-0000-05c1-ffff-ffff00000021","4ee65dfc-ff3c-48b7-85e1-2129c14fce3f"]
&amp#27;[38;5;176m[4ee65dfc]&amp#27;[0m&amp#27;[38;5;-73m[AndroidUiautomator2Driver@1191]&amp#27;[0m Matched '/element/00000000-0000-05c1-ffff-ffff00000021/click' to command name 'click'
&amp#27;[38;5;176m[4ee65dfc]&amp#27;[0m&amp#27;[38;5;-73m[AndroidUiautomator2Driver@1191]&amp#27;[0m Proxying [POST /element/00000000-0000-05c1-ffff-ffff00000021/click] to [POST http://127.0.0.1:8200/session/a5dc0d01-ac2a-4f53-896c-8b4849fdc827/element/00000000-0000-05c1-ffff-ffff00000021/click] with body: {"element":"00000000-0000-05c1-ffff-ffff00000021"}
&amp#27;[38;5;176m[4ee65dfc]&amp#27;[0m&amp#27;[38;5;-73m[AndroidUiautomator2Driver@1191]&amp#27;[0m Got response with status 200: {"sessionId":"a5dc0d01-ac2a-4f53-896c-8b4849fdc827","value":null}
&amp#27;[38;5;176m[4ee65dfc]&amp#27;[0m&amp#27;[38;5;-73m[AndroidUiautomator2Driver@1191]&amp#27;[0m Responding to client with driver.click() result: null
&amp#27;[38;5;176m[4ee65dfc]&amp#27;[0m&amp#27;[38;5;86m[HTTP]&amp#27;[0m &amp#27;[37m<-- POST /session/4ee65dfc-ff3c-48b7-85e1-2129c14fce3f/element/00000000-0000-05c1-ffff-ffff00000021/click &amp#27;[39m&amp#27;[32m200&amp#27;[39m &amp#27;[90m83 ms - 14&amp#27;[39m &amp#27;[90m&amp#27;[39m
&amp#27;[38;5;176m[4ee65dfc]&amp#27;[0m&amp#27;[38;5;86m[HTTP]&amp#27;[0m &amp#27;[37m-->&amp#27;[39m &amp#27;[37mPOST&amp#27;[39m &amp#27;[37m/session/4ee65dfc-ff3c-48b7-85e1-2129c14fce3f/element&amp#27;[39m &amp#27;[90m{"using":"xpath","value":"//android.widget.Toast[1]"}&amp#27;[39m
&amp#27;[38;5;176m[4ee65dfc]&amp#27;[0m&amp#27;[38;5;-73m[AndroidUiautomator2Driver@1191]&amp#27;[0m Calling AppiumDriver.findElement() with args: ["xpath","//android.widget.Toast[1]","4ee65dfc-ff3c-48b7-85e1-2129c14fce3f"]
&amp#27;[38;5;176m[4ee65dfc]&amp#27;[0m&amp#27;[38;5;-73m[AndroidUiautomator2Driver@1191]&amp#27;[0m Valid locator strategies for this request: xpath, id, class name, accessibility id, css selector, -android uiautomator
&amp#27;[38;5;176m[4ee65dfc]&amp#27;[0m&amp#27;[38;5;-73m[AndroidUiautomator2Driver@1191]&amp#27;[0m Waiting up to 10000 ms for condition
&amp#27;[38;5;176m[4ee65dfc]&amp#27;[0m&amp#27;[38;5;-73m[AndroidUiautomator2Driver@1191]&amp#27;[0m Matched '/element' to command name 'findElement'
&amp#27;[38;5;176m[4ee65dfc]&amp#27;[0m&amp#27;[38;5;-73m[AndroidUiautomator2Driver@1191]&amp#27;[0m Proxying [POST /element] to [POST http://127.0.0.1:8200/session/a5dc0d01-ac2a-4f53-896c-8b4849fdc827/element] with body: {"strategy":"xpath","selector":"//android.widget.Toast[1]","context":"","multiple":false}
&amp#27;[38;5;176m[4ee65dfc]&amp#27;[0m&amp#27;[38;5;-73m[AndroidUiautomator2Driver@1191]&amp#27;[0m Got response with status 200: {"sessionId":"a5dc0d01-ac2a-4f53-896c-8b4849fdc827","value":{"ELEMENT":"f3fe3350-62bc-41e6-b080-7f09c849ee4c","element-6066-11e4-a52e-4f735466cecf":"f3fe3350-62bc-41e6-b080-7f09c849ee4c"}}
&amp#27;[38;5;176m[4ee65dfc]&amp#27;[0m&amp#27;[38;5;-73m[AndroidUiautomator2Driver@1191]&amp#27;[0m Responding to client with driver.findElement() result: {"element-6066-11e4-a52e-4f735466cecf":"f3fe3350-62bc-41e6-b080-7f09c849ee4c","ELEMENT":"f3fe3350-62bc-41e6-b080-7f09c849ee4c"}
&amp#27;[38;5;176m[4ee65dfc]&amp#27;[0m&amp#27;[38;5;86m[HTTP]&amp#27;[0m &amp#27;[37m<-- POST /session/4ee65dfc-ff3c-48b7-85e1-2129c14fce3f/element &amp#27;[39m&amp#27;[32m200&amp#27;[39m &amp#27;[90m355 ms - 137&amp#27;[39m &amp#27;[90m&amp#27;[39m
&amp#27;[38;5;176m[4ee65dfc]&amp#27;[0m&amp#27;[38;5;86m[HTTP]&amp#27;[0m &amp#27;[37m-->&amp#27;[39m &amp#27;[37mGET&amp#27;[39m &amp#27;[37m/session/4ee65dfc-ff3c-48b7-85e1-2129c14fce3f/element/f3fe3350-62bc-41e6-b080-7f09c849ee4c/attribute/text&amp#27;[39m &amp#27;[90m{}&amp#27;[39m
&amp#27;[38;5;176m[4ee65dfc]&amp#27;[0m&amp#27;[38;5;-73m[AndroidUiautomator2Driver@1191]&amp#27;[0m Calling AppiumDriver.getAttribute() with args: ["text","f3fe3350-62bc-41e6-b080-7f09c849ee4c","4ee65dfc-ff3c-48b7-85e1-2129c14fce3f"]
&amp#27;[38;5;176m[4ee65dfc]&amp#27;[0m&amp#27;[38;5;-73m[AndroidUiautomator2Driver@1191]&amp#27;[0m Matched '/element/f3fe3350-62bc-41e6-b080-7f09c849ee4c/attribute/text' to command name 'getAttribute'
&amp#27;[38;5;176m[4ee65dfc]&amp#27;[0m&amp#27;[38;5;-73m[AndroidUiautomator2Driver@1191]&amp#27;[0m Proxying [GET /element/f3fe3350-62bc-41e6-b080-7f09c849ee4c/attribute/text] to [GET http://127.0.0.1:8200/session/a5dc0d01-ac2a-4f53-896c-8b4849fdc827/element/f3fe3350-62bc-41e6-b080-7f09c849ee4c/attribute/text] with no body
&amp#27;[38;5;176m[4ee65dfc]&amp#27;[0m&amp#27;[38;5;-73m[AndroidUiautomator2Driver@1191]&amp#27;[0m Got response with status 200: {"sessionId":"a5dc0d01-ac2a-4f53-896c-8b4849fdc827","value":"Please enter your name"}
&amp#27;[38;5;176m[4ee65dfc]&amp#27;[0m&amp#27;[38;5;-73m[AndroidUiautomator2Driver@1191]&amp#27;[0m Responding to client with driver.getAttribute() result: "Please enter your name"
&amp#27;[38;5;176m[4ee65dfc]&amp#27;[0m&amp#27;[38;5;86m[HTTP]&amp#27;[0m &amp#27;[37m<-- GET /session/4ee65dfc-ff3c-48b7-85e1-2129c14fce3f/element/f3fe3350-62bc-41e6-b080-7f09c849ee4c/attribute/text &amp#27;[39m&amp#27;[32m200&amp#27;[39m &amp#27;[90m221 ms - 34&amp#27;[39m &amp#27;[90m&amp#27;[39m
&amp#27;[38;5;176m[4ee65dfc]&amp#27;[0m&amp#27;[38;5;86m[HTTP]&amp#27;[0m &amp#27;[37m-->&amp#27;[39m &amp#27;[37mGET&amp#27;[39m &amp#27;[37m/session/4ee65dfc-ff3c-48b7-85e1-2129c14fce3f/context&amp#27;[39m &amp#27;[90m{}&amp#27;[39m
&amp#27;[38;5;176m[4ee65dfc]&amp#27;[0m&amp#27;[38;5;-73m[AndroidUiautomator2Driver@1191]&amp#27;[0m Calling AppiumDriver.getCurrentContext() with args: ["4ee65dfc-ff3c-48b7-85e1-2129c14fce3f"]
&amp#27;[38;5;176m[4ee65dfc]&amp#27;[0m&amp#27;[38;5;-73m[AndroidUiautomator2Driver@1191]&amp#27;[0m Responding to client with driver.getCurrentContext() result: "NATIVE_APP"
&amp#27;[38;5;176m[4ee65dfc]&amp#27;[0m&amp#27;[38;5;86m[HTTP]&amp#27;[0m &amp#27;[37m<-- GET /session/4ee65dfc-ff3c-48b7-85e1-2129c14fce3f/context &amp#27;[39m&amp#27;[32m200&amp#27;[39m &amp#27;[90m1 ms - 22&amp#27;[39m &amp#27;[90m&amp#27;[39m
&amp#27;[38;5;176m[4ee65dfc]&amp#27;[0m&amp#27;[38;5;86m[HTTP]&amp#27;[0m &amp#27;[37m-->&amp#27;[39m &amp#27;[37mPOST&amp#27;[39m &amp#27;[37m/session/4ee65dfc-ff3c-48b7-85e1-2129c14fce3f/element&amp#27;[39m &amp#27;[90m{"using":"id","value":"com.androidsample.generalstore:id/nameField"}&amp#27;[39m
&amp#27;[38;5;176m[4ee65dfc]&amp#27;[0m&amp#27;[38;5;-73m[AndroidUiautomator2Driver@1191]&amp#27;[0m Calling AppiumDriver.findElement() with args: ["id","com.androidsample.generalstore:id/nameField","4ee65dfc-ff3c-48b7-85e1-2129c14fce3f"]
&amp#27;[38;5;176m[4ee65dfc]&amp#27;[0m&amp#27;[38;5;-73m[AndroidUiautomator2Driver@1191]&amp#27;[0m Valid locator strategies for this request: xpath, id, class name, accessibility id, css selector, -android uiautomator
&amp#27;[38;5;176m[4ee65dfc]&amp#27;[0m&amp#27;[38;5;-73m[AndroidUiautomator2Driver@1191]&amp#27;[0m Waiting up to 10000 ms for condition
&amp#27;[38;5;176m[4ee65dfc]&amp#27;[0m&amp#27;[38;5;-73m[AndroidUiautomator2Driver@1191]&amp#27;[0m Matched '/element' to command name 'findElement'
&amp#27;[38;5;176m[4ee65dfc]&amp#27;[0m&amp#27;[38;5;-73m[AndroidUiautomator2Driver@1191]&amp#27;[0m Proxying [POST /element] to [POST http://127.0.0.1:8200/session/a5dc0d01-ac2a-4f53-896c-8b4849fdc827/element] with body: {"strategy":"id","selector":"com.androidsample.generalstore:id/nameField","context":"","multiple":false}
&amp#27;[38;5;176m[4ee65dfc]&amp#27;[0m&amp#27;[38;5;-73m[AndroidUiautomator2Driver@1191]&amp#27;[0m Got response with status 200: {"sessionId":"a5dc0d01-ac2a-4f53-896c-8b4849fdc827","value":{"ELEMENT":"00000000-0000-05c1-ffff-ffff0000001c","element-6066-11e4-a52e-4f735466cecf":"00000000-0000-05c1-ffff-ffff0000001c"}}
&amp#27;[38;5;176m[4ee65dfc]&amp#27;[0m&amp#27;[38;5;-73m[AndroidUiautomator2Driver@1191]&amp#27;[0m Responding to client with driver.findElement() result: {"element-6066-11e4-a52e-4f735466cecf":"00000000-0000-05c1-ffff-ffff0000001c","ELEMENT":"00000000-0000-05c1-ffff-ffff0000001c"}
&amp#27;[38;5;176m[4ee65dfc]&amp#27;[0m&amp#27;[38;5;86m[HTTP]&amp#27;[0m &amp#27;[37m<-- POST /session/4ee65dfc-ff3c-48b7-85e1-2129c14fce3f/element &amp#27;[39m&amp#27;[32m200&amp#27;[39m &amp#27;[90m62 ms - 137&amp#27;[39m &amp#27;[90m&amp#27;[39m
&amp#27;[38;5;176m[4ee65dfc]&amp#27;[0m&amp#27;[38;5;86m[HTTP]&amp#27;[0m &amp#27;[37m-->&amp#27;[39m &amp#27;[37mPOST&amp#27;[39m &amp#27;[37m/session/4ee65dfc-ff3c-48b7-85e1-2129c14fce3f/element/00000000-0000-05c1-ffff-ffff0000001c/value&amp#27;[39m &amp#27;[90m{"id":"00000000-0000-05c1-ffff-ffff0000001c","text":"Test Message","value":["T","e","s","t"," ","M","e","s","s","a","g","e"]}&amp#27;[39m
&amp#27;[38;5;176m[4ee65dfc]&amp#27;[0m&amp#27;[38;5;-73m[AndroidUiautomator2Driver@1191]&amp#27;[0m Calling AppiumDriver.setValue() with args: [["T","e","s","t"," ","M","e","s","s","a","g","e"],"00000000-0000-05c1-ffff-ffff0000001c","4ee65dfc-ff3c-48b7-85e1-2129c14fce3f"]
&amp#27;[38;5;176m[4ee65dfc]&amp#27;[0m&amp#27;[38;5;-73m[AndroidUiautomator2Driver@1191]&amp#27;[0m Matched '/element/00000000-0000-05c1-ffff-ffff0000001c/value' to command name 'setValue'
&amp#27;[38;5;176m[4ee65dfc]&amp#27;[0m&amp#27;[38;5;-73m[AndroidUiautomator2Driver@1191]&amp#27;[0m Added 'value' property ["T","e","s","t"," ","M","e","s","s","a","g","e"] to 'setValue' request body
&amp#27;[38;5;176m[4ee65dfc]&amp#27;[0m&amp#27;[38;5;-73m[AndroidUiautomator2Driver@1191]&amp#27;[0m Proxying [POST /element/00000000-0000-05c1-ffff-ffff0000001c/value] to [POST http://127.0.0.1:8200/session/a5dc0d01-ac2a-4f53-896c-8b4849fdc827/element/00000000-0000-05c1-ffff-ffff0000001c/value] with body: {"elementId":"00000000-0000-05c1-ffff-ffff0000001c","text":"Test Message","replace":false,"value":["T","e","s","t"," ","M","e","s","s","a","g","e"]}
&amp#27;[38;5;176m[4ee65dfc]&amp#27;[0m&amp#27;[38;5;-73m[AndroidUiautomator2Driver@1191]&amp#27;[0m Got response with status 200: {"sessionId":"a5dc0d01-ac2a-4f53-896c-8b4849fdc827","value":null}
&amp#27;[38;5;176m[4ee65dfc]&amp#27;[0m&amp#27;[38;5;-73m[AndroidUiautomator2Driver@1191]&amp#27;[0m Responding to client with driver.setValue() result: null
&amp#27;[38;5;176m[4ee65dfc]&amp#27;[0m&amp#27;[38;5;86m[HTTP]&amp#27;[0m &amp#27;[37m<-- POST /session/4ee65dfc-ff3c-48b7-85e1-2129c14fce3f/element/00000000-0000-05c1-ffff-ffff0000001c/value &amp#27;[39m&amp#27;[32m200&amp#27;[39m &amp#27;[90m593 ms - 14&amp#27;[39m &amp#27;[90m&amp#27;[39m
&amp#27;[38;5;176m[4ee65dfc]&amp#27;[0m&amp#27;[38;5;86m[HTTP]&amp#27;[0m &amp#27;[37m-->&amp#27;[39m &amp#27;[37mPOST&amp#27;[39m &amp#27;[37m/session/4ee65dfc-ff3c-48b7-85e1-2129c14fce3f/execute/sync&amp#27;[39m &amp#27;[90m{"script":"mobile: hideKeyboard","args":[]}&amp#27;[39m
&amp#27;[38;5;176m[4ee65dfc]&amp#27;[0m&amp#27;[38;5;-73m[AndroidUiautomator2Driver@1191]&amp#27;[0m Calling AppiumDriver.execute() with args: ["mobile: hideKeyboard",[],"4ee65dfc-ff3c-48b7-85e1-2129c14fce3f"]
&amp#27;[38;5;176m[4ee65dfc]&amp#27;[0m&amp#27;[38;5;-73m[AndroidUiautomator2Driver@1191]&amp#27;[0m Executing native command 'mobile: hideKeyboard'
&amp#27;[38;5;176m[4ee65dfc]&amp#27;[0m&amp#27;[38;5;229m[ADB]&amp#27;[0m Running 'C:\Users\Anishkumar\AppData\Local\Android\Sdk\platform-tools\adb.exe -P 5037 -s RZCW30P5DQB shell dumpsys input_method'
&amp#27;[38;5;176m[4ee65dfc]&amp#27;[0m&amp#27;[38;5;229m[ADB]&amp#27;[0m Keyboard has no UI; no closing necessary
&amp#27;[38;5;176m[4ee65dfc]&amp#27;[0m&amp#27;[38;5;-73m[AndroidUiautomator2Driver@1191]&amp#27;[0m Responding to client with driver.execute() result: false
&amp#27;[38;5;176m[4ee65dfc]&amp#27;[0m&amp#27;[38;5;86m[HTTP]&amp#27;[0m &amp#27;[37m<-- POST /session/4ee65dfc-ff3c-48b7-85e1-2129c14fce3f/execute/sync &amp#27;[39m&amp#27;[32m200&amp#27;[39m &amp#27;[90m240 ms - 15&amp#27;[39m &amp#27;[90m&amp#27;[39m
&amp#27;[38;5;176m[4ee65dfc]&amp#27;[0m&amp#27;[38;5;86m[HTTP]&amp#27;[0m &amp#27;[37m-->&amp#27;[39m &amp#27;[37mGET&amp#27;[39m &amp#27;[37m/session/4ee65dfc-ff3c-48b7-85e1-2129c14fce3f/context&amp#27;[39m &amp#27;[90m{}&amp#27;[39m
&amp#27;[38;5;176m[4ee65dfc]&amp#27;[0m&amp#27;[38;5;-73m[AndroidUiautomator2Driver@1191]&amp#27;[0m Calling AppiumDriver.getCurrentContext() with args: ["4ee65dfc-ff3c-48b7-85e1-2129c14fce3f"]
&amp#27;[38;5;176m[4ee65dfc]&amp#27;[0m&amp#27;[38;5;-73m[AndroidUiautomator2Driver@1191]&amp#27;[0m Responding to client with driver.getCurrentContext() result: "NATIVE_APP"
&amp#27;[38;5;176m[4ee65dfc]&amp#27;[0m&amp#27;[38;5;86m[HTTP]&amp#27;[0m &amp#27;[37m<-- GET /session/4ee65dfc-ff3c-48b7-85e1-2129c14fce3f/context &amp#27;[39m&amp#27;[32m200&amp#27;[39m &amp#27;[90m1 ms - 22&amp#27;[39m &amp#27;[90m&amp#27;[39m
&amp#27;[38;5;176m[4ee65dfc]&amp#27;[0m&amp#27;[38;5;86m[HTTP]&amp#27;[0m &amp#27;[37m-->&amp#27;[39m &amp#27;[37mPOST&amp#27;[39m &amp#27;[37m/session/4ee65dfc-ff3c-48b7-85e1-2129c14fce3f/element&amp#27;[39m &amp#27;[90m{"using":"xpath","value":"//android.widget.RadioButton[@text='Female']"}&amp#27;[39m
&amp#27;[38;5;176m[4ee65dfc]&amp#27;[0m&amp#27;[38;5;-73m[AndroidUiautomator2Driver@1191]&amp#27;[0m Calling AppiumDriver.findElement() with args: ["xpath","//android.widget.RadioButton[@text='Female']","4ee65dfc-ff3c-48b7-85e1-2129c14fce3f"]
&amp#27;[38;5;176m[4ee65dfc]&amp#27;[0m&amp#27;[38;5;-73m[AndroidUiautomator2Driver@1191]&amp#27;[0m Valid locator strategies for this request: xpath, id, class name, accessibility id, css selector, -android uiautomator
&amp#27;[38;5;176m[4ee65dfc]&amp#27;[0m&amp#27;[38;5;-73m[AndroidUiautomator2Driver@1191]&amp#27;[0m Waiting up to 10000 ms for condition
&amp#27;[38;5;176m[4ee65dfc]&amp#27;[0m&amp#27;[38;5;-73m[AndroidUiautomator2Driver@1191]&amp#27;[0m Matched '/element' to command name 'findElement'
&amp#27;[38;5;176m[4ee65dfc]&amp#27;[0m&amp#27;[38;5;-73m[AndroidUiautomator2Driver@1191]&amp#27;[0m Proxying [POST /element] to [POST http://127.0.0.1:8200/session/a5dc0d01-ac2a-4f53-896c-8b4849fdc827/element] with body: {"strategy":"xpath","selector":"//android.widget.RadioButton[@text='Female']","context":"","multiple":false}
&amp#27;[38;5;176m[4ee65dfc]&amp#27;[0m&amp#27;[38;5;-73m[AndroidUiautomator2Driver@1191]&amp#27;[0m Got response with status 200: {"sessionId":"a5dc0d01-ac2a-4f53-896c-8b4849fdc827","value":{"ELEMENT":"00000000-0000-05c1-ffff-ffff00000020","element-6066-11e4-a52e-4f735466cecf":"00000000-0000-05c1-ffff-ffff00000020"}}
&amp#27;[38;5;176m[4ee65dfc]&amp#27;[0m&amp#27;[38;5;-73m[AndroidUiautomator2Driver@1191]&amp#27;[0m Responding to client with driver.findElement() result: {"element-6066-11e4-a52e-4f735466cecf":"00000000-0000-05c1-ffff-ffff00000020","ELEMENT":"00000000-0000-05c1-ffff-ffff00000020"}
&amp#27;[38;5;176m[4ee65dfc]&amp#27;[0m&amp#27;[38;5;86m[HTTP]&amp#27;[0m &amp#27;[37m<-- POST /session/4ee65dfc-ff3c-48b7-85e1-2129c14fce3f/element &amp#27;[39m&amp#27;[32m200&amp#27;[39m &amp#27;[90m322 ms - 137&amp#27;[39m &amp#27;[90m&amp#27;[39m
&amp#27;[38;5;176m[4ee65dfc]&amp#27;[0m&amp#27;[38;5;86m[HTTP]&amp#27;[0m &amp#27;[37m-->&amp#27;[39m &amp#27;[37mPOST&amp#27;[39m &amp#27;[37m/session/4ee65dfc-ff3c-48b7-85e1-2129c14fce3f/element/00000000-0000-05c1-ffff-ffff00000020/click&amp#27;[39m &amp#27;[90m{"id":"00000000-0000-05c1-ffff-ffff00000020"}&amp#27;[39m
&amp#27;[38;5;176m[4ee65dfc]&amp#27;[0m&amp#27;[38;5;-73m[AndroidUiautomator2Driver@1191]&amp#27;[0m Calling AppiumDriver.click() with args: ["00000000-0000-05c1-ffff-ffff00000020","4ee65dfc-ff3c-48b7-85e1-2129c14fce3f"]
&amp#27;[38;5;176m[4ee65dfc]&amp#27;[0m&amp#27;[38;5;-73m[AndroidUiautomator2Driver@1191]&amp#27;[0m Matched '/element/00000000-0000-05c1-ffff-ffff00000020/click' to command name 'click'
&amp#27;[38;5;176m[4ee65dfc]&amp#27;[0m&amp#27;[38;5;-73m[AndroidUiautomator2Driver@1191]&amp#27;[0m Proxying [POST /element/00000000-0000-05c1-ffff-ffff00000020/click] to [POST http://127.0.0.1:8200/session/a5dc0d01-ac2a-4f53-896c-8b4849fdc827/element/00000000-0000-05c1-ffff-ffff00000020/click] with body: {"element":"00000000-0000-05c1-ffff-ffff00000020"}
&amp#27;[38;5;176m[4ee65dfc]&amp#27;[0m&amp#27;[38;5;-73m[AndroidUiautomator2Driver@1191]&amp#27;[0m Got response with status 200: {"sessionId":"a5dc0d01-ac2a-4f53-896c-8b4849fdc827","value":null}
&amp#27;[38;5;176m[4ee65dfc]&amp#27;[0m&amp#27;[38;5;-73m[AndroidUiautomator2Driver@1191]&amp#27;[0m Responding to client with driver.click() result: null
&amp#27;[38;5;176m[4ee65dfc]&amp#27;[0m&amp#27;[38;5;86m[HTTP]&amp#27;[0m &amp#27;[37m<-- POST /session/4ee65dfc-ff3c-48b7-85e1-2129c14fce3f/element/00000000-0000-05c1-ffff-ffff00000020/click &amp#27;[39m&amp#27;[32m200&amp#27;[39m &amp#27;[90m89 ms - 14&amp#27;[39m &amp#27;[90m&amp#27;[39m
&amp#27;[38;5;176m[4ee65dfc]&amp#27;[0m&amp#27;[38;5;86m[HTTP]&amp#27;[0m &amp#27;[37m-->&amp#27;[39m &amp#27;[37mGET&amp#27;[39m &amp#27;[37m/session/4ee65dfc-ff3c-48b7-85e1-2129c14fce3f/context&amp#27;[39m &amp#27;[90m{}&amp#27;[39m
&amp#27;[38;5;176m[4ee65dfc]&amp#27;[0m&amp#27;[38;5;-73m[AndroidUiautomator2Driver@1191]&amp#27;[0m Calling AppiumDriver.getCurrentContext() with args: ["4ee65dfc-ff3c-48b7-85e1-2129c14fce3f"]
&amp#27;[38;5;176m[4ee65dfc]&amp#27;[0m&amp#27;[38;5;-73m[AndroidUiautomator2Driver@1191]&amp#27;[0m Responding to client with driver.getCurrentContext() result: "NATIVE_APP"
&amp#27;[38;5;176m[4ee65dfc]&amp#27;[0m&amp#27;[38;5;86m[HTTP]&amp#27;[0m &amp#27;[37m<-- GET /session/4ee65dfc-ff3c-48b7-85e1-2129c14fce3f/context &amp#27;[39m&amp#27;[32m200&amp#27;[39m &amp#27;[90m2 ms - 22&amp#27;[39m &amp#27;[90m&amp#27;[39m
&amp#27;[38;5;176m[4ee65dfc]&amp#27;[0m&amp#27;[38;5;86m[HTTP]&amp#27;[0m &amp#27;[37m-->&amp#27;[39m &amp#27;[37mPOST&amp#27;[39m &amp#27;[37m/session/4ee65dfc-ff3c-48b7-85e1-2129c14fce3f/element&amp#27;[39m &amp#27;[90m{"using":"id","value":"android:id/text1"}&amp#27;[39m
&amp#27;[38;5;176m[4ee65dfc]&amp#27;[0m&amp#27;[38;5;-73m[AndroidUiautomator2Driver@1191]&amp#27;[0m Calling AppiumDriver.findElement() with args: ["id","android:id/text1","4ee65dfc-ff3c-48b7-85e1-2129c14fce3f"]
&amp#27;[38;5;176m[4ee65dfc]&amp#27;[0m&amp#27;[38;5;-73m[AndroidUiautomator2Driver@1191]&amp#27;[0m Valid locator strategies for this request: xpath, id, class name, accessibility id, css selector, -android uiautomator
&amp#27;[38;5;176m[4ee65dfc]&amp#27;[0m&amp#27;[38;5;-73m[AndroidUiautomator2Driver@1191]&amp#27;[0m Waiting up to 10000 ms for condition
&amp#27;[38;5;176m[4ee65dfc]&amp#27;[0m&amp#27;[38;5;-73m[AndroidUiautomator2Driver@1191]&amp#27;[0m Matched '/element' to command name 'findElement'
&amp#27;[38;5;176m[4ee65dfc]&amp#27;[0m&amp#27;[38;5;-73m[AndroidUiautomator2Driver@1191]&amp#27;[0m Proxying [POST /element] to [POST http://127.0.0.1:8200/session/a5dc0d01-ac2a-4f53-896c-8b4849fdc827/element] with body: {"strategy":"id","selector":"android:id/text1","context":"","multiple":false}
&amp#27;[38;5;176m[4ee65dfc]&amp#27;[0m&amp#27;[38;5;-73m[AndroidUiautomator2Driver@1191]&amp#27;[0m Got response with status 200: {"sessionId":"a5dc0d01-ac2a-4f53-896c-8b4849fdc827","value":{"ELEMENT":"00000000-0000-05c1-ffff-ffff00000024","element-6066-11e4-a52e-4f735466cecf":"00000000-0000-05c1-ffff-ffff00000024"}}
&amp#27;[38;5;176m[4ee65dfc]&amp#27;[0m&amp#27;[38;5;-73m[AndroidUiautomator2Driver@1191]&amp#27;[0m Responding to client with driver.findElement() result: {"element-6066-11e4-a52e-4f735466cecf":"00000000-0000-05c1-ffff-ffff00000024","ELEMENT":"00000000-0000-05c1-ffff-ffff00000024"}
&amp#27;[38;5;176m[4ee65dfc]&amp#27;[0m&amp#27;[38;5;86m[HTTP]&amp#27;[0m &amp#27;[37m<-- POST /session/4ee65dfc-ff3c-48b7-85e1-2129c14fce3f/element &amp#27;[39m&amp#27;[32m200&amp#27;[39m &amp#27;[90m68 ms - 137&amp#27;[39m &amp#27;[90m&amp#27;[39m
&amp#27;[38;5;176m[4ee65dfc]&amp#27;[0m&amp#27;[38;5;86m[HTTP]&amp#27;[0m &amp#27;[37m-->&amp#27;[39m &amp#27;[37mPOST&amp#27;[39m &amp#27;[37m/session/4ee65dfc-ff3c-48b7-85e1-2129c14fce3f/element/00000000-0000-05c1-ffff-ffff00000024/click&amp#27;[39m &amp#27;[90m{"id":"00000000-0000-05c1-ffff-ffff00000024"}&amp#27;[39m
&amp#27;[38;5;176m[4ee65dfc]&amp#27;[0m&amp#27;[38;5;-73m[AndroidUiautomator2Driver@1191]&amp#27;[0m Calling AppiumDriver.click() with args: ["00000000-0000-05c1-ffff-ffff00000024","4ee65dfc-ff3c-48b7-85e1-2129c14fce3f"]
&amp#27;[38;5;176m[4ee65dfc]&amp#27;[0m&amp#27;[38;5;-73m[AndroidUiautomator2Driver@1191]&amp#27;[0m Matched '/element/00000000-0000-05c1-ffff-ffff00000024/click' to command name 'click'
&amp#27;[38;5;176m[4ee65dfc]&amp#27;[0m&amp#27;[38;5;-73m[AndroidUiautomator2Driver@1191]&amp#27;[0m Proxying [POST /element/00000000-0000-05c1-ffff-ffff00000024/click] to [POST http://127.0.0.1:8200/session/a5dc0d01-ac2a-4f53-896c-8b4849fdc827/element/00000000-0000-05c1-ffff-ffff00000024/click] with body: {"element":"00000000-0000-05c1-ffff-ffff00000024"}
&amp#27;[38;5;176m[4ee65dfc]&amp#27;[0m&amp#27;[38;5;-73m[AndroidUiautomator2Driver@1191]&amp#27;[0m Got response with status 200: {"sessionId":"a5dc0d01-ac2a-4f53-896c-8b4849fdc827","value":null}
&amp#27;[38;5;176m[4ee65dfc]&amp#27;[0m&amp#27;[38;5;-73m[AndroidUiautomator2Driver@1191]&amp#27;[0m Responding to client with driver.click() result: null
&amp#27;[38;5;176m[4ee65dfc]&amp#27;[0m&amp#27;[38;5;86m[HTTP]&amp#27;[0m &amp#27;[37m<-- POST /session/4ee65dfc-ff3c-48b7-85e1-2129c14fce3f/element/00000000-0000-05c1-ffff-ffff00000024/click &amp#27;[39m&amp#27;[32m200&amp#27;[39m &amp#27;[90m701 ms - 14&amp#27;[39m &amp#27;[90m&amp#27;[39m
&amp#27;[38;5;176m[4ee65dfc]&amp#27;[0m&amp#27;[38;5;86m[HTTP]&amp#27;[0m &amp#27;[37m-->&amp#27;[39m &amp#27;[37mPOST&amp#27;[39m &amp#27;[37m/session/4ee65dfc-ff3c-48b7-85e1-2129c14fce3f/element&amp#27;[39m &amp#27;[90m{"using":"-android uiautomator","value":"new UiScrollable(new UiSelector().scrollable(true)).scrollIntoView(new UiSelector().text(\"Argentina\"));"}&amp#27;[39m
&amp#27;[38;5;176m[4ee65dfc]&amp#27;[0m&amp#27;[38;5;-73m[AndroidUiautomator2Driver@1191]&amp#27;[0m Calling AppiumDriver.findElement() with args: ["-android uiautomator","new UiScrollable(new UiSelector().scrollable(true)).scrollIntoView(new UiSelector().text(\"Argentina\"));","4ee65dfc-ff3c-48b7-85e1-2129c14fce3f"]
&amp#27;[38;5;176m[4ee65dfc]&amp#27;[0m&amp#27;[38;5;-73m[AndroidUiautomator2Driver@1191]&amp#27;[0m Valid locator strategies for this request: xpath, id, class name, accessibility id, css selector, -android uiautomator
&amp#27;[38;5;176m[4ee65dfc]&amp#27;[0m&amp#27;[38;5;-73m[AndroidUiautomator2Driver@1191]&amp#27;[0m Waiting up to 10000 ms for condition
&amp#27;[38;5;176m[4ee65dfc]&amp#27;[0m&amp#27;[38;5;-73m[AndroidUiautomator2Driver@1191]&amp#27;[0m Matched '/element' to command name 'findElement'
&amp#27;[38;5;176m[4ee65dfc]&amp#27;[0m&amp#27;[38;5;-73m[AndroidUiautomator2Driver@1191]&amp#27;[0m Proxying [POST /element] to [POST http://127.0.0.1:8200/session/a5dc0d01-ac2a-4f53-896c-8b4849fdc827/element] with body: {"strategy":"-android uiautomator","selector":"new UiScrollable(new UiSelector().scrollable(true)).scrollIntoView(new UiSelector().text(\"Argentina\"));","context":"","multiple":false}
&amp#27;[38;5;176m[4ee65dfc]&amp#27;[0m&amp#27;[38;5;-73m[AndroidUiautomator2Driver@1191]&amp#27;[0m Got response with status 200: {"sessionId":"a5dc0d01-ac2a-4f53-896c-8b4849fdc827","value":{"ELEMENT":"00000000-0000-05c3-ffff-ffff00000035","element-6066-11e4-a52e-4f735466cecf":"00000000-0000-05c3-ffff-ffff00000035"}}
&amp#27;[38;5;176m[4ee65dfc]&amp#27;[0m&amp#27;[38;5;-73m[AndroidUiautomator2Driver@1191]&amp#27;[0m Responding to client with driver.findElement() result: {"element-6066-11e4-a52e-4f735466cecf":"00000000-0000-05c3-ffff-ffff00000035","ELEMENT":"00000000-0000-05c3-ffff-ffff00000035"}
&amp#27;[38;5;176m[4ee65dfc]&amp#27;[0m&amp#27;[38;5;86m[HTTP]&amp#27;[0m &amp#27;[37m<-- POST /session/4ee65dfc-ff3c-48b7-85e1-2129c14fce3f/element &amp#27;[39m&amp#27;[32m200&amp#27;[39m &amp#27;[90m1054 ms - 137&amp#27;[39m &amp#27;[90m&amp#27;[39m
&amp#27;[38;5;176m[4ee65dfc]&amp#27;[0m&amp#27;[38;5;86m[HTTP]&amp#27;[0m &amp#27;[37m-->&amp#27;[39m &amp#27;[37mPOST&amp#27;[39m &amp#27;[37m/session/4ee65dfc-ff3c-48b7-85e1-2129c14fce3f/element&amp#27;[39m &amp#27;[90m{"using":"xpath","value":"//android.widget.TextView[@text='Argentina']"}&amp#27;[39m
&amp#27;[38;5;176m[4ee65dfc]&amp#27;[0m&amp#27;[38;5;-73m[AndroidUiautomator2Driver@1191]&amp#27;[0m Calling AppiumDriver.findElement() with args: ["xpath","//android.widget.TextView[@text='Argentina']","4ee65dfc-ff3c-48b7-85e1-2129c14fce3f"]
&amp#27;[38;5;176m[4ee65dfc]&amp#27;[0m&amp#27;[38;5;-73m[AndroidUiautomator2Driver@1191]&amp#27;[0m Valid locator strategies for this request: xpath, id, class name, accessibility id, css selector, -android uiautomator
&amp#27;[38;5;176m[4ee65dfc]&amp#27;[0m&amp#27;[38;5;-73m[AndroidUiautomator2Driver@1191]&amp#27;[0m Waiting up to 10000 ms for condition
&amp#27;[38;5;176m[4ee65dfc]&amp#27;[0m&amp#27;[38;5;-73m[AndroidUiautomator2Driver@1191]&amp#27;[0m Matched '/element' to command name 'findElement'
&amp#27;[38;5;176m[4ee65dfc]&amp#27;[0m&amp#27;[38;5;-73m[AndroidUiautomator2Driver@1191]&amp#27;[0m Proxying [POST /element] to [POST http://127.0.0.1:8200/session/a5dc0d01-ac2a-4f53-896c-8b4849fdc827/element] with body: {"strategy":"xpath","selector":"//android.widget.TextView[@text='Argentina']","context":"","multiple":false}
&amp#27;[38;5;176m[4ee65dfc]&amp#27;[0m&amp#27;[38;5;-73m[AndroidUiautomator2Driver@1191]&amp#27;[0m Got response with status 200: {"sessionId":"a5dc0d01-ac2a-4f53-896c-8b4849fdc827","value":{"ELEMENT":"00000000-0000-05c3-ffff-ffff00000035","element-6066-11e4-a52e-4f735466cecf":"00000000-0000-05c3-ffff-ffff00000035"}}
&amp#27;[38;5;176m[4ee65dfc]&amp#27;[0m&amp#27;[38;5;-73m[AndroidUiautomator2Driver@1191]&amp#27;[0m Responding to client with driver.findElement() result: {"element-6066-11e4-a52e-4f735466cecf":"00000000-0000-05c3-ffff-ffff00000035","ELEMENT":"00000000-0000-05c3-ffff-ffff00000035"}
&amp#27;[38;5;176m[4ee65dfc]&amp#27;[0m&amp#27;[38;5;86m[HTTP]&amp#27;[0m &amp#27;[37m<-- POST /session/4ee65dfc-ff3c-48b7-85e1-2129c14fce3f/element &amp#27;[39m&amp#27;[32m200&amp#27;[39m &amp#27;[90m581 ms - 137&amp#27;[39m &amp#27;[90m&amp#27;[39m
&amp#27;[38;5;176m[4ee65dfc]&amp#27;[0m&amp#27;[38;5;86m[HTTP]&amp#27;[0m &amp#27;[37m-->&amp#27;[39m &amp#27;[37mPOST&amp#27;[39m &amp#27;[37m/session/4ee65dfc-ff3c-48b7-85e1-2129c14fce3f/element/00000000-0000-05c3-ffff-ffff00000035/click&amp#27;[39m &amp#27;[90m{"id":"00000000-0000-05c3-ffff-ffff00000035"}&amp#27;[39m
&amp#27;[38;5;176m[4ee65dfc]&amp#27;[0m&amp#27;[38;5;-73m[AndroidUiautomator2Driver@1191]&amp#27;[0m Calling AppiumDriver.click() with args: ["00000000-0000-05c3-ffff-ffff00000035","4ee65dfc-ff3c-48b7-85e1-2129c14fce3f"]
&amp#27;[38;5;176m[4ee65dfc]&amp#27;[0m&amp#27;[38;5;-73m[AndroidUiautomator2Driver@1191]&amp#27;[0m Matched '/element/00000000-0000-05c3-ffff-ffff00000035/click' to command name 'click'
&amp#27;[38;5;176m[4ee65dfc]&amp#27;[0m&amp#27;[38;5;-73m[AndroidUiautomator2Driver@1191]&amp#27;[0m Proxying [POST /element/00000000-0000-05c3-ffff-ffff00000035/click] to [POST http://127.0.0.1:8200/session/a5dc0d01-ac2a-4f53-896c-8b4849fdc827/element/00000000-0000-05c3-ffff-ffff00000035/click] with body: {"element":"00000000-0000-05c3-ffff-ffff00000035"}
&amp#27;[38;5;176m[4ee65dfc]&amp#27;[0m&amp#27;[38;5;-73m[AndroidUiautomator2Driver@1191]&amp#27;[0m Got response with status 200: {"sessionId":"a5dc0d01-ac2a-4f53-896c-8b4849fdc827","value":null}
&amp#27;[38;5;176m[4ee65dfc]&amp#27;[0m&amp#27;[38;5;-73m[AndroidUiautomator2Driver@1191]&amp#27;[0m Responding to client with driver.click() result: null
&amp#27;[38;5;176m[4ee65dfc]&amp#27;[0m&amp#27;[38;5;86m[HTTP]&amp#27;[0m &amp#27;[37m<-- POST /session/4ee65dfc-ff3c-48b7-85e1-2129c14fce3f/element/00000000-0000-05c3-ffff-ffff00000035/click &amp#27;[39m&amp#27;[32m200&amp#27;[39m &amp#27;[90m1116 ms - 14&amp#27;[39m &amp#27;[90m&amp#27;[39m
&amp#27;[38;5;176m[4ee65dfc]&amp#27;[0m&amp#27;[38;5;86m[HTTP]&amp#27;[0m &amp#27;[37m-->&amp#27;[39m &amp#27;[37mGET&amp#27;[39m &amp#27;[37m/session/4ee65dfc-ff3c-48b7-85e1-2129c14fce3f/context&amp#27;[39m &amp#27;[90m{}&amp#27;[39m
&amp#27;[38;5;176m[4ee65dfc]&amp#27;[0m&amp#27;[38;5;-73m[AndroidUiautomator2Driver@1191]&amp#27;[0m Calling AppiumDriver.getCurrentContext() with args: ["4ee65dfc-ff3c-48b7-85e1-2129c14fce3f"]
&amp#27;[38;5;176m[4ee65dfc]&amp#27;[0m&amp#27;[38;5;-73m[AndroidUiautomator2Driver@1191]&amp#27;[0m Responding to client with driver.getCurrentContext() result: "NATIVE_APP"
&amp#27;[38;5;176m[4ee65dfc]&amp#27;[0m&amp#27;[38;5;86m[HTTP]&amp#27;[0m &amp#27;[37m<-- GET /session/4ee65dfc-ff3c-48b7-85e1-2129c14fce3f/context &amp#27;[39m&amp#27;[32m200&amp#27;[39m &amp#27;[90m1 ms - 22&amp#27;[39m &amp#27;[90m&amp#27;[39m
&amp#27;[38;5;176m[4ee65dfc]&amp#27;[0m&amp#27;[38;5;86m[HTTP]&amp#27;[0m &amp#27;[37m-->&amp#27;[39m &amp#27;[37mPOST&amp#27;[39m &amp#27;[37m/session/4ee65dfc-ff3c-48b7-85e1-2129c14fce3f/element&amp#27;[39m &amp#27;[90m{"using":"id","value":"com.androidsample.generalstore:id/btnLetsShop"}&amp#27;[39m
&amp#27;[38;5;176m[4ee65dfc]&amp#27;[0m&amp#27;[38;5;-73m[AndroidUiautomator2Driver@1191]&amp#27;[0m Calling AppiumDriver.findElement() with args: ["id","com.androidsample.generalstore:id/btnLetsShop","4ee65dfc-ff3c-48b7-85e1-2129c14fce3f"]
&amp#27;[38;5;176m[4ee65dfc]&amp#27;[0m&amp#27;[38;5;-73m[AndroidUiautomator2Driver@1191]&amp#27;[0m Valid locator strategies for this request: xpath, id, class name, accessibility id, css selector, -android uiautomator
&amp#27;[38;5;176m[4ee65dfc]&amp#27;[0m&amp#27;[38;5;-73m[AndroidUiautomator2Driver@1191]&amp#27;[0m Waiting up to 10000 ms for condition
&amp#27;[38;5;176m[4ee65dfc]&amp#27;[0m&amp#27;[38;5;-73m[AndroidUiautomator2Driver@1191]&amp#27;[0m Matched '/element' to command name 'findElement'
&amp#27;[38;5;176m[4ee65dfc]&amp#27;[0m&amp#27;[38;5;-73m[AndroidUiautomator2Driver@1191]&amp#27;[0m Proxying [POST /element] to [POST http://127.0.0.1:8200/session/a5dc0d01-ac2a-4f53-896c-8b4849fdc827/element] with body: {"strategy":"id","selector":"com.androidsample.generalstore:id/btnLetsShop","context":"","multiple":false}
&amp#27;[38;5;176m[4ee65dfc]&amp#27;[0m&amp#27;[38;5;-73m[AndroidUiautomator2Driver@1191]&amp#27;[0m Got response with status 200: {"sessionId":"a5dc0d01-ac2a-4f53-896c-8b4849fdc827","value":{"ELEMENT":"00000000-0000-05c1-ffff-ffff00000021","element-6066-11e4-a52e-4f735466cecf":"00000000-0000-05c1-ffff-ffff00000021"}}
&amp#27;[38;5;176m[4ee65dfc]&amp#27;[0m&amp#27;[38;5;-73m[AndroidUiautomator2Driver@1191]&amp#27;[0m Responding to client with driver.findElement() result: {"element-6066-11e4-a52e-4f735466cecf":"00000000-0000-05c1-ffff-ffff00000021","ELEMENT":"00000000-0000-05c1-ffff-ffff00000021"}
&amp#27;[38;5;176m[4ee65dfc]&amp#27;[0m&amp#27;[38;5;86m[HTTP]&amp#27;[0m &amp#27;[37m<-- POST /session/4ee65dfc-ff3c-48b7-85e1-2129c14fce3f/element &amp#27;[39m&amp#27;[32m200&amp#27;[39m &amp#27;[90m92 ms - 137&amp#27;[39m &amp#27;[90m&amp#27;[39m
&amp#27;[38;5;176m[4ee65dfc]&amp#27;[0m&amp#27;[38;5;86m[HTTP]&amp#27;[0m &amp#27;[37m-->&amp#27;[39m &amp#27;[37mPOST&amp#27;[39m &amp#27;[37m/session/4ee65dfc-ff3c-48b7-85e1-2129c14fce3f/element/00000000-0000-05c1-ffff-ffff00000021/click&amp#27;[39m &amp#27;[90m{"id":"00000000-0000-05c1-ffff-ffff00000021"}&amp#27;[39m
&amp#27;[38;5;176m[4ee65dfc]&amp#27;[0m&amp#27;[38;5;-73m[AndroidUiautomator2Driver@1191]&amp#27;[0m Calling AppiumDriver.click() with args: ["00000000-0000-05c1-ffff-ffff00000021","4ee65dfc-ff3c-48b7-85e1-2129c14fce3f"]
&amp#27;[38;5;176m[4ee65dfc]&amp#27;[0m&amp#27;[38;5;-73m[AndroidUiautomator2Driver@1191]&amp#27;[0m Matched '/element/00000000-0000-05c1-ffff-ffff00000021/click' to command name 'click'
&amp#27;[38;5;176m[4ee65dfc]&amp#27;[0m&amp#27;[38;5;-73m[AndroidUiautomator2Driver@1191]&amp#27;[0m Proxying [POST /element/00000000-0000-05c1-ffff-ffff00000021/click] to [POST http://127.0.0.1:8200/session/a5dc0d01-ac2a-4f53-896c-8b4849fdc827/element/00000000-0000-05c1-ffff-ffff00000021/click] with body: {"element":"00000000-0000-05c1-ffff-ffff00000021"}
&amp#27;[38;5;176m[4ee65dfc]&amp#27;[0m&amp#27;[38;5;-73m[AndroidUiautomator2Driver@1191]&amp#27;[0m Got response with status 200: {"sessionId":"a5dc0d01-ac2a-4f53-896c-8b4849fdc827","value":null}
&amp#27;[38;5;176m[4ee65dfc]&amp#27;[0m&amp#27;[38;5;-73m[AndroidUiautomator2Driver@1191]&amp#27;[0m Responding to client with driver.click() result: null
&amp#27;[38;5;176m[4ee65dfc]&amp#27;[0m&amp#27;[38;5;86m[HTTP]&amp#27;[0m &amp#27;[37m<-- POST /session/4ee65dfc-ff3c-48b7-85e1-2129c14fce3f/element/00000000-0000-05c1-ffff-ffff00000021/click &amp#27;[39m&amp#27;[32m200&amp#27;[39m &amp#27;[90m109 ms - 14&amp#27;[39m &amp#27;[90m&amp#27;[39m
]]></system-out>
    <system-err><![CDATA[SLF4J: Failed to load class "org.slf4j.impl.StaticLoggerBinder".
SLF4J: Defaulting to no-operation (NOP) logger implementation
SLF4J: See http://www.slf4j.org/codes.html#StaticLoggerBinder for further details.
]]></system-err>
  </testcase>
  <testcase name="findProduct" classname="DataProviderFirst.DataProvider1" time="16.937">
    <system-out><![CDATA[&amp#27;[38;5;176m[4ee65dfc]&amp#27;[0m&amp#27;[38;5;86m[HTTP]&amp#27;[0m &amp#27;[37m-->&amp#27;[39m &amp#27;[37mPOST&amp#27;[39m &amp#27;[37m/session/4ee65dfc-ff3c-48b7-85e1-2129c14fce3f/element&amp#27;[39m &amp#27;[90m{"using":"-android uiautomator","value":"new UiScrollable(new UiSelector().scrollable(true)).scrollIntoView(new UiSelector().text(\"Air Jordan 9 Retro\"));"}&amp#27;[39m
[...]
&amp#27;[38;5;176m[4ee65dfc]&amp#27;[0m&amp#27;[38;5;-73m[AndroidUiautomator2Driver@1191]&amp#27;[0m Matched '/element/00000000-0000-05c4-ffff-ffff00000047/click' to command name 'click'
&amp#27;[38;5;176m[4ee65dfc]&amp#27;[0m&amp#27;[38;5;-73m[AndroidUiautomator2Driver@1191]&amp#27;[0m Proxying [POST /element/00000000-0000-05c4-ffff-ffff00000047/click] to [POST http://127.0.0.1:8200/session/a5dc0d01-ac2a-4f53-896c-8b4849fdc827/element/00000000-0000-05c4-ffff-ffff00000047/click] with body: {"element":"00000000-0000-05c4-ffff-ffff00000047"}
&amp#27;[38;5;176m[4ee65dfc]&amp#27;[0m&amp#27;[38;5;-73m[AndroidUiautomator2Driver@1191]&amp#27;[0m Got response with status 200: {"sessionId":"a5dc0d01-ac2a-4f53-896c-8b4849fdc827","value":null}
&amp#27;[38;5;176m[4ee65dfc]&amp#27;[0m&amp#27;[38;5;-73m[AndroidUiautomator2Driver@1191]&amp#27;[0m Responding to client with driver.click() result: null
&amp#27;[38;5;176m[4ee65dfc]&amp#27;[0m&amp#27;[38;5;86m[HTTP]&amp#27;[0m &amp#27;[37m<-- POST /session/4ee65dfc-ff3c-48b7-85e1-2129c14fce3f/element/00000000-0000-05c4-ffff-ffff00000047/click &amp#27;[39m&amp#27;[32m200&amp#27;[39m &amp#27;[90m85 ms - 14&amp#27;[39m &amp#27;[90m&amp#27;[39m
]]></system-out>
  </testcase>
  <testcase name="TC" classname="DataProviderFirst.DataProvider1" time="6.715">
    <system-out><![CDATA[&amp#27;[38;5;176m[4ee65dfc]&amp#27;[0m&amp#27;[38;5;86m[HTTP]&amp#27;[0m &amp#27;[37m-->&amp#27;[39m &amp#27;[37mPOST&amp#27;[39m &amp#27;[37m/session/4ee65dfc-ff3c-48b7-85e1-2129c14fce3f/element&amp#27;[39m &amp#27;[90m{"using":"id","value":"com.androidsample.generalstore:id/termsButton"}&amp#27;[39m
&amp#27;[38;5;176m[4ee65dfc]&amp#27;[0m&amp#27;[38;5;-73m[AndroidUiautomator2Driver@1191]&amp#27;[0m Calling AppiumDriver.findElement() with args: ["id","com.androidsample.generalstore:id/termsButton","4ee65dfc-ff3c-48b7-85e1-2129c14fce3f"]
&amp#27;[38;5;176m[4ee65dfc]&amp#27;[0m&amp#27;[38;5;-73m[AndroidUiautomator2Driver@1191]&amp#27;[0m Valid locator strategies for this request: xpath, id, class name, accessibility id, css selector, -android uiautomator
&amp#27;[38;5;176m[4ee65dfc]&amp#27;[0m&amp#27;[38;5;-73m[AndroidUiautomator2Driver@1191]&amp#27;[0m Waiting up to 10000 ms for condition
&amp#27;[38;5;176m[4ee65dfc]&amp#27;[0m&amp#27;[38;5;-73m[AndroidUiautomator2Driver@1191]&amp#27;[0m Matched '/element' to command name 'findElement'
&amp#27;[38;5;176m[4ee65dfc]&amp#27;[0m&amp#27;[38;5;-73m[AndroidUiautomator2Driver@1191]&amp#27;[0m Proxying [POST /element] to [POST http://127.0.0.1:8200/session/a5dc0d01-ac2a-4f53-896c-8b4849fdc827/element] with body: {"strategy":"id","selector":"com.androidsample.generalstore:id/termsButton","context":"","multiple":false}
&amp#27;[38;5;176m[4ee65dfc]&amp#27;[0m&amp#27;[38;5;-73m[AndroidUiautomator2Driver@1191]&amp#27;[0m Got response with status 200: {"sessionId":"a5dc0d01-ac2a-4f53-896c-8b4849fdc827","value":{"ELEMENT":"00000000-0000-05c5-ffff-ffff000000a0","element-6066-11e4-a52e-4f735466cecf":"00000000-0000-05c5-ffff-ffff000000a0"}}
&amp#27;[38;5;176m[4ee65dfc]&amp#27;[0m&amp#27;[38;5;-73m[AndroidUiautomator2Driver@1191]&amp#27;[0m Responding to client with driver.findElement() result: {"element-6066-11e4-a52e-4f735466cecf":"00000000-0000-05c5-ffff-ffff000000a0","ELEMENT":"00000000-0000-05c5-ffff-ffff000000a0"}
&amp#27;[38;5;176m[4ee65dfc]&amp#27;[0m&amp#27;[38;5;86m[HTTP]&amp#27;[0m &amp#27;[37m<-- POST /session/4ee65dfc-ff3c-48b7-85e1-2129c14fce3f/element &amp#27;[39m&amp#27;[32m200&amp#27;[39m &amp#27;[90m1265 ms - 137&amp#27;[39m &amp#27;[90m&amp#27;[39m
&amp#27;[38;5;176m[4ee65dfc]&amp#27;[0m&amp#27;[38;5;86m[HTTP]&amp#27;[0m &amp#27;[37m-->&amp#27;[39m &amp#27;[37mPOST&amp#27;[39m &amp#27;[37m/session/4ee65dfc-ff3c-48b7-85e1-2129c14fce3f/execute/sync&amp#27;[39m &amp#27;[90m{"script":"mobile: longClickGesture","args":[{"elementId":"00000000-0000-05c5-ffff-ffff000000a0","duration":3000}]}&amp#27;[39m
&amp#27;[38;5;176m[4ee65dfc]&amp#27;[0m&amp#27;[38;5;-73m[AndroidUiautomator2Driver@1191]&amp#27;[0m Calling AppiumDriver.execute() with args: ["mobile: longClickGesture",[{"elementId":"00000000-0000-05c5-ffff-ffff000000a0","duration":3000}],"4ee65dfc-ff3c-48b7-85e1-2129c14fce3f"]
&amp#27;[38;5;176m[4ee65dfc]&amp#27;[0m&amp#27;[38;5;-73m[AndroidUiautomator2Driver@1191]&amp#27;[0m Executing native command 'mobile: longClickGesture'
&amp#27;[38;5;176m[4ee65dfc]&amp#27;[0m&amp#27;[38;5;-73m[AndroidUiautomator2Driver@1191]&amp#27;[0m Proxying [POST /appium/gestures/long_click] to [POST http://127.0.0.1:8200/session/a5dc0d01-ac2a-4f53-896c-8b4849fdc827/appium/gestures/long_click] with body: {"origin":{"ELEMENT":"00000000-0000-05c5-ffff-ffff000000a0","element-6066-11e4-a52e-4f735466cecf":"00000000-0000-05c5-ffff-ffff000000a0"},"duration":3000}
&amp#27;[38;5;176m[4ee65dfc]&amp#27;[0m&amp#27;[38;5;-73m[AndroidUiautomator2Driver@1191]&amp#27;[0m Got response with status 200: {"sessionId":"a5dc0d01-ac2a-4f53-896c-8b4849fdc827","value":null}
&amp#27;[38;5;176m[4ee65dfc]&amp#27;[0m&amp#27;[38;5;-73m[AndroidUiautomator2Driver@1191]&amp#27;[0m Responding to client with driver.execute() result: null
&amp#27;[38;5;176m[4ee65dfc]&amp#27;[0m&amp#27;[38;5;86m[HTTP]&amp#27;[0m &amp#27;[37m<-- POST /session/4ee65dfc-ff3c-48b7-85e1-2129c14fce3f/execute/sync &amp#27;[39m&amp#27;[32m200&amp#27;[39m &amp#27;[90m5111 ms - 14&amp#27;[39m &amp#27;[90m&amp#27;[39m
&amp#27;[38;5;176m[4ee65dfc]&amp#27;[0m&amp#27;[38;5;86m[HTTP]&amp#27;[0m &amp#27;[37m-->&amp#27;[39m &amp#27;[37mGET&amp#27;[39m &amp#27;[37m/session/4ee65dfc-ff3c-48b7-85e1-2129c14fce3f/context&amp#27;[39m &amp#27;[90m{}&amp#27;[39m
&amp#27;[38;5;176m[4ee65dfc]&amp#27;[0m&amp#27;[38;5;-73m[AndroidUiautomator2Driver@1191]&amp#27;[0m Calling AppiumDriver.getCurrentContext() with args: ["4ee65dfc-ff3c-48b7-85e1-2129c14fce3f"]
&amp#27;[38;5;176m[4ee65dfc]&amp#27;[0m&amp#27;[38;5;-73m[AndroidUiautomator2Driver@1191]&amp#27;[0m Responding to client with driver.getCurrentContext() result: "NATIVE_APP"
&amp#27;[38;5;176m[4ee65dfc]&amp#27;[0m&amp#27;[38;5;86m[HTTP]&amp#27;[0m &amp#27;[37m<-- GET /session/4ee65dfc-ff3c-48b7-85e1-2129c14fce3f/context &amp#27;[39m&amp#27;[32m200&amp#27;[39m &amp#27;[90m1 ms - 22&amp#27;[39m &amp#27;[90m&amp#27;[39m
&amp#27;[38;5;176m[4ee65dfc]&amp#27;[0m&amp#27;[38;5;86m[HTTP]&amp#27;[0m &amp#27;[37m-->&amp#27;[39m &amp#27;[37mPOST&amp#27;[39m &amp#27;[37m/session/4ee65dfc-ff3c-48b7-85e1-2129c14fce3f/element&amp#27;[39m &amp#27;[90m{"using":"id","value":"android:id/button1"}&amp#27;[39m
&amp#27;[38;5;176m[4ee65dfc]&amp#27;[0m&amp#27;[38;5;-73m[AndroidUiautomator2Driver@1191]&amp#27;[0m Calling AppiumDriver.findElement() with args: ["id","android:id/button1","4ee65dfc-ff3c-48b7-85e1-2129c14fce3f"]
&amp#27;[38;5;176m[4ee65dfc]&amp#27;[0m&amp#27;[38;5;-73m[AndroidUiautomator2Driver@1191]&amp#27;[0m Valid locator strategies for this request: xpath, id, class name, accessibility id, css selector, -android uiautomator
&amp#27;[38;5;176m[4ee65dfc]&amp#27;[0m&amp#27;[38;5;-73m[AndroidUiautomator2Driver@1191]&amp#27;[0m Waiting up to 10000 ms for condition
&amp#27;[38;5;176m[4ee65dfc]&amp#27;[0m&amp#27;[38;5;-73m[AndroidUiautomator2Driver@1191]&amp#27;[0m Matched '/element' to command name 'findElement'
&amp#27;[38;5;176m[4ee65dfc]&amp#27;[0m&amp#27;[38;5;-73m[AndroidUiautomator2Driver@1191]&amp#27;[0m Proxying [POST /element] to [POST http://127.0.0.1:8200/session/a5dc0d01-ac2a-4f53-896c-8b4849fdc827/element] with body: {"strategy":"id","selector":"android:id/button1","context":"","multiple":false}
&amp#27;[38;5;176m[4ee65dfc]&amp#27;[0m&amp#27;[38;5;-73m[AndroidUiautomator2Driver@1191]&amp#27;[0m Got response with status 200: {"sessionId":"a5dc0d01-ac2a-4f53-896c-8b4849fdc827","value":{"ELEMENT":"00000000-0000-05c6-ffff-ffff000000c4","element-6066-11e4-a52e-4f735466cecf":"00000000-0000-05c6-ffff-ffff000000c4"}}
&amp#27;[38;5;176m[4ee65dfc]&amp#27;[0m&amp#27;[38;5;-73m[AndroidUiautomator2Driver@1191]&amp#27;[0m Responding to client with driver.findElement() result: {"element-6066-11e4-a52e-4f735466cecf":"00000000-0000-05c6-ffff-ffff000000c4","ELEMENT":"00000000-0000-05c6-ffff-ffff000000c4"}
&amp#27;[38;5;176m[4ee65dfc]&amp#27;[0m&amp#27;[38;5;86m[HTTP]&amp#27;[0m &amp#27;[37m<-- POST /session/4ee65dfc-ff3c-48b7-85e1-2129c14fce3f/element &amp#27;[39m&amp#27;[32m200&amp#27;[39m &amp#27;[90m80 ms - 137&amp#27;[39m &amp#27;[90m&amp#27;[39m
&amp#27;[38;5;176m[4ee65dfc]&amp#27;[0m&amp#27;[38;5;86m[HTTP]&amp#27;[0m &amp#27;[37m-->&amp#27;[39m &amp#27;[37mPOST&amp#27;[39m &amp#27;[37m/session/4ee65dfc-ff3c-48b7-85e1-2129c14fce3f/element/00000000-0000-05c6-ffff-ffff000000c4/click&amp#27;[39m &amp#27;[90m{"id":"00000000-0000-05c6-ffff-ffff000000c4"}&amp#27;[39m
&amp#27;[38;5;176m[4ee65dfc]&amp#27;[0m&amp#27;[38;5;-73m[AndroidUiautomator2Driver@1191]&amp#27;[0m Calling AppiumDriver.click() with args: ["00000000-0000-05c6-ffff-ffff000000c4","4ee65dfc-ff3c-48b7-85e1-2129c14fce3f"]
&amp#27;[38;5;176m[4ee65dfc]&amp#27;[0m&amp#27;[38;5;-73m[AndroidUiautomator2Driver@1191]&amp#27;[0m Matched '/element/00000000-0000-05c6-ffff-ffff000000c4/click' to command name 'click'
&amp#27;[38;5;176m[4ee65dfc]&amp#27;[0m&amp#27;[38;5;-73m[AndroidUiautomator2Driver@1191]&amp#27;[0m Proxying [POST /element/00000000-0000-05c6-ffff-ffff000000c4/click] to [POST http://127.0.0.1:8200/session/a5dc0d01-ac2a-4f53-896c-8b4849fdc827/element/00000000-0000-05c6-ffff-ffff000000c4/click] with body: {"element":"00000000-0000-05c6-ffff-ffff000000c4"}
&amp#27;[38;5;176m[4ee65dfc]&amp#27;[0m&amp#27;[38;5;-73m[AndroidUiautomator2Driver@1191]&amp#27;[0m Got response with status 200: {"sessionId":"a5dc0d01-ac2a-4f53-896c-8b4849fdc827","value":null}
&amp#27;[38;5;176m[4ee65dfc]&amp#27;[0m&amp#27;[38;5;-73m[AndroidUiautomator2Driver@1191]&amp#27;[0m Responding to client with driver.click() result: null
&amp#27;[38;5;176m[4ee65dfc]&amp#27;[0m&amp#27;[38;5;86m[HTTP]&amp#27;[0m &amp#27;[37m<-- POST /session/4ee65dfc-ff3c-48b7-85e1-2129c14fce3f/element/00000000-0000-05c6-ffff-ffff000000c4/click &amp#27;[39m&amp#27;[32m200&amp#27;[39m &amp#27;[90m99 ms - 14&amp#27;[39m &amp#27;[90m&amp#27;[39m
]]></system-out>
  </testcase>
  <testcase name="proceed" classname="DataProviderFirst.DataProvider1" time="6.585">
    <system-out><![CDATA[&amp#27;[38;5;176m[4ee65dfc]&amp#27;[0m&amp#27;[38;5;86m[HTTP]&amp#27;[0m &amp#27;[37m-->&amp#27;[39m &amp#27;[37mGET&amp#27;[39m &amp#27;[37m/session/4ee65dfc-ff3c-48b7-85e1-2129c14fce3f/context&amp#27;[39m &amp#27;[90m{}&amp#27;[39m
&amp#27;[38;5;176m[4ee65dfc]&amp#27;[0m&amp#27;[38;5;-73m[AndroidUiautomator2Driver@1191]&amp#27;[0m Calling AppiumDriver.getCurrentContext() with args: ["4ee65dfc-ff3c-48b7-85e1-2129c14fce3f"]
&amp#27;[38;5;176m[4ee65dfc]&amp#27;[0m&amp#27;[38;5;-73m[AndroidUiautomator2Driver@1191]&amp#27;[0m Responding to client with driver.getCurrentContext() result: "NATIVE_APP"
&amp#27;[38;5;176m[4ee65dfc]&amp#27;[0m&amp#27;[38;5;86m[HTTP]&amp#27;[0m &amp#27;[37m<-- GET /session/4ee65dfc-ff3c-48b7-85e1-2129c14fce3f/context &amp#27;[39m&amp#27;[32m200&amp#27;[39m &amp#27;[90m1 ms - 22&amp#27;[39m &amp#27;[90m&amp#27;[39m
&amp#27;[38;5;176m[4ee65dfc]&amp#27;[0m&amp#27;[38;5;86m[HTTP]&amp#27;[0m &amp#27;[37m-->&amp#27;[39m &amp#27;[37mPOST&amp#27;[39m &amp#27;[37m/session/4ee65dfc-ff3c-48b7-85e1-2129c14fce3f/element&amp#27;[39m &amp#27;[90m{"using":"class name","value":"android.widget.CheckBox"}&amp#27;[39m
&amp#27;[38;5;176m[4ee65dfc]&amp#27;[0m&amp#27;[38;5;-73m[AndroidUiautomator2Driver@1191]&amp#27;[0m Calling AppiumDriver.findElement() with args: ["class name","android.widget.CheckBox","4ee65dfc-ff3c-48b7-85e1-2129c14fce3f"]
&amp#27;[38;5;176m[4ee65dfc]&amp#27;[0m&amp#27;[38;5;-73m[AndroidUiautomator2Driver@1191]&amp#27;[0m Valid locator strategies for this request: xpath, id, class name, accessibility id, css selector, -android uiautomator
&amp#27;[38;5;176m[4ee65dfc]&amp#27;[0m&amp#27;[38;5;-73m[AndroidUiautomator2Driver@1191]&amp#27;[0m Waiting up to 10000 ms for condition
&amp#27;[38;5;176m[4ee65dfc]&amp#27;[0m&amp#27;[38;5;-73m[AndroidUiautomator2Driver@1191]&amp#27;[0m Matched '/element' to command name 'findElement'
&amp#27;[38;5;176m[4ee65dfc]&amp#27;[0m&amp#27;[38;5;-73m[AndroidUiautomator2Driver@1191]&amp#27;[0m Proxying [POST /element] to [POST http://127.0.0.1:8200/session/a5dc0d01-ac2a-4f53-896c-8b4849fdc827/element] with body: {"strategy":"class name","selector":"android.widget.CheckBox","context":"","multiple":false}
&amp#27;[38;5;176m[4ee65dfc]&amp#27;[0m&amp#27;[38;5;-73m[AndroidUiautomator2Driver@1191]&amp#27;[0m Got response with status 200: {"sessionId":"a5dc0d01-ac2a-4f53-896c-8b4849fdc827","value":{"ELEMENT":"00000000-0000-05c5-ffff-ffff0000009e","element-6066-11e4-a52e-4f735466cecf":"00000000-0000-05c5-ffff-ffff0000009e"}}
&amp#27;[38;5;176m[4ee65dfc]&amp#27;[0m&amp#27;[38;5;-73m[AndroidUiautomator2Driver@1191]&amp#27;[0m Responding to client with driver.findElement() result: {"element-6066-11e4-a52e-4f735466cecf":"00000000-0000-05c5-ffff-ffff0000009e","ELEMENT":"00000000-0000-05c5-ffff-ffff0000009e"}
&amp#27;[38;5;176m[4ee65dfc]&amp#27;[0m&amp#27;[38;5;86m[HTTP]&amp#27;[0m &amp#27;[37m<-- POST /session/4ee65dfc-ff3c-48b7-85e1-2129c14fce3f/element &amp#27;[39m&amp#27;[32m200&amp#27;[39m &amp#27;[90m514 ms - 137&amp#27;[39m &amp#27;[90m&amp#27;[39m
&amp#27;[38;5;176m[4ee65dfc]&amp#27;[0m&amp#27;[38;5;86m[HTTP]&amp#27;[0m &amp#27;[37m-->&amp#27;[39m &amp#27;[37mPOST&amp#27;[39m &amp#27;[37m/session/4ee65dfc-ff3c-48b7-85e1-2129c14fce3f/element/00000000-0000-05c5-ffff-ffff0000009e/click&amp#27;[39m &amp#27;[90m{"id":"00000000-0000-05c5-ffff-ffff0000009e"}&amp#27;[39m
&amp#27;[38;5;176m[4ee65dfc]&amp#27;[0m&amp#27;[38;5;-73m[AndroidUiautomator2Driver@1191]&amp#27;[0m Calling AppiumDriver.click() with args: ["00000000-0000-05c5-ffff-ffff0000009e","4ee65dfc-ff3c-48b7-85e1-2129c14fce3f"]
&amp#27;[38;5;176m[4ee65dfc]&amp#27;[0m&amp#27;[38;5;-73m[AndroidUiautomator2Driver@1191]&amp#27;[0m Matched '/element/00000000-0000-05c5-ffff-ffff0000009e/click' to command name 'click'
&amp#27;[38;5;176m[4ee65dfc]&amp#27;[0m&amp#27;[38;5;-73m[AndroidUiautomator2Driver@1191]&amp#27;[0m Proxying [POST /element/00000000-0000-05c5-ffff-ffff0000009e/click] to [POST http://127.0.0.1:8200/session/a5dc0d01-ac2a-4f53-896c-8b4849fdc827/element/00000000-0000-05c5-ffff-ffff0000009e/click] with body: {"element":"00000000-0000-05c5-ffff-ffff0000009e"}
&amp#27;[38;5;176m[4ee65dfc]&amp#27;[0m&amp#27;[38;5;-73m[AndroidUiautomator2Driver@1191]&amp#27;[0m Got response with status 200: {"sessionId":"a5dc0d01-ac2a-4f53-896c-8b4849fdc827","value":null}
&amp#27;[38;5;176m[4ee65dfc]&amp#27;[0m&amp#27;[38;5;-73m[AndroidUiautomator2Driver@1191]&amp#27;[0m Responding to client with driver.click() result: null
&amp#27;[38;5;176m[4ee65dfc]&amp#27;[0m&amp#27;[38;5;86m[HTTP]&amp#27;[0m &amp#27;[37m<-- POST /session/4ee65dfc-ff3c-48b7-85e1-2129c14fce3f/element/00000000-0000-05c5-ffff-ffff0000009e/click &amp#27;[39m&amp#27;[32m200&amp#27;[39m &amp#27;[90m104 ms - 14&amp#27;[39m &amp#27;[90m&amp#27;[39m
&amp#27;[38;5;176m[4ee65dfc]&amp#27;[0m&amp#27;[38;5;86m[HTTP]&amp#27;[0m &amp#27;[37m-->&amp#27;[39m &amp#27;[37mGET&amp#27;[39m &amp#27;[37m/session/4ee65dfc-ff3c-48b7-85e1-2129c14fce3f/context&amp#27;[39m &amp#27;[90m{}&amp#27;[39m
&amp#27;[38;5;176m[4ee65dfc]&amp#27;[0m&amp#27;[38;5;-73m[AndroidUiautomator2Driver@1191]&amp#27;[0m Calling AppiumDriver.getCurrentContext() with args: ["4ee65dfc-ff3c-48b7-85e1-2129c14fce3f"]
&amp#27;[38;5;176m[4ee65dfc]&amp#27;[0m&amp#27;[38;5;-73m[AndroidUiautomator2Driver@1191]&amp#27;[0m Responding to client with driver.getCurrentContext() result: "NATIVE_APP"
&amp#27;[38;5;176m[4ee65dfc]&amp#27;[0m&amp#27;[38;5;86m[HTTP]&amp#27;[0m &amp#27;[37m<-- GET /session/4ee65dfc-ff3c-48b7-85e1-2129c14fce3f/context &amp#27;[39m&amp#27;[32m200&amp#27;[39m &amp#27;[90m1 ms - 22&amp#27;[39m &amp#27;[90m&amp#27;[39m
&amp#27;[38;5;176m[4ee65dfc]&amp#27;[0m&amp#27;[38;5;86m[HTTP]&amp#27;[0m &amp#27;[37m-->&amp#27;[39m &amp#27;[37mPOST&amp#27;[39m &amp#27;[37m/session/4ee65dfc-ff3c-48b7-85e1-2129c14fce3f/element&amp#27;[39m &amp#27;[90m{"using":"id","value":"com.androidsample.generalstore:id/btnProceed"}&amp#27;[39m
&amp#27;[38;5;176m[4ee65dfc]&amp#27;[0m&amp#27;[38;5;-73m[AndroidUiautomator2Driver@1191]&amp#27;[0m Calling AppiumDriver.findElement() with args: ["id","com.androidsample.generalstore:id/btnProceed","4ee65dfc-ff3c-48b7-85e1-2129c14fce3f"]
&amp#27;[38;5;176m[4ee65dfc]&amp#27;[0m&amp#27;[38;5;-73m[AndroidUiautomator2Driver@1191]&amp#27;[0m Valid locator strategies for this request: xpath, id, class name, accessibility id, css selector, -android uiautomator
&amp#27;[38;5;176m[4ee65dfc]&amp#27;[0m&amp#27;[38;5;-73m[AndroidUiautomator2Driver@1191]&amp#27;[0m Waiting up to 10000 ms for condition
&amp#27;[38;5;176m[4ee65dfc]&amp#27;[0m&amp#27;[38;5;-73m[AndroidUiautomator2Driver@1191]&amp#27;[0m Matched '/element' to command name 'findElement'
&amp#27;[38;5;176m[4ee65dfc]&amp#27;[0m&amp#27;[38;5;-73m[AndroidUiautomator2Driver@1191]&amp#27;[0m Proxying [POST /element] to [POST http://127.0.0.1:8200/session/a5dc0d01-ac2a-4f53-896c-8b4849fdc827/element] with body: {"strategy":"id","selector":"com.androidsample.generalstore:id/btnProceed","context":"","multiple":false}
&amp#27;[38;5;176m[4ee65dfc]&amp#27;[0m&amp#27;[38;5;-73m[AndroidUiautomator2Driver@1191]&amp#27;[0m Got response with status 200: {"sessionId":"a5dc0d01-ac2a-4f53-896c-8b4849fdc827","value":{"ELEMENT":"00000000-0000-05c5-ffff-ffff0000009f","element-6066-11e4-a52e-4f735466cecf":"00000000-0000-05c5-ffff-ffff0000009f"}}
&amp#27;[38;5;176m[4ee65dfc]&amp#27;[0m&amp#27;[38;5;-73m[AndroidUiautomator2Driver@1191]&amp#27;[0m Responding to client with driver.findElement() result: {"element-6066-11e4-a52e-4f735466cecf":"00000000-0000-05c5-ffff-ffff0000009f","ELEMENT":"00000000-0000-05c5-ffff-ffff0000009f"}
&amp#27;[38;5;176m[4ee65dfc]&amp#27;[0m&amp#27;[38;5;86m[HTTP]&amp#27;[0m &amp#27;[37m<-- POST /session/4ee65dfc-ff3c-48b7-85e1-2129c14fce3f/element &amp#27;[39m&amp#27;[32m200&amp#27;[39m &amp#27;[90m694 ms - 137&amp#27;[39m &amp#27;[90m&amp#27;[39m
&amp#27;[38;5;176m[4ee65dfc]&amp#27;[0m&amp#27;[38;5;86m[HTTP]&amp#27;[0m &amp#27;[37m-->&amp#27;[39m &amp#27;[37mPOST&amp#27;[39m &amp#27;[37m/session/4ee65dfc-ff3c-48b7-85e1-2129c14fce3f/element/00000000-0000-05c5-ffff-ffff0000009f/click&amp#27;[39m &amp#27;[90m{"id":"00000000-0000-05c5-ffff-ffff0000009f"}&amp#27;[39m
&amp#27;[38;5;176m[4ee65dfc]&amp#27;[0m&amp#27;[38;5;-73m[AndroidUiautomator2Driver@1191]&amp#27;[0m Calling AppiumDriver.click() with args: ["00000000-0000-05c5-ffff-ffff0000009f","4ee65dfc-ff3c-48b7-85e1-2129c14fce3f"]
&amp#27;[38;5;176m[4ee65dfc]&amp#27;[0m&amp#27;[38;5;-73m[AndroidUiautomator2Driver@1191]&amp#27;[0m Matched '/element/00000000-0000-05c5-ffff-ffff0000009f/click' to command name 'click'
&amp#27;[38;5;176m[4ee65dfc]&amp#27;[0m&amp#27;[38;5;-73m[AndroidUiautomator2Driver@1191]&amp#27;[0m Proxying [POST /element/00000000-0000-05c5-ffff-ffff0000009f/click] to [POST http://127.0.0.1:8200/session/a5dc0d01-ac2a-4f53-896c-8b4849fdc827/element/00000000-0000-05c5-ffff-ffff0000009f/click] with body: {"element":"00000000-0000-05c5-ffff-ffff0000009f"}
&amp#27;[38;5;176m[4ee65dfc]&amp#27;[0m&amp#27;[38;5;-73m[AndroidUiautomator2Driver@1191]&amp#27;[0m Got response with status 200: {"sessionId":"a5dc0d01-ac2a-4f53-896c-8b4849fdc827","value":null}
&amp#27;[38;5;176m[4ee65dfc]&amp#27;[0m&amp#27;[38;5;-73m[AndroidUiautomator2Driver@1191]&amp#27;[0m Responding to client with driver.click() result: null
&amp#27;[38;5;176m[4ee65dfc]&amp#27;[0m&amp#27;[38;5;86m[HTTP]&amp#27;[0m &amp#27;[37m<-- POST /session/4ee65dfc-ff3c-48b7-85e1-2129c14fce3f/element/00000000-0000-05c5-ffff-ffff0000009f/click &amp#27;[39m&amp#27;[32m200&amp#27;[39m &amp#27;[90m107 ms - 14&amp#27;[39m &amp#27;[90m&amp#27;[39m
]]></system-out>
  </testcase>
</testsuite>